<?xml version = "1.0" ?>
<?xml:stylesheet type="text/xsl" href="test-absen.xsl"?>
<!DOCTYPE GRID [
  <!ELEMENT GRID (BANDS, COLUMNS, ROWS*)>
  <!ATTLIST GRID ExportVersion CDATA #REQUIRED>
  <!ELEMENT BANDS (BAND*)>
  <!ELEMENT BAND EMPTY>
  <!ATTLIST BAND Index CDATA #REQUIRED>
  <!ATTLIST BAND Caption CDATA #IMPLIED>
  <!ELEMENT COLUMNS (COLUMN*)>
  <!ELEMENT COLUMN EMPTY>
  <!ATTLIST COLUMN Name CDATA #REQUIRED>
  <!ATTLIST COLUMN Caption CDATA #IMPLIED>
  <!ATTLIST COLUMN Index CDATA #REQUIRED>
  <!ATTLIST COLUMN BandIndex CDATA #REQUIRED>
  <!ATTLIST COLUMN RowIndex CDATA #REQUIRED>
  <!ATTLIST COLUMN ColIndex CDATA #REQUIRED>
  <!ATTLIST COLUMN Width CDATA #IMPLIED>
  <!ELEMENT GROUP (GROUP*, ROW*)>
  <!ATTLIST GROUP GroupText CDATA #IMPLIED>
  <!ELEMENT ROWS (ROW*)>
  <!ELEMENT ROW EMPTY>
  <!ATTLIST ROW dbg_scanlogscan_date CDATA #IMPLIED>
  <!ATTLIST ROW dbg_scanlogtgl CDATA #IMPLIED>
  <!ATTLIST ROW dbg_scanlogjam CDATA #IMPLIED>
  <!ATTLIST ROW dbg_scanlogpin CDATA #IMPLIED>
  <!ATTLIST ROW dbg_scanlogpegawai_nip CDATA #IMPLIED>
  <!ATTLIST ROW dbg_scanlogpegawai_nama CDATA #IMPLIED>
  <!ATTLIST ROW dbg_scanlogpembagian1_nama CDATA #IMPLIED>
  <!ATTLIST ROW dbg_scanlogpembagian2_nama CDATA #IMPLIED>
  <!ATTLIST ROW dbg_scanlogpembagian3_nama CDATA #IMPLIED>
  <!ATTLIST ROW dbg_scanlogverifymode CDATA #IMPLIED>
  <!ATTLIST ROW dbg_scanloginoutmode CDATA #IMPLIED>
  <!ATTLIST ROW dbg_scanlogwork_code CDATA #IMPLIED>
  <!ATTLIST ROW dbg_scanlogsn CDATA #IMPLIED>
  <!ATTLIST ROW dbg_scanlogdevice_name CDATA #IMPLIED>
]>
<GRID ExportVersion="1.0">
  <BANDS>
    <BAND Index="0" Caption=""></BAND>
  </BANDS>
  <COLUMNS>
    <COLUMN Name="dbg_scanlogscan_date" Caption="Tanggal scan" Index="0" BandIndex="0" RowIndex="0" ColIndex="0" Width="109"></COLUMN>
    <COLUMN Name="dbg_scanlogtgl" Caption="Tanggal" Index="1" BandIndex="0" RowIndex="0" ColIndex="1" Width="64"></COLUMN>
    <COLUMN Name="dbg_scanlogjam" Caption="Jam" Index="2" BandIndex="0" RowIndex="0" ColIndex="2" Width="50"></COLUMN>
    <COLUMN Name="dbg_scanlogpin" Caption="PIN" Index="3" BandIndex="0" RowIndex="0" ColIndex="3" Width="38"></COLUMN>
    <COLUMN Name="dbg_scanlogpegawai_nip" Caption="NIP" Index="4" BandIndex="0" RowIndex="0" ColIndex="4" Width="38"></COLUMN>
    <COLUMN Name="dbg_scanlogpegawai_nama" Caption="Nama" Index="5" BandIndex="0" RowIndex="0" ColIndex="5" Width="133"></COLUMN>
    <COLUMN Name="dbg_scanlogpembagian1_nama" Caption="Jabatan" Index="6" BandIndex="0" RowIndex="0" ColIndex="6" Width="61"></COLUMN>
    <COLUMN Name="dbg_scanlogpembagian2_nama" Caption="Divisi" Index="7" BandIndex="0" RowIndex="0" ColIndex="7" Width="100"></COLUMN>
    <COLUMN Name="dbg_scanlogpembagian3_nama" Caption="Kantor" Index="8" BandIndex="0" RowIndex="0" ColIndex="8" Width="66"></COLUMN>
    <COLUMN Name="dbg_scanlogverifymode" Caption="Verifikasi" Index="9" BandIndex="0" RowIndex="0" ColIndex="9" Width="68"></COLUMN>
    <COLUMN Name="dbg_scanloginoutmode" Caption="I/O" Index="10" BandIndex="0" RowIndex="0" ColIndex="10" Width="36"></COLUMN>
    <COLUMN Name="dbg_scanlogwork_code" Caption="Workcode" Index="11" BandIndex="0" RowIndex="0" ColIndex="11" Width="72"></COLUMN>
    <COLUMN Name="dbg_scanlogsn" Caption="SN" Index="12" BandIndex="0" RowIndex="0" ColIndex="12" Width="114"></COLUMN>
    <COLUMN Name="dbg_scanlogdevice_name" Caption="Mesin" Index="13" BandIndex="0" RowIndex="0" ColIndex="13" Width="66"></COLUMN>
  </COLUMNS>
  <ROWS>
    <ROW dbg_scanlogscan_date="2022-07-27T19:27:59" dbg_scanlogtgl="2022-07-27" dbg_scanlogjam="19:27:59" dbg_scanlogpin="1060" dbg_scanlogpegawai_nip="07" dbg_scanlogpegawai_nama="Nur Aeni Arifin" dbg_scanlogpembagian1_nama="" dbg_scanlogpembagian2_nama="Corporate Finance" dbg_scanlogpembagian3_nama="Head Office" dbg_scanlogverifymode="1" dbg_scanloginoutmode="2" dbg_scanlogwork_code="0" dbg_scanlogsn="FIO616202019511909" dbg_scanlogdevice_name="Head Office"></ROW>
    <ROW dbg_scanlogscan_date="2022-07-28T18:51:54" dbg_scanlogtgl="2022-07-28" dbg_scanlogjam="18:51:54" dbg_scanlogpin="1060" dbg_scanlogpegawai_nip="07" dbg_scanlogpegawai_nama="Nur Aeni Arifin" dbg_scanlogpembagian1_nama="" dbg_scanlogpembagian2_nama="Corporate Finance" dbg_scanlogpembagian3_nama="Head Office" dbg_scanlogverifymode="1" dbg_scanloginoutmode="2" dbg_scanlogwork_code="0" dbg_scanlogsn="FIO616202019511909" dbg_scanlogdevice_name="Head Office"></ROW>
    <ROW dbg_scanlogscan_date="2022-07-29T18:19:16" dbg_scanlogtgl="2022-07-29" dbg_scanlogjam="18:19:16" dbg_scanlogpin="1060" dbg_scanlogpegawai_nip="07" dbg_scanlogpegawai_nama="Nur Aeni Arifin" dbg_scanlogpembagian1_nama="" dbg_scanlogpembagian2_nama="Corporate Finance" dbg_scanlogpembagian3_nama="Head Office" dbg_scanlogverifymode="1" dbg_scanloginoutmode="2" dbg_scanlogwork_code="0" dbg_scanlogsn="FIO616202019511909" dbg_scanlogdevice_name="Head Office"></ROW>
    <ROW dbg_scanlogscan_date="2022-07-25T10:32:39" dbg_scanlogtgl="2022-07-25" dbg_scanlogjam="10:32:39" dbg_scanlogpin="1070" dbg_scanlogpegawai_nip="08" dbg_scanlogpegawai_nama="Primaveira Prameswari" dbg_scanlogpembagian1_nama="" dbg_scanlogpembagian2_nama="COO" dbg_scanlogpembagian3_nama="Head Office" dbg_scanlogverifymode="1" dbg_scanloginoutmode="1" dbg_scanlogwork_code="0" dbg_scanlogsn="FIO616202019511909" dbg_scanlogdevice_name="Head Office"></ROW>
    <ROW dbg_scanlogscan_date="2022-07-25T18:22:19" dbg_scanlogtgl="2022-07-25" dbg_scanlogjam="18:22:19" dbg_scanlogpin="1070" dbg_scanlogpegawai_nip="08" dbg_scanlogpegawai_nama="Primaveira Prameswari" dbg_scanlogpembagian1_nama="" dbg_scanlogpembagian2_nama="COO" dbg_scanlogpembagian3_nama="Head Office" dbg_scanlogverifymode="1" dbg_scanloginoutmode="2" dbg_scanlogwork_code="0" dbg_scanlogsn="FIO616202019511909" dbg_scanlogdevice_name="Head Office"></ROW>
    <ROW dbg_scanlogscan_date="2022-07-26T13:00:56" dbg_scanlogtgl="2022-07-26" dbg_scanlogjam="13:00:56" dbg_scanlogpin="1070" dbg_scanlogpegawai_nip="08" dbg_scanlogpegawai_nama="Primaveira Prameswari" dbg_scanlogpembagian1_nama="" dbg_scanlogpembagian2_nama="COO" dbg_scanlogpembagian3_nama="Head Office" dbg_scanlogverifymode="1" dbg_scanloginoutmode="1" dbg_scanlogwork_code="0" dbg_scanlogsn="FIO616202019511909" dbg_scanlogdevice_name="Head Office"></ROW>
    <ROW dbg_scanlogscan_date="2022-07-26T18:41:43" dbg_scanlogtgl="2022-07-26" dbg_scanlogjam="18:41:43" dbg_scanlogpin="1070" dbg_scanlogpegawai_nip="08" dbg_scanlogpegawai_nama="Primaveira Prameswari" dbg_scanlogpembagian1_nama="" dbg_scanlogpembagian2_nama="COO" dbg_scanlogpembagian3_nama="Head Office" dbg_scanlogverifymode="3" dbg_scanloginoutmode="2" dbg_scanlogwork_code="0" dbg_scanlogsn="FIO616202019511909" dbg_scanlogdevice_name="Head Office"></ROW>
    <ROW dbg_scanlogscan_date="2022-07-27T09:59:49" dbg_scanlogtgl="2022-07-27" dbg_scanlogjam="09:59:49" dbg_scanlogpin="1070" dbg_scanlogpegawai_nip="08" dbg_scanlogpegawai_nama="Primaveira Prameswari" dbg_scanlogpembagian1_nama="" dbg_scanlogpembagian2_nama="COO" dbg_scanlogpembagian3_nama="Head Office" dbg_scanlogverifymode="1" dbg_scanloginoutmode="1" dbg_scanlogwork_code="0" dbg_scanlogsn="FIO616202019511909" dbg_scanlogdevice_name="Head Office"></ROW>
    <ROW dbg_scanlogscan_date="2022-07-27T19:27:41" dbg_scanlogtgl="2022-07-27" dbg_scanlogjam="19:27:41" dbg_scanlogpin="1070" dbg_scanlogpegawai_nip="08" dbg_scanlogpegawai_nama="Primaveira Prameswari" dbg_scanlogpembagian1_nama="" dbg_scanlogpembagian2_nama="COO" dbg_scanlogpembagian3_nama="Head Office" dbg_scanlogverifymode="1" dbg_scanloginoutmode="2" dbg_scanlogwork_code="0" dbg_scanlogsn="FIO616202019511909" dbg_scanlogdevice_name="Head Office"></ROW>
    <ROW dbg_scanlogscan_date="2022-07-28T11:49:56" dbg_scanlogtgl="2022-07-28" dbg_scanlogjam="11:49:56" dbg_scanlogpin="1070" dbg_scanlogpegawai_nip="08" dbg_scanlogpegawai_nama="Primaveira Prameswari" dbg_scanlogpembagian1_nama="" dbg_scanlogpembagian2_nama="COO" dbg_scanlogpembagian3_nama="Head Office" dbg_scanlogverifymode="1" dbg_scanloginoutmode="1" dbg_scanlogwork_code="0" dbg_scanlogsn="FIO616202019511909" dbg_scanlogdevice_name="Head Office"></ROW>
    <ROW dbg_scanlogscan_date="2022-07-28T18:45:37" dbg_scanlogtgl="2022-07-28" dbg_scanlogjam="18:45:37" dbg_scanlogpin="1070" dbg_scanlogpegawai_nip="08" dbg_scanlogpegawai_nama="Primaveira Prameswari" dbg_scanlogpembagian1_nama="" dbg_scanlogpembagian2_nama="COO" dbg_scanlogpembagian3_nama="Head Office" dbg_scanlogverifymode="1" dbg_scanloginoutmode="2" dbg_scanlogwork_code="0" dbg_scanlogsn="FIO616202019511909" dbg_scanlogdevice_name="Head Office"></ROW>
    <ROW dbg_scanlogscan_date="2022-07-29T11:39:02" dbg_scanlogtgl="2022-07-29" dbg_scanlogjam="11:39:02" dbg_scanlogpin="1070" dbg_scanlogpegawai_nip="08" dbg_scanlogpegawai_nama="Primaveira Prameswari" dbg_scanlogpembagian1_nama="" dbg_scanlogpembagian2_nama="COO" dbg_scanlogpembagian3_nama="Head Office" dbg_scanlogverifymode="1" dbg_scanloginoutmode="1" dbg_scanlogwork_code="0" dbg_scanlogsn="FIO616202019511909" dbg_scanlogdevice_name="Head Office"></ROW>
    <ROW dbg_scanlogscan_date="2022-07-29T18:19:46" dbg_scanlogtgl="2022-07-29" dbg_scanlogjam="18:19:46" dbg_scanlogpin="1070" dbg_scanlogpegawai_nip="08" dbg_scanlogpegawai_nama="Primaveira Prameswari" dbg_scanlogpembagian1_nama="" dbg_scanlogpembagian2_nama="COO" dbg_scanlogpembagian3_nama="Head Office" dbg_scanlogverifymode="1" dbg_scanloginoutmode="2" dbg_scanlogwork_code="0" dbg_scanlogsn="FIO616202019511909" dbg_scanlogdevice_name="Head Office"></ROW>
    <ROW dbg_scanlogscan_date="2022-07-25T08:16:56" dbg_scanlogtgl="2022-07-25" dbg_scanlogjam="08:16:56" dbg_scanlogpin="1080" dbg_scanlogpegawai_nip="14" dbg_scanlogpegawai_nama="Febri Lukmantory Subagio" dbg_scanlogpembagian1_nama="" dbg_scanlogpembagian2_nama="Jupiter-Deni K" dbg_scanlogpembagian3_nama="Head Office" dbg_scanlogverifymode="1" dbg_scanloginoutmode="1" dbg_scanlogwork_code="0" dbg_scanlogsn="FIO616202019511909" dbg_scanlogdevice_name="Head Office"></ROW>
    <ROW dbg_scanlogscan_date="2022-07-25T18:10:54" dbg_scanlogtgl="2022-07-25" dbg_scanlogjam="18:10:54" dbg_scanlogpin="1080" dbg_scanlogpegawai_nip="14" dbg_scanlogpegawai_nama="Febri Lukmantory Subagio" dbg_scanlogpembagian1_nama="" dbg_scanlogpembagian2_nama="Jupiter-Deni K" dbg_scanlogpembagian3_nama="Head Office" dbg_scanlogverifymode="1" dbg_scanloginoutmode="2" dbg_scanlogwork_code="0" dbg_scanlogsn="FIO616202019511909" dbg_scanlogdevice_name="Head Office"></ROW>
    <ROW dbg_scanlogscan_date="2022-07-26T07:27:57" dbg_scanlogtgl="2022-07-26" dbg_scanlogjam="07:27:57" dbg_scanlogpin="1080" dbg_scanlogpegawai_nip="14" dbg_scanlogpegawai_nama="Febri Lukmantory Subagio" dbg_scanlogpembagian1_nama="" dbg_scanlogpembagian2_nama="Jupiter-Deni K" dbg_scanlogpembagian3_nama="Head Office" dbg_scanlogverifymode="1" dbg_scanloginoutmode="1" dbg_scanlogwork_code="0" dbg_scanlogsn="FIO616202019511909" dbg_scanlogdevice_name="Head Office"></ROW>
    <ROW dbg_scanlogscan_date="2022-07-26T17:01:11" dbg_scanlogtgl="2022-07-26" dbg_scanlogjam="17:01:11" dbg_scanlogpin="1080" dbg_scanlogpegawai_nip="14" dbg_scanlogpegawai_nama="Febri Lukmantory Subagio" dbg_scanlogpembagian1_nama="" dbg_scanlogpembagian2_nama="Jupiter-Deni K" dbg_scanlogpembagian3_nama="Head Office" dbg_scanlogverifymode="1" dbg_scanloginoutmode="2" dbg_scanlogwork_code="0" dbg_scanlogsn="FIO616202019511909" dbg_scanlogdevice_name="Head Office"></ROW>
    <ROW dbg_scanlogscan_date="2022-07-29T07:01:05" dbg_scanlogtgl="2022-07-29" dbg_scanlogjam="07:01:05" dbg_scanlogpin="1080" dbg_scanlogpegawai_nip="14" dbg_scanlogpegawai_nama="Febri Lukmantory Subagio" dbg_scanlogpembagian1_nama="" dbg_scanlogpembagian2_nama="Jupiter-Deni K" dbg_scanlogpembagian3_nama="Head Office" dbg_scanlogverifymode="1" dbg_scanloginoutmode="1" dbg_scanlogwork_code="0" dbg_scanlogsn="FIO616202019511909" dbg_scanlogdevice_name="Head Office"></ROW>
    <ROW dbg_scanlogscan_date="2022-07-29T16:58:22" dbg_scanlogtgl="2022-07-29" dbg_scanlogjam="16:58:22" dbg_scanlogpin="1080" dbg_scanlogpegawai_nip="14" dbg_scanlogpegawai_nama="Febri Lukmantory Subagio" dbg_scanlogpembagian1_nama="" dbg_scanlogpembagian2_nama="Jupiter-Deni K" dbg_scanlogpembagian3_nama="Head Office" dbg_scanlogverifymode="1" dbg_scanloginoutmode="2" dbg_scanlogwork_code="0" dbg_scanlogsn="FIO616202019511909" dbg_scanlogdevice_name="Head Office"></ROW>
    <ROW dbg_scanlogscan_date="2022-07-25T09:30:42" dbg_scanlogtgl="2022-07-25" dbg_scanlogjam="09:30:42" dbg_scanlogpin="1120" dbg_scanlogpegawai_nip="48" dbg_scanlogpegawai_nama="Adila Triana Putri" dbg_scanlogpembagian1_nama="" dbg_scanlogpembagian2_nama="Order Management" dbg_scanlogpembagian3_nama="Head Office" dbg_scanlogverifymode="1" dbg_scanloginoutmode="1" dbg_scanlogwork_code="0" dbg_scanlogsn="FIO616202019511909" dbg_scanlogdevice_name="Head Office"></ROW>
    <ROW dbg_scanlogscan_date="2022-07-25T18:18:28" dbg_scanlogtgl="2022-07-25" dbg_scanlogjam="18:18:28" dbg_scanlogpin="1120" dbg_scanlogpegawai_nip="48" dbg_scanlogpegawai_nama="Adila Triana Putri" dbg_scanlogpembagian1_nama="" dbg_scanlogpembagian2_nama="Order Management" dbg_scanlogpembagian3_nama="Head Office" dbg_scanlogverifymode="1" dbg_scanloginoutmode="2" dbg_scanlogwork_code="0" dbg_scanlogsn="FIO616202019511909" dbg_scanlogdevice_name="Head Office"></ROW>
    <ROW dbg_scanlogscan_date="2022-07-26T09:34:45" dbg_scanlogtgl="2022-07-26" dbg_scanlogjam="09:34:45" dbg_scanlogpin="1120" dbg_scanlogpegawai_nip="48" dbg_scanlogpegawai_nama="Adila Triana Putri" dbg_scanlogpembagian1_nama="" dbg_scanlogpembagian2_nama="Order Management" dbg_scanlogpembagian3_nama="Head Office" dbg_scanlogverifymode="1" dbg_scanloginoutmode="1" dbg_scanlogwork_code="0" dbg_scanlogsn="FIO616202019511909" dbg_scanlogdevice_name="Head Office"></ROW>
    <ROW dbg_scanlogscan_date="2022-07-26T18:34:23" dbg_scanlogtgl="2022-07-26" dbg_scanlogjam="18:34:23" dbg_scanlogpin="1120" dbg_scanlogpegawai_nip="48" dbg_scanlogpegawai_nama="Adila Triana Putri" dbg_scanlogpembagian1_nama="" dbg_scanlogpembagian2_nama="Order Management" dbg_scanlogpembagian3_nama="Head Office" dbg_scanlogverifymode="1" dbg_scanloginoutmode="2" dbg_scanlogwork_code="0" dbg_scanlogsn="FIO616202019511909" dbg_scanlogdevice_name="Head Office"></ROW>
    <ROW dbg_scanlogscan_date="2022-07-27T09:22:56" dbg_scanlogtgl="2022-07-27" dbg_scanlogjam="09:22:56" dbg_scanlogpin="1120" dbg_scanlogpegawai_nip="48" dbg_scanlogpegawai_nama="Adila Triana Putri" dbg_scanlogpembagian1_nama="" dbg_scanlogpembagian2_nama="Order Management" dbg_scanlogpembagian3_nama="Head Office" dbg_scanlogverifymode="1" dbg_scanloginoutmode="1" dbg_scanlogwork_code="0" dbg_scanlogsn="FIO616202019511909" dbg_scanlogdevice_name="Head Office"></ROW>
    <ROW dbg_scanlogscan_date="2022-07-27T18:22:27" dbg_scanlogtgl="2022-07-27" dbg_scanlogjam="18:22:27" dbg_scanlogpin="1120" dbg_scanlogpegawai_nip="48" dbg_scanlogpegawai_nama="Adila Triana Putri" dbg_scanlogpembagian1_nama="" dbg_scanlogpembagian2_nama="Order Management" dbg_scanlogpembagian3_nama="Head Office" dbg_scanlogverifymode="1" dbg_scanloginoutmode="2" dbg_scanlogwork_code="0" dbg_scanlogsn="FIO616202019511909" dbg_scanlogdevice_name="Head Office"></ROW>
    <ROW dbg_scanlogscan_date="2022-07-28T09:22:52" dbg_scanlogtgl="2022-07-28" dbg_scanlogjam="09:22:52" dbg_scanlogpin="1120" dbg_scanlogpegawai_nip="48" dbg_scanlogpegawai_nama="Adila Triana Putri" dbg_scanlogpembagian1_nama="" dbg_scanlogpembagian2_nama="Order Management" dbg_scanlogpembagian3_nama="Head Office" dbg_scanlogverifymode="1" dbg_scanloginoutmode="1" dbg_scanlogwork_code="0" dbg_scanlogsn="FIO616202019511909" dbg_scanlogdevice_name="Head Office"></ROW>
    <ROW dbg_scanlogscan_date="2022-07-28T18:48:47" dbg_scanlogtgl="2022-07-28" dbg_scanlogjam="18:48:47" dbg_scanlogpin="1120" dbg_scanlogpegawai_nip="48" dbg_scanlogpegawai_nama="Adila Triana Putri" dbg_scanlogpembagian1_nama="" dbg_scanlogpembagian2_nama="Order Management" dbg_scanlogpembagian3_nama="Head Office" dbg_scanlogverifymode="1" dbg_scanloginoutmode="2" dbg_scanlogwork_code="0" dbg_scanlogsn="FIO616202019511909" dbg_scanlogdevice_name="Head Office"></ROW>
    <ROW dbg_scanlogscan_date="2022-07-29T09:17:09" dbg_scanlogtgl="2022-07-29" dbg_scanlogjam="09:17:09" dbg_scanlogpin="1120" dbg_scanlogpegawai_nip="48" dbg_scanlogpegawai_nama="Adila Triana Putri" dbg_scanlogpembagian1_nama="" dbg_scanlogpembagian2_nama="Order Management" dbg_scanlogpembagian3_nama="Head Office" dbg_scanlogverifymode="1" dbg_scanloginoutmode="1" dbg_scanlogwork_code="0" dbg_scanlogsn="FIO616202019511909" dbg_scanlogdevice_name="Head Office"></ROW>
    <ROW dbg_scanlogscan_date="2022-07-29T18:19:32" dbg_scanlogtgl="2022-07-29" dbg_scanlogjam="18:19:32" dbg_scanlogpin="1120" dbg_scanlogpegawai_nip="48" dbg_scanlogpegawai_nama="Adila Triana Putri" dbg_scanlogpembagian1_nama="" dbg_scanlogpembagian2_nama="Order Management" dbg_scanlogpembagian3_nama="Head Office" dbg_scanlogverifymode="1" dbg_scanloginoutmode="2" dbg_scanlogwork_code="0" dbg_scanlogsn="FIO616202019511909" dbg_scanlogdevice_name="Head Office"></ROW>
    <ROW dbg_scanlogscan_date="2022-07-25T08:22:56" dbg_scanlogtgl="2022-07-25" dbg_scanlogjam="08:22:56" dbg_scanlogpin="1150" dbg_scanlogpegawai_nip="58" dbg_scanlogpegawai_nama="Dhanar Prastya Armadi" dbg_scanlogpembagian1_nama="" dbg_scanlogpembagian2_nama="Vesta-David" dbg_scanlogpembagian3_nama="Head Office" dbg_scanlogverifymode="1" dbg_scanloginoutmode="2" dbg_scanlogwork_code="0" dbg_scanlogsn="FIO616202019511909" dbg_scanlogdevice_name="Head Office"></ROW>
    <ROW dbg_scanlogscan_date="2022-07-25T21:51:04" dbg_scanlogtgl="2022-07-25" dbg_scanlogjam="21:51:04" dbg_scanlogpin="1150" dbg_scanlogpegawai_nip="58" dbg_scanlogpegawai_nama="Dhanar Prastya Armadi" dbg_scanlogpembagian1_nama="" dbg_scanlogpembagian2_nama="Vesta-David" dbg_scanlogpembagian3_nama="Head Office" dbg_scanlogverifymode="1" dbg_scanloginoutmode="1" dbg_scanlogwork_code="0" dbg_scanlogsn="FIO616202019511909" dbg_scanlogdevice_name="Head Office"></ROW>
    <ROW dbg_scanlogscan_date="2022-07-26T07:45:41" dbg_scanlogtgl="2022-07-26" dbg_scanlogjam="07:45:41" dbg_scanlogpin="1150" dbg_scanlogpegawai_nip="58" dbg_scanlogpegawai_nama="Dhanar Prastya Armadi" dbg_scanlogpembagian1_nama="" dbg_scanlogpembagian2_nama="Vesta-David" dbg_scanlogpembagian3_nama="Head Office" dbg_scanlogverifymode="1" dbg_scanloginoutmode="2" dbg_scanlogwork_code="0" dbg_scanlogsn="FIO616202019511909" dbg_scanlogdevice_name="Head Office"></ROW>
    <ROW dbg_scanlogscan_date="2022-07-28T13:51:00" dbg_scanlogtgl="2022-07-28" dbg_scanlogjam="13:51:00" dbg_scanlogpin="1150" dbg_scanlogpegawai_nip="58" dbg_scanlogpegawai_nama="Dhanar Prastya Armadi" dbg_scanlogpembagian1_nama="" dbg_scanlogpembagian2_nama="Vesta-David" dbg_scanlogpembagian3_nama="Head Office" dbg_scanlogverifymode="1" dbg_scanloginoutmode="1" dbg_scanlogwork_code="0" dbg_scanlogsn="FIO616202019511909" dbg_scanlogdevice_name="Head Office"></ROW>
    <ROW dbg_scanlogscan_date="2022-07-29T00:02:42" dbg_scanlogtgl="2022-07-29" dbg_scanlogjam="00:02:42" dbg_scanlogpin="1150" dbg_scanlogpegawai_nip="58" dbg_scanlogpegawai_nama="Dhanar Prastya Armadi" dbg_scanlogpembagian1_nama="" dbg_scanlogpembagian2_nama="Vesta-David" dbg_scanlogpembagian3_nama="Head Office" dbg_scanlogverifymode="1" dbg_scanloginoutmode="2" dbg_scanlogwork_code="0" dbg_scanlogsn="FIO616202019511909" dbg_scanlogdevice_name="Head Office"></ROW>
    <ROW dbg_scanlogscan_date="2022-07-29T14:01:54" dbg_scanlogtgl="2022-07-29" dbg_scanlogjam="14:01:54" dbg_scanlogpin="1150" dbg_scanlogpegawai_nip="58" dbg_scanlogpegawai_nama="Dhanar Prastya Armadi" dbg_scanlogpembagian1_nama="" dbg_scanlogpembagian2_nama="Vesta-David" dbg_scanlogpembagian3_nama="Head Office" dbg_scanlogverifymode="1" dbg_scanloginoutmode="1" dbg_scanlogwork_code="0" dbg_scanlogsn="FIO616202019511909" dbg_scanlogdevice_name="Head Office"></ROW>
    <ROW dbg_scanlogscan_date="2022-07-25T08:37:31" dbg_scanlogtgl="2022-07-25" dbg_scanlogjam="08:37:31" dbg_scanlogpin="1200" dbg_scanlogpegawai_nip="100" dbg_scanlogpegawai_nama="M David Kurniawan" dbg_scanlogpembagian1_nama="" dbg_scanlogpembagian2_nama="RM" dbg_scanlogpembagian3_nama="Head Office" dbg_scanlogverifymode="1" dbg_scanloginoutmode="2" dbg_scanlogwork_code="0" dbg_scanlogsn="FIO616202019511909" dbg_scanlogdevice_name="Head Office"></ROW>
    <ROW dbg_scanlogscan_date="2022-07-25T18:07:20" dbg_scanlogtgl="2022-07-25" dbg_scanlogjam="18:07:20" dbg_scanlogpin="1200" dbg_scanlogpegawai_nip="100" dbg_scanlogpegawai_nama="M David Kurniawan" dbg_scanlogpembagian1_nama="" dbg_scanlogpembagian2_nama="RM" dbg_scanlogpembagian3_nama="Head Office" dbg_scanlogverifymode="1" dbg_scanloginoutmode="2" dbg_scanlogwork_code="0" dbg_scanlogsn="FIO616202019511909" dbg_scanlogdevice_name="Head Office"></ROW>
    <ROW dbg_scanlogscan_date="2022-07-27T08:44:07" dbg_scanlogtgl="2022-07-27" dbg_scanlogjam="08:44:07" dbg_scanlogpin="1200" dbg_scanlogpegawai_nip="100" dbg_scanlogpegawai_nama="M David Kurniawan" dbg_scanlogpembagian1_nama="" dbg_scanlogpembagian2_nama="RM" dbg_scanlogpembagian3_nama="Head Office" dbg_scanlogverifymode="1" dbg_scanloginoutmode="1" dbg_scanlogwork_code="0" dbg_scanlogsn="FIO616202019511909" dbg_scanlogdevice_name="Head Office"></ROW>
    <ROW dbg_scanlogscan_date="2022-07-27T18:04:54" dbg_scanlogtgl="2022-07-27" dbg_scanlogjam="18:04:54" dbg_scanlogpin="1200" dbg_scanlogpegawai_nip="100" dbg_scanlogpegawai_nama="M David Kurniawan" dbg_scanlogpembagian1_nama="" dbg_scanlogpembagian2_nama="RM" dbg_scanlogpembagian3_nama="Head Office" dbg_scanlogverifymode="1" dbg_scanloginoutmode="2" dbg_scanlogwork_code="0" dbg_scanlogsn="FIO616202019511909" dbg_scanlogdevice_name="Head Office"></ROW>
    <ROW dbg_scanlogscan_date="2022-07-28T09:04:01" dbg_scanlogtgl="2022-07-28" dbg_scanlogjam="09:04:01" dbg_scanlogpin="1200" dbg_scanlogpegawai_nip="100" dbg_scanlogpegawai_nama="M David Kurniawan" dbg_scanlogpembagian1_nama="" dbg_scanlogpembagian2_nama="RM" dbg_scanlogpembagian3_nama="Head Office" dbg_scanlogverifymode="1" dbg_scanloginoutmode="1" dbg_scanlogwork_code="0" dbg_scanlogsn="FIO616202019511909" dbg_scanlogdevice_name="Head Office"></ROW>
    <ROW dbg_scanlogscan_date="2022-07-28T18:21:01" dbg_scanlogtgl="2022-07-28" dbg_scanlogjam="18:21:01" dbg_scanlogpin="1200" dbg_scanlogpegawai_nip="100" dbg_scanlogpegawai_nama="M David Kurniawan" dbg_scanlogpembagian1_nama="" dbg_scanlogpembagian2_nama="RM" dbg_scanlogpembagian3_nama="Head Office" dbg_scanlogverifymode="1" dbg_scanloginoutmode="2" dbg_scanlogwork_code="0" dbg_scanlogsn="FIO616202019511909" dbg_scanlogdevice_name="Head Office"></ROW>
    <ROW dbg_scanlogscan_date="2022-07-29T08:33:41" dbg_scanlogtgl="2022-07-29" dbg_scanlogjam="08:33:41" dbg_scanlogpin="1200" dbg_scanlogpegawai_nip="100" dbg_scanlogpegawai_nama="M David Kurniawan" dbg_scanlogpembagian1_nama="" dbg_scanlogpembagian2_nama="RM" dbg_scanlogpembagian3_nama="Head Office" dbg_scanlogverifymode="1" dbg_scanloginoutmode="2" dbg_scanlogwork_code="0" dbg_scanlogsn="FIO616202019511909" dbg_scanlogdevice_name="Head Office"></ROW>
    <ROW dbg_scanlogscan_date="2022-07-29T18:00:46" dbg_scanlogtgl="2022-07-29" dbg_scanlogjam="18:00:46" dbg_scanlogpin="1200" dbg_scanlogpegawai_nip="100" dbg_scanlogpegawai_nama="M David Kurniawan" dbg_scanlogpembagian1_nama="" dbg_scanlogpembagian2_nama="RM" dbg_scanlogpembagian3_nama="Head Office" dbg_scanlogverifymode="1" dbg_scanloginoutmode="2" dbg_scanlogwork_code="0" dbg_scanlogsn="FIO616202019511909" dbg_scanlogdevice_name="Head Office"></ROW>
    <ROW dbg_scanlogscan_date="2022-07-29T10:00:00" dbg_scanlogtgl="2022-07-29" dbg_scanlogjam="10:00:00" dbg_scanlogpin="1210" dbg_scanlogpegawai_nip="107" dbg_scanlogpegawai_nama="Masiffah Mahardika Jusuf" dbg_scanlogpembagian1_nama="" dbg_scanlogpembagian2_nama="COO" dbg_scanlogpembagian3_nama="Head Office" dbg_scanlogverifymode="1" dbg_scanloginoutmode="1" dbg_scanlogwork_code="0" dbg_scanlogsn="FIO616202019511909" dbg_scanlogdevice_name="Head Office"></ROW>
    <ROW dbg_scanlogscan_date="2022-07-29T18:10:15" dbg_scanlogtgl="2022-07-29" dbg_scanlogjam="18:10:15" dbg_scanlogpin="1210" dbg_scanlogpegawai_nip="107" dbg_scanlogpegawai_nama="Masiffah Mahardika Jusuf" dbg_scanlogpembagian1_nama="" dbg_scanlogpembagian2_nama="COO" dbg_scanlogpembagian3_nama="Head Office" dbg_scanlogverifymode="1" dbg_scanloginoutmode="2" dbg_scanlogwork_code="0" dbg_scanlogsn="FIO616202019511909" dbg_scanlogdevice_name="Head Office"></ROW>
    <ROW dbg_scanlogscan_date="2022-07-25T09:31:18" dbg_scanlogtgl="2022-07-25" dbg_scanlogjam="09:31:18" dbg_scanlogpin="1290" dbg_scanlogpegawai_nip="133" dbg_scanlogpegawai_nama="Moh Rizka Haris Pradana" dbg_scanlogpembagian1_nama="" dbg_scanlogpembagian2_nama="Order Management" dbg_scanlogpembagian3_nama="Head Office" dbg_scanlogverifymode="1" dbg_scanloginoutmode="1" dbg_scanlogwork_code="0" dbg_scanlogsn="FIO616202019511909" dbg_scanlogdevice_name="Head Office"></ROW>
    <ROW dbg_scanlogscan_date="2022-07-25T18:23:39" dbg_scanlogtgl="2022-07-25" dbg_scanlogjam="18:23:39" dbg_scanlogpin="1290" dbg_scanlogpegawai_nip="133" dbg_scanlogpegawai_nama="Moh Rizka Haris Pradana" dbg_scanlogpembagian1_nama="" dbg_scanlogpembagian2_nama="Order Management" dbg_scanlogpembagian3_nama="Head Office" dbg_scanlogverifymode="1" dbg_scanloginoutmode="2" dbg_scanlogwork_code="0" dbg_scanlogsn="FIO616202019511909" dbg_scanlogdevice_name="Head Office"></ROW>
    <ROW dbg_scanlogscan_date="2022-07-26T09:07:52" dbg_scanlogtgl="2022-07-26" dbg_scanlogjam="09:07:52" dbg_scanlogpin="1290" dbg_scanlogpegawai_nip="133" dbg_scanlogpegawai_nama="Moh Rizka Haris Pradana" dbg_scanlogpembagian1_nama="" dbg_scanlogpembagian2_nama="Order Management" dbg_scanlogpembagian3_nama="Head Office" dbg_scanlogverifymode="1" dbg_scanloginoutmode="1" dbg_scanlogwork_code="0" dbg_scanlogsn="FIO616202019511909" dbg_scanlogdevice_name="Head Office"></ROW>
    <ROW dbg_scanlogscan_date="2022-07-26T18:14:02" dbg_scanlogtgl="2022-07-26" dbg_scanlogjam="18:14:02" dbg_scanlogpin="1290" dbg_scanlogpegawai_nip="133" dbg_scanlogpegawai_nama="Moh Rizka Haris Pradana" dbg_scanlogpembagian1_nama="" dbg_scanlogpembagian2_nama="Order Management" dbg_scanlogpembagian3_nama="Head Office" dbg_scanlogverifymode="1" dbg_scanloginoutmode="2" dbg_scanlogwork_code="0" dbg_scanlogsn="FIO616202019511909" dbg_scanlogdevice_name="Head Office"></ROW>
    <ROW dbg_scanlogscan_date="2022-07-28T09:33:16" dbg_scanlogtgl="2022-07-28" dbg_scanlogjam="09:33:16" dbg_scanlogpin="1290" dbg_scanlogpegawai_nip="133" dbg_scanlogpegawai_nama="Moh Rizka Haris Pradana" dbg_scanlogpembagian1_nama="" dbg_scanlogpembagian2_nama="Order Management" dbg_scanlogpembagian3_nama="Head Office" dbg_scanlogverifymode="1" dbg_scanloginoutmode="1" dbg_scanlogwork_code="0" dbg_scanlogsn="FIO616202019511909" dbg_scanlogdevice_name="Head Office"></ROW>
    <ROW dbg_scanlogscan_date="2022-07-29T18:21:10" dbg_scanlogtgl="2022-07-29" dbg_scanlogjam="18:21:10" dbg_scanlogpin="1290" dbg_scanlogpegawai_nip="133" dbg_scanlogpegawai_nama="Moh Rizka Haris Pradana" dbg_scanlogpembagian1_nama="" dbg_scanlogpembagian2_nama="Order Management" dbg_scanlogpembagian3_nama="Head Office" dbg_scanlogverifymode="1" dbg_scanloginoutmode="2" dbg_scanlogwork_code="0" dbg_scanlogsn="FIO616202019511909" dbg_scanlogdevice_name="Head Office"></ROW>
    <ROW dbg_scanlogscan_date="2022-07-25T11:04:19" dbg_scanlogtgl="2022-07-25" dbg_scanlogjam="11:04:19" dbg_scanlogpin="1310" dbg_scanlogpegawai_nip="148" dbg_scanlogpegawai_nama="Erda Widya Kusuma" dbg_scanlogpembagian1_nama="" dbg_scanlogpembagian2_nama="RM" dbg_scanlogpembagian3_nama="Head Office" dbg_scanlogverifymode="1" dbg_scanloginoutmode="1" dbg_scanlogwork_code="0" dbg_scanlogsn="FIO616202019511909" dbg_scanlogdevice_name="Head Office"></ROW>
    <ROW dbg_scanlogscan_date="2022-07-26T09:37:20" dbg_scanlogtgl="2022-07-26" dbg_scanlogjam="09:37:20" dbg_scanlogpin="1310" dbg_scanlogpegawai_nip="148" dbg_scanlogpegawai_nama="Erda Widya Kusuma" dbg_scanlogpembagian1_nama="" dbg_scanlogpembagian2_nama="RM" dbg_scanlogpembagian3_nama="Head Office" dbg_scanlogverifymode="1" dbg_scanloginoutmode="1" dbg_scanlogwork_code="0" dbg_scanlogsn="FIO616202019511909" dbg_scanlogdevice_name="Head Office"></ROW>
    <ROW dbg_scanlogscan_date="2022-07-27T09:46:09" dbg_scanlogtgl="2022-07-27" dbg_scanlogjam="09:46:09" dbg_scanlogpin="1310" dbg_scanlogpegawai_nip="148" dbg_scanlogpegawai_nama="Erda Widya Kusuma" dbg_scanlogpembagian1_nama="" dbg_scanlogpembagian2_nama="RM" dbg_scanlogpembagian3_nama="Head Office" dbg_scanlogverifymode="1" dbg_scanloginoutmode="1" dbg_scanlogwork_code="0" dbg_scanlogsn="FIO616202019511909" dbg_scanlogdevice_name="Head Office"></ROW>
    <ROW dbg_scanlogscan_date="2022-07-28T09:32:39" dbg_scanlogtgl="2022-07-28" dbg_scanlogjam="09:32:39" dbg_scanlogpin="1310" dbg_scanlogpegawai_nip="148" dbg_scanlogpegawai_nama="Erda Widya Kusuma" dbg_scanlogpembagian1_nama="" dbg_scanlogpembagian2_nama="RM" dbg_scanlogpembagian3_nama="Head Office" dbg_scanlogverifymode="1" dbg_scanloginoutmode="1" dbg_scanlogwork_code="0" dbg_scanlogsn="FIO616202019511909" dbg_scanlogdevice_name="Head Office"></ROW>
    <ROW dbg_scanlogscan_date="2022-07-29T10:00:21" dbg_scanlogtgl="2022-07-29" dbg_scanlogjam="10:00:21" dbg_scanlogpin="1310" dbg_scanlogpegawai_nip="148" dbg_scanlogpegawai_nama="Erda Widya Kusuma" dbg_scanlogpembagian1_nama="" dbg_scanlogpembagian2_nama="RM" dbg_scanlogpembagian3_nama="Head Office" dbg_scanlogverifymode="1" dbg_scanloginoutmode="1" dbg_scanlogwork_code="0" dbg_scanlogsn="FIO616202019511909" dbg_scanlogdevice_name="Head Office"></ROW>
    <ROW dbg_scanlogscan_date="2022-07-25T10:09:43" dbg_scanlogtgl="2022-07-25" dbg_scanlogjam="10:09:43" dbg_scanlogpin="1320" dbg_scanlogpegawai_nip="149" dbg_scanlogpegawai_nama="Derry Effendie Permana" dbg_scanlogpembagian1_nama="" dbg_scanlogpembagian2_nama="RM" dbg_scanlogpembagian3_nama="Head Office" dbg_scanlogverifymode="1" dbg_scanloginoutmode="1" dbg_scanlogwork_code="0" dbg_scanlogsn="FIO616202019511909" dbg_scanlogdevice_name="Head Office"></ROW>
    <ROW dbg_scanlogscan_date="2022-07-25T20:22:30" dbg_scanlogtgl="2022-07-25" dbg_scanlogjam="20:22:30" dbg_scanlogpin="1320" dbg_scanlogpegawai_nip="149" dbg_scanlogpegawai_nama="Derry Effendie Permana" dbg_scanlogpembagian1_nama="" dbg_scanlogpembagian2_nama="RM" dbg_scanlogpembagian3_nama="Head Office" dbg_scanlogverifymode="1" dbg_scanloginoutmode="2" dbg_scanlogwork_code="0" dbg_scanlogsn="FIO616202019511909" dbg_scanlogdevice_name="Head Office"></ROW>
    <ROW dbg_scanlogscan_date="2022-07-26T10:50:05" dbg_scanlogtgl="2022-07-26" dbg_scanlogjam="10:50:05" dbg_scanlogpin="1320" dbg_scanlogpegawai_nip="149" dbg_scanlogpegawai_nama="Derry Effendie Permana" dbg_scanlogpembagian1_nama="" dbg_scanlogpembagian2_nama="RM" dbg_scanlogpembagian3_nama="Head Office" dbg_scanlogverifymode="1" dbg_scanloginoutmode="1" dbg_scanlogwork_code="0" dbg_scanlogsn="FIO616202019511909" dbg_scanlogdevice_name="Head Office"></ROW>
    <ROW dbg_scanlogscan_date="2022-07-26T20:34:54" dbg_scanlogtgl="2022-07-26" dbg_scanlogjam="20:34:54" dbg_scanlogpin="1320" dbg_scanlogpegawai_nip="149" dbg_scanlogpegawai_nama="Derry Effendie Permana" dbg_scanlogpembagian1_nama="" dbg_scanlogpembagian2_nama="RM" dbg_scanlogpembagian3_nama="Head Office" dbg_scanlogverifymode="1" dbg_scanloginoutmode="2" dbg_scanlogwork_code="0" dbg_scanlogsn="FIO616202019511909" dbg_scanlogdevice_name="Head Office"></ROW>
    <ROW dbg_scanlogscan_date="2022-07-27T10:48:24" dbg_scanlogtgl="2022-07-27" dbg_scanlogjam="10:48:24" dbg_scanlogpin="1320" dbg_scanlogpegawai_nip="149" dbg_scanlogpegawai_nama="Derry Effendie Permana" dbg_scanlogpembagian1_nama="" dbg_scanlogpembagian2_nama="RM" dbg_scanlogpembagian3_nama="Head Office" dbg_scanlogverifymode="1" dbg_scanloginoutmode="1" dbg_scanlogwork_code="0" dbg_scanlogsn="FIO616202019511909" dbg_scanlogdevice_name="Head Office"></ROW>
    <ROW dbg_scanlogscan_date="2022-07-27T20:57:05" dbg_scanlogtgl="2022-07-27" dbg_scanlogjam="20:57:05" dbg_scanlogpin="1320" dbg_scanlogpegawai_nip="149" dbg_scanlogpegawai_nama="Derry Effendie Permana" dbg_scanlogpembagian1_nama="" dbg_scanlogpembagian2_nama="RM" dbg_scanlogpembagian3_nama="Head Office" dbg_scanlogverifymode="1" dbg_scanloginoutmode="2" dbg_scanlogwork_code="0" dbg_scanlogsn="FIO616202019511909" dbg_scanlogdevice_name="Head Office"></ROW>
    <ROW dbg_scanlogscan_date="2022-07-28T10:46:27" dbg_scanlogtgl="2022-07-28" dbg_scanlogjam="10:46:27" dbg_scanlogpin="1320" dbg_scanlogpegawai_nip="149" dbg_scanlogpegawai_nama="Derry Effendie Permana" dbg_scanlogpembagian1_nama="" dbg_scanlogpembagian2_nama="RM" dbg_scanlogpembagian3_nama="Head Office" dbg_scanlogverifymode="1" dbg_scanloginoutmode="1" dbg_scanlogwork_code="0" dbg_scanlogsn="FIO616202019511909" dbg_scanlogdevice_name="Head Office"></ROW>
    <ROW dbg_scanlogscan_date="2022-07-28T22:07:26" dbg_scanlogtgl="2022-07-28" dbg_scanlogjam="22:07:26" dbg_scanlogpin="1320" dbg_scanlogpegawai_nip="149" dbg_scanlogpegawai_nama="Derry Effendie Permana" dbg_scanlogpembagian1_nama="" dbg_scanlogpembagian2_nama="RM" dbg_scanlogpembagian3_nama="Head Office" dbg_scanlogverifymode="1" dbg_scanloginoutmode="2" dbg_scanlogwork_code="0" dbg_scanlogsn="FIO616202019511909" dbg_scanlogdevice_name="Head Office"></ROW>
    <ROW dbg_scanlogscan_date="2022-07-26T08:21:15" dbg_scanlogtgl="2022-07-26" dbg_scanlogjam="08:21:15" dbg_scanlogpin="1350" dbg_scanlogpegawai_nip="162" dbg_scanlogpegawai_nama="Ari Nur Cahyanto" dbg_scanlogpembagian1_nama="" dbg_scanlogpembagian2_nama="Orcus-Erda" dbg_scanlogpembagian3_nama="Head Office" dbg_scanlogverifymode="1" dbg_scanloginoutmode="1" dbg_scanlogwork_code="0" dbg_scanlogsn="FIO616202019511909" dbg_scanlogdevice_name="Head Office"></ROW>
    <ROW dbg_scanlogscan_date="2022-07-25T13:43:14" dbg_scanlogtgl="2022-07-25" dbg_scanlogjam="13:43:14" dbg_scanlogpin="1420" dbg_scanlogpegawai_nip="181" dbg_scanlogpegawai_nama="Fadel Bagas Adhari" dbg_scanlogpembagian1_nama="" dbg_scanlogpembagian2_nama="Vesta-David" dbg_scanlogpembagian3_nama="Head Office" dbg_scanlogverifymode="1" dbg_scanloginoutmode="1" dbg_scanlogwork_code="0" dbg_scanlogsn="FIO616202019511909" dbg_scanlogdevice_name="Head Office"></ROW>
    <ROW dbg_scanlogscan_date="2022-07-25T23:50:58" dbg_scanlogtgl="2022-07-25" dbg_scanlogjam="23:50:58" dbg_scanlogpin="1420" dbg_scanlogpegawai_nip="181" dbg_scanlogpegawai_nama="Fadel Bagas Adhari" dbg_scanlogpembagian1_nama="" dbg_scanlogpembagian2_nama="Vesta-David" dbg_scanlogpembagian3_nama="Head Office" dbg_scanlogverifymode="1" dbg_scanloginoutmode="2" dbg_scanlogwork_code="0" dbg_scanlogsn="FIO616202019511909" dbg_scanlogdevice_name="Head Office"></ROW>
    <ROW dbg_scanlogscan_date="2022-07-26T13:49:02" dbg_scanlogtgl="2022-07-26" dbg_scanlogjam="13:49:02" dbg_scanlogpin="1420" dbg_scanlogpegawai_nip="181" dbg_scanlogpegawai_nama="Fadel Bagas Adhari" dbg_scanlogpembagian1_nama="" dbg_scanlogpembagian2_nama="Vesta-David" dbg_scanlogpembagian3_nama="Head Office" dbg_scanlogverifymode="1" dbg_scanloginoutmode="1" dbg_scanlogwork_code="0" dbg_scanlogsn="FIO616202019511909" dbg_scanlogdevice_name="Head Office"></ROW>
    <ROW dbg_scanlogscan_date="2022-07-27T00:17:02" dbg_scanlogtgl="2022-07-27" dbg_scanlogjam="00:17:02" dbg_scanlogpin="1420" dbg_scanlogpegawai_nip="181" dbg_scanlogpegawai_nama="Fadel Bagas Adhari" dbg_scanlogpembagian1_nama="" dbg_scanlogpembagian2_nama="Vesta-David" dbg_scanlogpembagian3_nama="Head Office" dbg_scanlogverifymode="1" dbg_scanloginoutmode="2" dbg_scanlogwork_code="0" dbg_scanlogsn="FIO616202019511909" dbg_scanlogdevice_name="Head Office"></ROW>
    <ROW dbg_scanlogscan_date="2022-07-27T00:36:56" dbg_scanlogtgl="2022-07-27" dbg_scanlogjam="00:36:56" dbg_scanlogpin="1420" dbg_scanlogpegawai_nip="181" dbg_scanlogpegawai_nama="Fadel Bagas Adhari" dbg_scanlogpembagian1_nama="" dbg_scanlogpembagian2_nama="Vesta-David" dbg_scanlogpembagian3_nama="Head Office" dbg_scanlogverifymode="1" dbg_scanloginoutmode="2" dbg_scanlogwork_code="0" dbg_scanlogsn="FIO616202019511909" dbg_scanlogdevice_name="Head Office"></ROW>
    <ROW dbg_scanlogscan_date="2022-07-29T05:52:35" dbg_scanlogtgl="2022-07-29" dbg_scanlogjam="05:52:35" dbg_scanlogpin="1420" dbg_scanlogpegawai_nip="181" dbg_scanlogpegawai_nama="Fadel Bagas Adhari" dbg_scanlogpembagian1_nama="" dbg_scanlogpembagian2_nama="Vesta-David" dbg_scanlogpembagian3_nama="Head Office" dbg_scanlogverifymode="1" dbg_scanloginoutmode="1" dbg_scanlogwork_code="0" dbg_scanlogsn="FIO616202019511909" dbg_scanlogdevice_name="Head Office"></ROW>
    <ROW dbg_scanlogscan_date="2022-07-25T09:02:24" dbg_scanlogtgl="2022-07-25" dbg_scanlogjam="09:02:24" dbg_scanlogpin="1520" dbg_scanlogpegawai_nip="200" dbg_scanlogpegawai_nama="Lisa Malinda" dbg_scanlogpembagian1_nama="" dbg_scanlogpembagian2_nama="Uranus-Sondang" dbg_scanlogpembagian3_nama="Head Office" dbg_scanlogverifymode="1" dbg_scanloginoutmode="1" dbg_scanlogwork_code="0" dbg_scanlogsn="FIO616202019511909" dbg_scanlogdevice_name="Head Office"></ROW>
    <ROW dbg_scanlogscan_date="2022-07-25T18:04:51" dbg_scanlogtgl="2022-07-25" dbg_scanlogjam="18:04:51" dbg_scanlogpin="1520" dbg_scanlogpegawai_nip="200" dbg_scanlogpegawai_nama="Lisa Malinda" dbg_scanlogpembagian1_nama="" dbg_scanlogpembagian2_nama="Uranus-Sondang" dbg_scanlogpembagian3_nama="Head Office" dbg_scanlogverifymode="1" dbg_scanloginoutmode="2" dbg_scanlogwork_code="0" dbg_scanlogsn="FIO616202019511909" dbg_scanlogdevice_name="Head Office"></ROW>
    <ROW dbg_scanlogscan_date="2022-07-26T08:35:22" dbg_scanlogtgl="2022-07-26" dbg_scanlogjam="08:35:22" dbg_scanlogpin="1520" dbg_scanlogpegawai_nip="200" dbg_scanlogpegawai_nama="Lisa Malinda" dbg_scanlogpembagian1_nama="" dbg_scanlogpembagian2_nama="Uranus-Sondang" dbg_scanlogpembagian3_nama="Head Office" dbg_scanlogverifymode="1" dbg_scanloginoutmode="1" dbg_scanlogwork_code="0" dbg_scanlogsn="FIO616202019511909" dbg_scanlogdevice_name="Head Office"></ROW>
    <ROW dbg_scanlogscan_date="2022-07-26T18:05:20" dbg_scanlogtgl="2022-07-26" dbg_scanlogjam="18:05:20" dbg_scanlogpin="1520" dbg_scanlogpegawai_nip="200" dbg_scanlogpegawai_nama="Lisa Malinda" dbg_scanlogpembagian1_nama="" dbg_scanlogpembagian2_nama="Uranus-Sondang" dbg_scanlogpembagian3_nama="Head Office" dbg_scanlogverifymode="1" dbg_scanloginoutmode="2" dbg_scanlogwork_code="0" dbg_scanlogsn="FIO616202019511909" dbg_scanlogdevice_name="Head Office"></ROW>
    <ROW dbg_scanlogscan_date="2022-07-27T09:03:01" dbg_scanlogtgl="2022-07-27" dbg_scanlogjam="09:03:01" dbg_scanlogpin="1520" dbg_scanlogpegawai_nip="200" dbg_scanlogpegawai_nama="Lisa Malinda" dbg_scanlogpembagian1_nama="" dbg_scanlogpembagian2_nama="Uranus-Sondang" dbg_scanlogpembagian3_nama="Head Office" dbg_scanlogverifymode="1" dbg_scanloginoutmode="1" dbg_scanlogwork_code="0" dbg_scanlogsn="FIO616202019511909" dbg_scanlogdevice_name="Head Office"></ROW>
    <ROW dbg_scanlogscan_date="2022-07-27T18:10:48" dbg_scanlogtgl="2022-07-27" dbg_scanlogjam="18:10:48" dbg_scanlogpin="1520" dbg_scanlogpegawai_nip="200" dbg_scanlogpegawai_nama="Lisa Malinda" dbg_scanlogpembagian1_nama="" dbg_scanlogpembagian2_nama="Uranus-Sondang" dbg_scanlogpembagian3_nama="Head Office" dbg_scanlogverifymode="1" dbg_scanloginoutmode="2" dbg_scanlogwork_code="0" dbg_scanlogsn="FIO616202019511909" dbg_scanlogdevice_name="Head Office"></ROW>
    <ROW dbg_scanlogscan_date="2022-07-28T09:02:44" dbg_scanlogtgl="2022-07-28" dbg_scanlogjam="09:02:44" dbg_scanlogpin="1520" dbg_scanlogpegawai_nip="200" dbg_scanlogpegawai_nama="Lisa Malinda" dbg_scanlogpembagian1_nama="" dbg_scanlogpembagian2_nama="Uranus-Sondang" dbg_scanlogpembagian3_nama="Head Office" dbg_scanlogverifymode="1" dbg_scanloginoutmode="1" dbg_scanlogwork_code="0" dbg_scanlogsn="FIO616202019511909" dbg_scanlogdevice_name="Head Office"></ROW>
    <ROW dbg_scanlogscan_date="2022-07-28T18:07:54" dbg_scanlogtgl="2022-07-28" dbg_scanlogjam="18:07:54" dbg_scanlogpin="1520" dbg_scanlogpegawai_nip="200" dbg_scanlogpegawai_nama="Lisa Malinda" dbg_scanlogpembagian1_nama="" dbg_scanlogpembagian2_nama="Uranus-Sondang" dbg_scanlogpembagian3_nama="Head Office" dbg_scanlogverifymode="1" dbg_scanloginoutmode="2" dbg_scanlogwork_code="0" dbg_scanlogsn="FIO616202019511909" dbg_scanlogdevice_name="Head Office"></ROW>
    <ROW dbg_scanlogscan_date="2022-07-29T09:00:08" dbg_scanlogtgl="2022-07-29" dbg_scanlogjam="09:00:08" dbg_scanlogpin="1520" dbg_scanlogpegawai_nip="200" dbg_scanlogpegawai_nama="Lisa Malinda" dbg_scanlogpembagian1_nama="" dbg_scanlogpembagian2_nama="Uranus-Sondang" dbg_scanlogpembagian3_nama="Head Office" dbg_scanlogverifymode="1" dbg_scanloginoutmode="1" dbg_scanlogwork_code="0" dbg_scanlogsn="FIO616202019511909" dbg_scanlogdevice_name="Head Office"></ROW>
    <ROW dbg_scanlogscan_date="2022-07-26T08:41:54" dbg_scanlogtgl="2022-07-26" dbg_scanlogjam="08:41:54" dbg_scanlogpin="1530" dbg_scanlogpegawai_nip="201" dbg_scanlogpegawai_nama="Zidny Ilma Wahusna" dbg_scanlogpembagian1_nama="" dbg_scanlogpembagian2_nama="HR" dbg_scanlogpembagian3_nama="Head Office" dbg_scanlogverifymode="1" dbg_scanloginoutmode="1" dbg_scanlogwork_code="0" dbg_scanlogsn="FIO616202019511909" dbg_scanlogdevice_name="Head Office"></ROW>
    <ROW dbg_scanlogscan_date="2022-07-26T18:26:40" dbg_scanlogtgl="2022-07-26" dbg_scanlogjam="18:26:40" dbg_scanlogpin="1530" dbg_scanlogpegawai_nip="201" dbg_scanlogpegawai_nama="Zidny Ilma Wahusna" dbg_scanlogpembagian1_nama="" dbg_scanlogpembagian2_nama="HR" dbg_scanlogpembagian3_nama="Head Office" dbg_scanlogverifymode="1" dbg_scanloginoutmode="2" dbg_scanlogwork_code="0" dbg_scanlogsn="FIO616202019511909" dbg_scanlogdevice_name="Head Office"></ROW>
    <ROW dbg_scanlogscan_date="2022-07-27T08:45:38" dbg_scanlogtgl="2022-07-27" dbg_scanlogjam="08:45:38" dbg_scanlogpin="1530" dbg_scanlogpegawai_nip="201" dbg_scanlogpegawai_nama="Zidny Ilma Wahusna" dbg_scanlogpembagian1_nama="" dbg_scanlogpembagian2_nama="HR" dbg_scanlogpembagian3_nama="Head Office" dbg_scanlogverifymode="1" dbg_scanloginoutmode="1" dbg_scanlogwork_code="0" dbg_scanlogsn="FIO616202019511909" dbg_scanlogdevice_name="Head Office"></ROW>
    <ROW dbg_scanlogscan_date="2022-07-27T18:06:27" dbg_scanlogtgl="2022-07-27" dbg_scanlogjam="18:06:27" dbg_scanlogpin="1530" dbg_scanlogpegawai_nip="201" dbg_scanlogpegawai_nama="Zidny Ilma Wahusna" dbg_scanlogpembagian1_nama="" dbg_scanlogpembagian2_nama="HR" dbg_scanlogpembagian3_nama="Head Office" dbg_scanlogverifymode="1" dbg_scanloginoutmode="2" dbg_scanlogwork_code="0" dbg_scanlogsn="FIO616202019511909" dbg_scanlogdevice_name="Head Office"></ROW>
    <ROW dbg_scanlogscan_date="2022-07-28T08:37:51" dbg_scanlogtgl="2022-07-28" dbg_scanlogjam="08:37:51" dbg_scanlogpin="1530" dbg_scanlogpegawai_nip="201" dbg_scanlogpegawai_nama="Zidny Ilma Wahusna" dbg_scanlogpembagian1_nama="" dbg_scanlogpembagian2_nama="HR" dbg_scanlogpembagian3_nama="Head Office" dbg_scanlogverifymode="1" dbg_scanloginoutmode="1" dbg_scanlogwork_code="0" dbg_scanlogsn="FIO616202019511909" dbg_scanlogdevice_name="Head Office"></ROW>
    <ROW dbg_scanlogscan_date="2022-07-28T18:27:42" dbg_scanlogtgl="2022-07-28" dbg_scanlogjam="18:27:42" dbg_scanlogpin="1530" dbg_scanlogpegawai_nip="201" dbg_scanlogpegawai_nama="Zidny Ilma Wahusna" dbg_scanlogpembagian1_nama="" dbg_scanlogpembagian2_nama="HR" dbg_scanlogpembagian3_nama="Head Office" dbg_scanlogverifymode="1" dbg_scanloginoutmode="2" dbg_scanlogwork_code="0" dbg_scanlogsn="FIO616202019511909" dbg_scanlogdevice_name="Head Office"></ROW>
    <ROW dbg_scanlogscan_date="2022-07-29T08:38:29" dbg_scanlogtgl="2022-07-29" dbg_scanlogjam="08:38:29" dbg_scanlogpin="1530" dbg_scanlogpegawai_nip="201" dbg_scanlogpegawai_nama="Zidny Ilma Wahusna" dbg_scanlogpembagian1_nama="" dbg_scanlogpembagian2_nama="HR" dbg_scanlogpembagian3_nama="Head Office" dbg_scanlogverifymode="1" dbg_scanloginoutmode="1" dbg_scanlogwork_code="0" dbg_scanlogsn="FIO616202019511909" dbg_scanlogdevice_name="Head Office"></ROW>
    <ROW dbg_scanlogscan_date="2022-07-29T18:19:28" dbg_scanlogtgl="2022-07-29" dbg_scanlogjam="18:19:28" dbg_scanlogpin="1530" dbg_scanlogpegawai_nip="201" dbg_scanlogpegawai_nama="Zidny Ilma Wahusna" dbg_scanlogpembagian1_nama="" dbg_scanlogpembagian2_nama="HR" dbg_scanlogpembagian3_nama="Head Office" dbg_scanlogverifymode="1" dbg_scanloginoutmode="2" dbg_scanlogwork_code="0" dbg_scanlogsn="FIO616202019511909" dbg_scanlogdevice_name="Head Office"></ROW>
    <ROW dbg_scanlogscan_date="2022-07-25T07:36:44" dbg_scanlogtgl="2022-07-25" dbg_scanlogjam="07:36:44" dbg_scanlogpin="1560" dbg_scanlogpegawai_nip="206" dbg_scanlogpegawai_nama="Salsabila Fatimah Jamalia" dbg_scanlogpembagian1_nama="" dbg_scanlogpembagian2_nama="Uranus-Sondang" dbg_scanlogpembagian3_nama="" dbg_scanlogverifymode="1" dbg_scanloginoutmode="1" dbg_scanlogwork_code="0" dbg_scanlogsn="FIO616202019511909" dbg_scanlogdevice_name="Head Office"></ROW>
    <ROW dbg_scanlogscan_date="2022-07-25T18:20:15" dbg_scanlogtgl="2022-07-25" dbg_scanlogjam="18:20:15" dbg_scanlogpin="1560" dbg_scanlogpegawai_nip="206" dbg_scanlogpegawai_nama="Salsabila Fatimah Jamalia" dbg_scanlogpembagian1_nama="" dbg_scanlogpembagian2_nama="Uranus-Sondang" dbg_scanlogpembagian3_nama="" dbg_scanlogverifymode="1" dbg_scanloginoutmode="2" dbg_scanlogwork_code="0" dbg_scanlogsn="FIO616202019511909" dbg_scanlogdevice_name="Head Office"></ROW>
    <ROW dbg_scanlogscan_date="2022-07-26T07:40:44" dbg_scanlogtgl="2022-07-26" dbg_scanlogjam="07:40:44" dbg_scanlogpin="1560" dbg_scanlogpegawai_nip="206" dbg_scanlogpegawai_nama="Salsabila Fatimah Jamalia" dbg_scanlogpembagian1_nama="" dbg_scanlogpembagian2_nama="Uranus-Sondang" dbg_scanlogpembagian3_nama="" dbg_scanlogverifymode="1" dbg_scanloginoutmode="1" dbg_scanlogwork_code="0" dbg_scanlogsn="FIO616202019511909" dbg_scanlogdevice_name="Head Office"></ROW>
    <ROW dbg_scanlogscan_date="2022-07-26T18:20:14" dbg_scanlogtgl="2022-07-26" dbg_scanlogjam="18:20:14" dbg_scanlogpin="1560" dbg_scanlogpegawai_nip="206" dbg_scanlogpegawai_nama="Salsabila Fatimah Jamalia" dbg_scanlogpembagian1_nama="" dbg_scanlogpembagian2_nama="Uranus-Sondang" dbg_scanlogpembagian3_nama="" dbg_scanlogverifymode="1" dbg_scanloginoutmode="2" dbg_scanlogwork_code="0" dbg_scanlogsn="FIO616202019511909" dbg_scanlogdevice_name="Head Office"></ROW>
    <ROW dbg_scanlogscan_date="2022-07-27T07:33:25" dbg_scanlogtgl="2022-07-27" dbg_scanlogjam="07:33:25" dbg_scanlogpin="1560" dbg_scanlogpegawai_nip="206" dbg_scanlogpegawai_nama="Salsabila Fatimah Jamalia" dbg_scanlogpembagian1_nama="" dbg_scanlogpembagian2_nama="Uranus-Sondang" dbg_scanlogpembagian3_nama="" dbg_scanlogverifymode="1" dbg_scanloginoutmode="1" dbg_scanlogwork_code="0" dbg_scanlogsn="FIO616202019511909" dbg_scanlogdevice_name="Head Office"></ROW>
    <ROW dbg_scanlogscan_date="2022-07-27T18:11:07" dbg_scanlogtgl="2022-07-27" dbg_scanlogjam="18:11:07" dbg_scanlogpin="1560" dbg_scanlogpegawai_nip="206" dbg_scanlogpegawai_nama="Salsabila Fatimah Jamalia" dbg_scanlogpembagian1_nama="" dbg_scanlogpembagian2_nama="Uranus-Sondang" dbg_scanlogpembagian3_nama="" dbg_scanlogverifymode="1" dbg_scanloginoutmode="2" dbg_scanlogwork_code="0" dbg_scanlogsn="FIO616202019511909" dbg_scanlogdevice_name="Head Office"></ROW>
    <ROW dbg_scanlogscan_date="2022-07-28T07:25:21" dbg_scanlogtgl="2022-07-28" dbg_scanlogjam="07:25:21" dbg_scanlogpin="1560" dbg_scanlogpegawai_nip="206" dbg_scanlogpegawai_nama="Salsabila Fatimah Jamalia" dbg_scanlogpembagian1_nama="" dbg_scanlogpembagian2_nama="Uranus-Sondang" dbg_scanlogpembagian3_nama="" dbg_scanlogverifymode="1" dbg_scanloginoutmode="1" dbg_scanlogwork_code="0" dbg_scanlogsn="FIO616202019511909" dbg_scanlogdevice_name="Head Office"></ROW>
    <ROW dbg_scanlogscan_date="2022-07-28T18:24:35" dbg_scanlogtgl="2022-07-28" dbg_scanlogjam="18:24:35" dbg_scanlogpin="1560" dbg_scanlogpegawai_nip="206" dbg_scanlogpegawai_nama="Salsabila Fatimah Jamalia" dbg_scanlogpembagian1_nama="" dbg_scanlogpembagian2_nama="Uranus-Sondang" dbg_scanlogpembagian3_nama="" dbg_scanlogverifymode="1" dbg_scanloginoutmode="2" dbg_scanlogwork_code="0" dbg_scanlogsn="FIO616202019511909" dbg_scanlogdevice_name="Head Office"></ROW>
    <ROW dbg_scanlogscan_date="2022-07-29T08:38:34" dbg_scanlogtgl="2022-07-29" dbg_scanlogjam="08:38:34" dbg_scanlogpin="1560" dbg_scanlogpegawai_nip="206" dbg_scanlogpegawai_nama="Salsabila Fatimah Jamalia" dbg_scanlogpembagian1_nama="" dbg_scanlogpembagian2_nama="Uranus-Sondang" dbg_scanlogpembagian3_nama="" dbg_scanlogverifymode="1" dbg_scanloginoutmode="1" dbg_scanlogwork_code="0" dbg_scanlogsn="FIO616202019511909" dbg_scanlogdevice_name="Head Office"></ROW>
    <ROW dbg_scanlogscan_date="2022-07-25T09:46:57" dbg_scanlogtgl="2022-07-25" dbg_scanlogjam="09:46:57" dbg_scanlogpin="1590" dbg_scanlogpegawai_nip="211" dbg_scanlogpegawai_nama="Nur Fitri Sari" dbg_scanlogpembagian1_nama="" dbg_scanlogpembagian2_nama="Corporate Finance" dbg_scanlogpembagian3_nama="Head Office" dbg_scanlogverifymode="1" dbg_scanloginoutmode="1" dbg_scanlogwork_code="0" dbg_scanlogsn="FIO616202019511909" dbg_scanlogdevice_name="Head Office"></ROW>
    <ROW dbg_scanlogscan_date="2022-07-25T18:28:18" dbg_scanlogtgl="2022-07-25" dbg_scanlogjam="18:28:18" dbg_scanlogpin="1590" dbg_scanlogpegawai_nip="211" dbg_scanlogpegawai_nama="Nur Fitri Sari" dbg_scanlogpembagian1_nama="" dbg_scanlogpembagian2_nama="Corporate Finance" dbg_scanlogpembagian3_nama="Head Office" dbg_scanlogverifymode="1" dbg_scanloginoutmode="2" dbg_scanlogwork_code="0" dbg_scanlogsn="FIO616202019511909" dbg_scanlogdevice_name="Head Office"></ROW>
    <ROW dbg_scanlogscan_date="2022-07-26T09:36:09" dbg_scanlogtgl="2022-07-26" dbg_scanlogjam="09:36:09" dbg_scanlogpin="1590" dbg_scanlogpegawai_nip="211" dbg_scanlogpegawai_nama="Nur Fitri Sari" dbg_scanlogpembagian1_nama="" dbg_scanlogpembagian2_nama="Corporate Finance" dbg_scanlogpembagian3_nama="Head Office" dbg_scanlogverifymode="1" dbg_scanloginoutmode="1" dbg_scanlogwork_code="0" dbg_scanlogsn="FIO616202019511909" dbg_scanlogdevice_name="Head Office"></ROW>
    <ROW dbg_scanlogscan_date="2022-07-26T18:26:49" dbg_scanlogtgl="2022-07-26" dbg_scanlogjam="18:26:49" dbg_scanlogpin="1590" dbg_scanlogpegawai_nip="211" dbg_scanlogpegawai_nama="Nur Fitri Sari" dbg_scanlogpembagian1_nama="" dbg_scanlogpembagian2_nama="Corporate Finance" dbg_scanlogpembagian3_nama="Head Office" dbg_scanlogverifymode="1" dbg_scanloginoutmode="2" dbg_scanlogwork_code="0" dbg_scanlogsn="FIO616202019511909" dbg_scanlogdevice_name="Head Office"></ROW>
    <ROW dbg_scanlogscan_date="2022-07-27T10:10:57" dbg_scanlogtgl="2022-07-27" dbg_scanlogjam="10:10:57" dbg_scanlogpin="1590" dbg_scanlogpegawai_nip="211" dbg_scanlogpegawai_nama="Nur Fitri Sari" dbg_scanlogpembagian1_nama="" dbg_scanlogpembagian2_nama="Corporate Finance" dbg_scanlogpembagian3_nama="Head Office" dbg_scanlogverifymode="1" dbg_scanloginoutmode="1" dbg_scanlogwork_code="0" dbg_scanlogsn="FIO616202019511909" dbg_scanlogdevice_name="Head Office"></ROW>
    <ROW dbg_scanlogscan_date="2022-07-27T18:22:23" dbg_scanlogtgl="2022-07-27" dbg_scanlogjam="18:22:23" dbg_scanlogpin="1590" dbg_scanlogpegawai_nip="211" dbg_scanlogpegawai_nama="Nur Fitri Sari" dbg_scanlogpembagian1_nama="" dbg_scanlogpembagian2_nama="Corporate Finance" dbg_scanlogpembagian3_nama="Head Office" dbg_scanlogverifymode="1" dbg_scanloginoutmode="2" dbg_scanlogwork_code="0" dbg_scanlogsn="FIO616202019511909" dbg_scanlogdevice_name="Head Office"></ROW>
    <ROW dbg_scanlogscan_date="2022-07-28T10:29:07" dbg_scanlogtgl="2022-07-28" dbg_scanlogjam="10:29:07" dbg_scanlogpin="1590" dbg_scanlogpegawai_nip="211" dbg_scanlogpegawai_nama="Nur Fitri Sari" dbg_scanlogpembagian1_nama="" dbg_scanlogpembagian2_nama="Corporate Finance" dbg_scanlogpembagian3_nama="Head Office" dbg_scanlogverifymode="1" dbg_scanloginoutmode="1" dbg_scanlogwork_code="0" dbg_scanlogsn="FIO616202019511909" dbg_scanlogdevice_name="Head Office"></ROW>
    <ROW dbg_scanlogscan_date="2022-07-28T18:46:35" dbg_scanlogtgl="2022-07-28" dbg_scanlogjam="18:46:35" dbg_scanlogpin="1590" dbg_scanlogpegawai_nip="211" dbg_scanlogpegawai_nama="Nur Fitri Sari" dbg_scanlogpembagian1_nama="" dbg_scanlogpembagian2_nama="Corporate Finance" dbg_scanlogpembagian3_nama="Head Office" dbg_scanlogverifymode="1" dbg_scanloginoutmode="2" dbg_scanlogwork_code="0" dbg_scanlogsn="FIO616202019511909" dbg_scanlogdevice_name="Head Office"></ROW>
    <ROW dbg_scanlogscan_date="2022-07-29T10:12:25" dbg_scanlogtgl="2022-07-29" dbg_scanlogjam="10:12:25" dbg_scanlogpin="1590" dbg_scanlogpegawai_nip="211" dbg_scanlogpegawai_nama="Nur Fitri Sari" dbg_scanlogpembagian1_nama="" dbg_scanlogpembagian2_nama="Corporate Finance" dbg_scanlogpembagian3_nama="Head Office" dbg_scanlogverifymode="1" dbg_scanloginoutmode="1" dbg_scanlogwork_code="0" dbg_scanlogsn="FIO616202019511909" dbg_scanlogdevice_name="Head Office"></ROW>
    <ROW dbg_scanlogscan_date="2022-07-29T18:19:40" dbg_scanlogtgl="2022-07-29" dbg_scanlogjam="18:19:40" dbg_scanlogpin="1590" dbg_scanlogpegawai_nip="211" dbg_scanlogpegawai_nama="Nur Fitri Sari" dbg_scanlogpembagian1_nama="" dbg_scanlogpembagian2_nama="Corporate Finance" dbg_scanlogpembagian3_nama="Head Office" dbg_scanlogverifymode="1" dbg_scanloginoutmode="2" dbg_scanlogwork_code="0" dbg_scanlogsn="FIO616202019511909" dbg_scanlogdevice_name="Head Office"></ROW>
    <ROW dbg_scanlogscan_date="2022-07-25T08:59:33" dbg_scanlogtgl="2022-07-25" dbg_scanlogjam="08:59:33" dbg_scanlogpin="1610" dbg_scanlogpegawai_nip="215" dbg_scanlogpegawai_nama="Megatari Wahyu Ningrum Handani" dbg_scanlogpembagian1_nama="" dbg_scanlogpembagian2_nama="Uranus-Sondang" dbg_scanlogpembagian3_nama="Head Office" dbg_scanlogverifymode="1" dbg_scanloginoutmode="1" dbg_scanlogwork_code="0" dbg_scanlogsn="FIO616202019511909" dbg_scanlogdevice_name="Head Office"></ROW>
    <ROW dbg_scanlogscan_date="2022-07-25T18:18:42" dbg_scanlogtgl="2022-07-25" dbg_scanlogjam="18:18:42" dbg_scanlogpin="1610" dbg_scanlogpegawai_nip="215" dbg_scanlogpegawai_nama="Megatari Wahyu Ningrum Handani" dbg_scanlogpembagian1_nama="" dbg_scanlogpembagian2_nama="Uranus-Sondang" dbg_scanlogpembagian3_nama="Head Office" dbg_scanlogverifymode="1" dbg_scanloginoutmode="2" dbg_scanlogwork_code="0" dbg_scanlogsn="FIO616202019511909" dbg_scanlogdevice_name="Head Office"></ROW>
    <ROW dbg_scanlogscan_date="2022-07-26T08:53:18" dbg_scanlogtgl="2022-07-26" dbg_scanlogjam="08:53:18" dbg_scanlogpin="1610" dbg_scanlogpegawai_nip="215" dbg_scanlogpegawai_nama="Megatari Wahyu Ningrum Handani" dbg_scanlogpembagian1_nama="" dbg_scanlogpembagian2_nama="Uranus-Sondang" dbg_scanlogpembagian3_nama="Head Office" dbg_scanlogverifymode="1" dbg_scanloginoutmode="1" dbg_scanlogwork_code="0" dbg_scanlogsn="FIO616202019511909" dbg_scanlogdevice_name="Head Office"></ROW>
    <ROW dbg_scanlogscan_date="2022-07-26T18:20:06" dbg_scanlogtgl="2022-07-26" dbg_scanlogjam="18:20:06" dbg_scanlogpin="1610" dbg_scanlogpegawai_nip="215" dbg_scanlogpegawai_nama="Megatari Wahyu Ningrum Handani" dbg_scanlogpembagian1_nama="" dbg_scanlogpembagian2_nama="Uranus-Sondang" dbg_scanlogpembagian3_nama="Head Office" dbg_scanlogverifymode="1" dbg_scanloginoutmode="2" dbg_scanlogwork_code="0" dbg_scanlogsn="FIO616202019511909" dbg_scanlogdevice_name="Head Office"></ROW>
    <ROW dbg_scanlogscan_date="2022-07-27T08:45:27" dbg_scanlogtgl="2022-07-27" dbg_scanlogjam="08:45:27" dbg_scanlogpin="1610" dbg_scanlogpegawai_nip="215" dbg_scanlogpegawai_nama="Megatari Wahyu Ningrum Handani" dbg_scanlogpembagian1_nama="" dbg_scanlogpembagian2_nama="Uranus-Sondang" dbg_scanlogpembagian3_nama="Head Office" dbg_scanlogverifymode="1" dbg_scanloginoutmode="1" dbg_scanlogwork_code="0" dbg_scanlogsn="FIO616202019511909" dbg_scanlogdevice_name="Head Office"></ROW>
    <ROW dbg_scanlogscan_date="2022-07-27T18:10:56" dbg_scanlogtgl="2022-07-27" dbg_scanlogjam="18:10:56" dbg_scanlogpin="1610" dbg_scanlogpegawai_nip="215" dbg_scanlogpegawai_nama="Megatari Wahyu Ningrum Handani" dbg_scanlogpembagian1_nama="" dbg_scanlogpembagian2_nama="Uranus-Sondang" dbg_scanlogpembagian3_nama="Head Office" dbg_scanlogverifymode="1" dbg_scanloginoutmode="2" dbg_scanlogwork_code="0" dbg_scanlogsn="FIO616202019511909" dbg_scanlogdevice_name="Head Office"></ROW>
    <ROW dbg_scanlogscan_date="2022-07-28T08:47:36" dbg_scanlogtgl="2022-07-28" dbg_scanlogjam="08:47:36" dbg_scanlogpin="1610" dbg_scanlogpegawai_nip="215" dbg_scanlogpegawai_nama="Megatari Wahyu Ningrum Handani" dbg_scanlogpembagian1_nama="" dbg_scanlogpembagian2_nama="Uranus-Sondang" dbg_scanlogpembagian3_nama="Head Office" dbg_scanlogverifymode="1" dbg_scanloginoutmode="1" dbg_scanlogwork_code="0" dbg_scanlogsn="FIO616202019511909" dbg_scanlogdevice_name="Head Office"></ROW>
    <ROW dbg_scanlogscan_date="2022-07-28T21:09:54" dbg_scanlogtgl="2022-07-28" dbg_scanlogjam="21:09:54" dbg_scanlogpin="1610" dbg_scanlogpegawai_nip="215" dbg_scanlogpegawai_nama="Megatari Wahyu Ningrum Handani" dbg_scanlogpembagian1_nama="" dbg_scanlogpembagian2_nama="Uranus-Sondang" dbg_scanlogpembagian3_nama="Head Office" dbg_scanlogverifymode="1" dbg_scanloginoutmode="2" dbg_scanlogwork_code="0" dbg_scanlogsn="FIO616202019511909" dbg_scanlogdevice_name="Head Office"></ROW>
    <ROW dbg_scanlogscan_date="2022-07-29T11:25:33" dbg_scanlogtgl="2022-07-29" dbg_scanlogjam="11:25:33" dbg_scanlogpin="1610" dbg_scanlogpegawai_nip="215" dbg_scanlogpegawai_nama="Megatari Wahyu Ningrum Handani" dbg_scanlogpembagian1_nama="" dbg_scanlogpembagian2_nama="Uranus-Sondang" dbg_scanlogpembagian3_nama="Head Office" dbg_scanlogverifymode="1" dbg_scanloginoutmode="1" dbg_scanlogwork_code="0" dbg_scanlogsn="FIO616202019511909" dbg_scanlogdevice_name="Head Office"></ROW>
    <ROW dbg_scanlogscan_date="2022-07-26T08:42:17" dbg_scanlogtgl="2022-07-26" dbg_scanlogjam="08:42:17" dbg_scanlogpin="1630" dbg_scanlogpegawai_nip="219" dbg_scanlogpegawai_nama="Siti Ayuningtyas Candra Mawarsari" dbg_scanlogpembagian1_nama="" dbg_scanlogpembagian2_nama="Uranus-Sondang" dbg_scanlogpembagian3_nama="Head Office" dbg_scanlogverifymode="1" dbg_scanloginoutmode="1" dbg_scanlogwork_code="0" dbg_scanlogsn="FIO616202019511909" dbg_scanlogdevice_name="Head Office"></ROW>
    <ROW dbg_scanlogscan_date="2022-07-26T18:03:50" dbg_scanlogtgl="2022-07-26" dbg_scanlogjam="18:03:50" dbg_scanlogpin="1630" dbg_scanlogpegawai_nip="219" dbg_scanlogpegawai_nama="Siti Ayuningtyas Candra Mawarsari" dbg_scanlogpembagian1_nama="" dbg_scanlogpembagian2_nama="Uranus-Sondang" dbg_scanlogpembagian3_nama="Head Office" dbg_scanlogverifymode="1" dbg_scanloginoutmode="2" dbg_scanlogwork_code="0" dbg_scanlogsn="FIO616202019511909" dbg_scanlogdevice_name="Head Office"></ROW>
    <ROW dbg_scanlogscan_date="2022-07-27T08:26:39" dbg_scanlogtgl="2022-07-27" dbg_scanlogjam="08:26:39" dbg_scanlogpin="1630" dbg_scanlogpegawai_nip="219" dbg_scanlogpegawai_nama="Siti Ayuningtyas Candra Mawarsari" dbg_scanlogpembagian1_nama="" dbg_scanlogpembagian2_nama="Uranus-Sondang" dbg_scanlogpembagian3_nama="Head Office" dbg_scanlogverifymode="1" dbg_scanloginoutmode="1" dbg_scanlogwork_code="0" dbg_scanlogsn="FIO616202019511909" dbg_scanlogdevice_name="Head Office"></ROW>
    <ROW dbg_scanlogscan_date="2022-07-27T18:03:14" dbg_scanlogtgl="2022-07-27" dbg_scanlogjam="18:03:14" dbg_scanlogpin="1630" dbg_scanlogpegawai_nip="219" dbg_scanlogpegawai_nama="Siti Ayuningtyas Candra Mawarsari" dbg_scanlogpembagian1_nama="" dbg_scanlogpembagian2_nama="Uranus-Sondang" dbg_scanlogpembagian3_nama="Head Office" dbg_scanlogverifymode="1" dbg_scanloginoutmode="2" dbg_scanlogwork_code="0" dbg_scanlogsn="FIO616202019511909" dbg_scanlogdevice_name="Head Office"></ROW>
    <ROW dbg_scanlogscan_date="2022-07-28T09:02:36" dbg_scanlogtgl="2022-07-28" dbg_scanlogjam="09:02:36" dbg_scanlogpin="1630" dbg_scanlogpegawai_nip="219" dbg_scanlogpegawai_nama="Siti Ayuningtyas Candra Mawarsari" dbg_scanlogpembagian1_nama="" dbg_scanlogpembagian2_nama="Uranus-Sondang" dbg_scanlogpembagian3_nama="Head Office" dbg_scanlogverifymode="1" dbg_scanloginoutmode="1" dbg_scanlogwork_code="0" dbg_scanlogsn="FIO616202019511909" dbg_scanlogdevice_name="Head Office"></ROW>
    <ROW dbg_scanlogscan_date="2022-07-29T08:59:52" dbg_scanlogtgl="2022-07-29" dbg_scanlogjam="08:59:52" dbg_scanlogpin="1630" dbg_scanlogpegawai_nip="219" dbg_scanlogpegawai_nama="Siti Ayuningtyas Candra Mawarsari" dbg_scanlogpembagian1_nama="" dbg_scanlogpembagian2_nama="Uranus-Sondang" dbg_scanlogpembagian3_nama="Head Office" dbg_scanlogverifymode="1" dbg_scanloginoutmode="1" dbg_scanlogwork_code="0" dbg_scanlogsn="FIO616202019511909" dbg_scanlogdevice_name="Head Office"></ROW>
    <ROW dbg_scanlogscan_date="2022-07-26T05:56:59" dbg_scanlogtgl="2022-07-26" dbg_scanlogjam="05:56:59" dbg_scanlogpin="1670" dbg_scanlogpegawai_nip="228" dbg_scanlogpegawai_nama="Josua Nugraha Panjaitan" dbg_scanlogpembagian1_nama="" dbg_scanlogpembagian2_nama="Orcus-Erda" dbg_scanlogpembagian3_nama="Head Office" dbg_scanlogverifymode="1" dbg_scanloginoutmode="1" dbg_scanlogwork_code="0" dbg_scanlogsn="FIO616202019511909" dbg_scanlogdevice_name="Head Office"></ROW>
    <ROW dbg_scanlogscan_date="2022-07-26T15:09:31" dbg_scanlogtgl="2022-07-26" dbg_scanlogjam="15:09:31" dbg_scanlogpin="1670" dbg_scanlogpegawai_nip="228" dbg_scanlogpegawai_nama="Josua Nugraha Panjaitan" dbg_scanlogpembagian1_nama="" dbg_scanlogpembagian2_nama="Orcus-Erda" dbg_scanlogpembagian3_nama="Head Office" dbg_scanlogverifymode="1" dbg_scanloginoutmode="2" dbg_scanlogwork_code="0" dbg_scanlogsn="FIO616202019511909" dbg_scanlogdevice_name="Head Office"></ROW>
    <ROW dbg_scanlogscan_date="2022-07-28T21:32:34" dbg_scanlogtgl="2022-07-28" dbg_scanlogjam="21:32:34" dbg_scanlogpin="1670" dbg_scanlogpegawai_nip="228" dbg_scanlogpegawai_nama="Josua Nugraha Panjaitan" dbg_scanlogpembagian1_nama="" dbg_scanlogpembagian2_nama="Orcus-Erda" dbg_scanlogpembagian3_nama="Head Office" dbg_scanlogverifymode="1" dbg_scanloginoutmode="1" dbg_scanlogwork_code="0" dbg_scanlogsn="FIO616202019511909" dbg_scanlogdevice_name="Head Office"></ROW>
    <ROW dbg_scanlogscan_date="2022-07-29T07:13:57" dbg_scanlogtgl="2022-07-29" dbg_scanlogjam="07:13:57" dbg_scanlogpin="1670" dbg_scanlogpegawai_nip="228" dbg_scanlogpegawai_nama="Josua Nugraha Panjaitan" dbg_scanlogpembagian1_nama="" dbg_scanlogpembagian2_nama="Orcus-Erda" dbg_scanlogpembagian3_nama="Head Office" dbg_scanlogverifymode="1" dbg_scanloginoutmode="2" dbg_scanlogwork_code="0" dbg_scanlogsn="FIO616202019511909" dbg_scanlogdevice_name="Head Office"></ROW>
    <ROW dbg_scanlogscan_date="2022-07-25T08:49:37" dbg_scanlogtgl="2022-07-25" dbg_scanlogjam="08:49:37" dbg_scanlogpin="1710" dbg_scanlogpegawai_nip="238" dbg_scanlogpegawai_nama="Prayoga Haditya Putra" dbg_scanlogpembagian1_nama="" dbg_scanlogpembagian2_nama="Vesta-David" dbg_scanlogpembagian3_nama="Head Office" dbg_scanlogverifymode="1" dbg_scanloginoutmode="1" dbg_scanlogwork_code="0" dbg_scanlogsn="FIO616202019511909" dbg_scanlogdevice_name="Head Office"></ROW>
    <ROW dbg_scanlogscan_date="2022-07-25T18:33:35" dbg_scanlogtgl="2022-07-25" dbg_scanlogjam="18:33:35" dbg_scanlogpin="1710" dbg_scanlogpegawai_nip="238" dbg_scanlogpegawai_nama="Prayoga Haditya Putra" dbg_scanlogpembagian1_nama="" dbg_scanlogpembagian2_nama="Vesta-David" dbg_scanlogpembagian3_nama="Head Office" dbg_scanlogverifymode="1" dbg_scanloginoutmode="2" dbg_scanlogwork_code="0" dbg_scanlogsn="FIO616202019511909" dbg_scanlogdevice_name="Head Office"></ROW>
    <ROW dbg_scanlogscan_date="2022-07-26T08:46:50" dbg_scanlogtgl="2022-07-26" dbg_scanlogjam="08:46:50" dbg_scanlogpin="1710" dbg_scanlogpegawai_nip="238" dbg_scanlogpegawai_nama="Prayoga Haditya Putra" dbg_scanlogpembagian1_nama="" dbg_scanlogpembagian2_nama="Vesta-David" dbg_scanlogpembagian3_nama="Head Office" dbg_scanlogverifymode="1" dbg_scanloginoutmode="1" dbg_scanlogwork_code="0" dbg_scanlogsn="FIO616202019511909" dbg_scanlogdevice_name="Head Office"></ROW>
    <ROW dbg_scanlogscan_date="2022-07-27T08:46:10" dbg_scanlogtgl="2022-07-27" dbg_scanlogjam="08:46:10" dbg_scanlogpin="1710" dbg_scanlogpegawai_nip="238" dbg_scanlogpegawai_nama="Prayoga Haditya Putra" dbg_scanlogpembagian1_nama="" dbg_scanlogpembagian2_nama="Vesta-David" dbg_scanlogpembagian3_nama="Head Office" dbg_scanlogverifymode="1" dbg_scanloginoutmode="1" dbg_scanlogwork_code="0" dbg_scanlogsn="FIO616202019511909" dbg_scanlogdevice_name="Head Office"></ROW>
    <ROW dbg_scanlogscan_date="2022-07-28T08:45:38" dbg_scanlogtgl="2022-07-28" dbg_scanlogjam="08:45:38" dbg_scanlogpin="1710" dbg_scanlogpegawai_nip="238" dbg_scanlogpegawai_nama="Prayoga Haditya Putra" dbg_scanlogpembagian1_nama="" dbg_scanlogpembagian2_nama="Vesta-David" dbg_scanlogpembagian3_nama="Head Office" dbg_scanlogverifymode="1" dbg_scanloginoutmode="1" dbg_scanlogwork_code="0" dbg_scanlogsn="FIO616202019511909" dbg_scanlogdevice_name="Head Office"></ROW>
    <ROW dbg_scanlogscan_date="2022-07-28T18:32:26" dbg_scanlogtgl="2022-07-28" dbg_scanlogjam="18:32:26" dbg_scanlogpin="1710" dbg_scanlogpegawai_nip="238" dbg_scanlogpegawai_nama="Prayoga Haditya Putra" dbg_scanlogpembagian1_nama="" dbg_scanlogpembagian2_nama="Vesta-David" dbg_scanlogpembagian3_nama="Head Office" dbg_scanlogverifymode="1" dbg_scanloginoutmode="2" dbg_scanlogwork_code="0" dbg_scanlogsn="FIO616202019511909" dbg_scanlogdevice_name="Head Office"></ROW>
    <ROW dbg_scanlogscan_date="2022-07-29T08:53:10" dbg_scanlogtgl="2022-07-29" dbg_scanlogjam="08:53:10" dbg_scanlogpin="1710" dbg_scanlogpegawai_nip="238" dbg_scanlogpegawai_nama="Prayoga Haditya Putra" dbg_scanlogpembagian1_nama="" dbg_scanlogpembagian2_nama="Vesta-David" dbg_scanlogpembagian3_nama="Head Office" dbg_scanlogverifymode="1" dbg_scanloginoutmode="1" dbg_scanlogwork_code="0" dbg_scanlogsn="FIO616202019511909" dbg_scanlogdevice_name="Head Office"></ROW>
    <ROW dbg_scanlogscan_date="2022-07-29T18:12:22" dbg_scanlogtgl="2022-07-29" dbg_scanlogjam="18:12:22" dbg_scanlogpin="1710" dbg_scanlogpegawai_nip="238" dbg_scanlogpegawai_nama="Prayoga Haditya Putra" dbg_scanlogpembagian1_nama="" dbg_scanlogpembagian2_nama="Vesta-David" dbg_scanlogpembagian3_nama="Head Office" dbg_scanlogverifymode="1" dbg_scanloginoutmode="2" dbg_scanlogwork_code="0" dbg_scanlogsn="FIO616202019511909" dbg_scanlogdevice_name="Head Office"></ROW>
    <ROW dbg_scanlogscan_date="2022-07-25T09:11:45" dbg_scanlogtgl="2022-07-25" dbg_scanlogjam="09:11:45" dbg_scanlogpin="1730" dbg_scanlogpegawai_nip="240" dbg_scanlogpegawai_nama="Ade Nashrudin Fuadi" dbg_scanlogpembagian1_nama="" dbg_scanlogpembagian2_nama="CTO" dbg_scanlogpembagian3_nama="Head Office" dbg_scanlogverifymode="1" dbg_scanloginoutmode="1" dbg_scanlogwork_code="0" dbg_scanlogsn="FIO616202019511909" dbg_scanlogdevice_name="Head Office"></ROW>
    <ROW dbg_scanlogscan_date="2022-07-25T18:06:56" dbg_scanlogtgl="2022-07-25" dbg_scanlogjam="18:06:56" dbg_scanlogpin="1730" dbg_scanlogpegawai_nip="240" dbg_scanlogpegawai_nama="Ade Nashrudin Fuadi" dbg_scanlogpembagian1_nama="" dbg_scanlogpembagian2_nama="CTO" dbg_scanlogpembagian3_nama="Head Office" dbg_scanlogverifymode="1" dbg_scanloginoutmode="2" dbg_scanlogwork_code="0" dbg_scanlogsn="FIO616202019511909" dbg_scanlogdevice_name="Head Office"></ROW>
    <ROW dbg_scanlogscan_date="2022-07-26T09:38:24" dbg_scanlogtgl="2022-07-26" dbg_scanlogjam="09:38:24" dbg_scanlogpin="1730" dbg_scanlogpegawai_nip="240" dbg_scanlogpegawai_nama="Ade Nashrudin Fuadi" dbg_scanlogpembagian1_nama="" dbg_scanlogpembagian2_nama="CTO" dbg_scanlogpembagian3_nama="Head Office" dbg_scanlogverifymode="1" dbg_scanloginoutmode="1" dbg_scanlogwork_code="0" dbg_scanlogsn="FIO616202019511909" dbg_scanlogdevice_name="Head Office"></ROW>
    <ROW dbg_scanlogscan_date="2022-07-26T18:07:16" dbg_scanlogtgl="2022-07-26" dbg_scanlogjam="18:07:16" dbg_scanlogpin="1730" dbg_scanlogpegawai_nip="240" dbg_scanlogpegawai_nama="Ade Nashrudin Fuadi" dbg_scanlogpembagian1_nama="" dbg_scanlogpembagian2_nama="CTO" dbg_scanlogpembagian3_nama="Head Office" dbg_scanlogverifymode="1" dbg_scanloginoutmode="2" dbg_scanlogwork_code="0" dbg_scanlogsn="FIO616202019511909" dbg_scanlogdevice_name="Head Office"></ROW>
    <ROW dbg_scanlogscan_date="2022-07-27T10:00:25" dbg_scanlogtgl="2022-07-27" dbg_scanlogjam="10:00:25" dbg_scanlogpin="1730" dbg_scanlogpegawai_nip="240" dbg_scanlogpegawai_nama="Ade Nashrudin Fuadi" dbg_scanlogpembagian1_nama="" dbg_scanlogpembagian2_nama="CTO" dbg_scanlogpembagian3_nama="Head Office" dbg_scanlogverifymode="1" dbg_scanloginoutmode="1" dbg_scanlogwork_code="0" dbg_scanlogsn="FIO616202019511909" dbg_scanlogdevice_name="Head Office"></ROW>
    <ROW dbg_scanlogscan_date="2022-07-27T18:05:01" dbg_scanlogtgl="2022-07-27" dbg_scanlogjam="18:05:01" dbg_scanlogpin="1730" dbg_scanlogpegawai_nip="240" dbg_scanlogpegawai_nama="Ade Nashrudin Fuadi" dbg_scanlogpembagian1_nama="" dbg_scanlogpembagian2_nama="CTO" dbg_scanlogpembagian3_nama="Head Office" dbg_scanlogverifymode="1" dbg_scanloginoutmode="2" dbg_scanlogwork_code="0" dbg_scanlogsn="FIO616202019511909" dbg_scanlogdevice_name="Head Office"></ROW>
    <ROW dbg_scanlogscan_date="2022-07-28T09:54:14" dbg_scanlogtgl="2022-07-28" dbg_scanlogjam="09:54:14" dbg_scanlogpin="1730" dbg_scanlogpegawai_nip="240" dbg_scanlogpegawai_nama="Ade Nashrudin Fuadi" dbg_scanlogpembagian1_nama="" dbg_scanlogpembagian2_nama="CTO" dbg_scanlogpembagian3_nama="Head Office" dbg_scanlogverifymode="1" dbg_scanloginoutmode="1" dbg_scanlogwork_code="0" dbg_scanlogsn="FIO616202019511909" dbg_scanlogdevice_name="Head Office"></ROW>
    <ROW dbg_scanlogscan_date="2022-07-28T18:11:15" dbg_scanlogtgl="2022-07-28" dbg_scanlogjam="18:11:15" dbg_scanlogpin="1730" dbg_scanlogpegawai_nip="240" dbg_scanlogpegawai_nama="Ade Nashrudin Fuadi" dbg_scanlogpembagian1_nama="" dbg_scanlogpembagian2_nama="CTO" dbg_scanlogpembagian3_nama="Head Office" dbg_scanlogverifymode="1" dbg_scanloginoutmode="2" dbg_scanlogwork_code="0" dbg_scanlogsn="FIO616202019511909" dbg_scanlogdevice_name="Head Office"></ROW>
    <ROW dbg_scanlogscan_date="2022-07-29T08:59:41" dbg_scanlogtgl="2022-07-29" dbg_scanlogjam="08:59:41" dbg_scanlogpin="1730" dbg_scanlogpegawai_nip="240" dbg_scanlogpegawai_nama="Ade Nashrudin Fuadi" dbg_scanlogpembagian1_nama="" dbg_scanlogpembagian2_nama="CTO" dbg_scanlogpembagian3_nama="Head Office" dbg_scanlogverifymode="1" dbg_scanloginoutmode="1" dbg_scanlogwork_code="0" dbg_scanlogsn="FIO616202019511909" dbg_scanlogdevice_name="Head Office"></ROW>
    <ROW dbg_scanlogscan_date="2022-07-25T08:59:14" dbg_scanlogtgl="2022-07-25" dbg_scanlogjam="08:59:14" dbg_scanlogpin="1740" dbg_scanlogpegawai_nip="243" dbg_scanlogpegawai_nama="Siti Nurul Khasanah" dbg_scanlogpembagian1_nama="" dbg_scanlogpembagian2_nama="Uranus-Sondang" dbg_scanlogpembagian3_nama="Head Office" dbg_scanlogverifymode="1" dbg_scanloginoutmode="1" dbg_scanlogwork_code="0" dbg_scanlogsn="FIO616202019511909" dbg_scanlogdevice_name="Head Office"></ROW>
    <ROW dbg_scanlogscan_date="2022-07-25T18:05:05" dbg_scanlogtgl="2022-07-25" dbg_scanlogjam="18:05:05" dbg_scanlogpin="1740" dbg_scanlogpegawai_nip="243" dbg_scanlogpegawai_nama="Siti Nurul Khasanah" dbg_scanlogpembagian1_nama="" dbg_scanlogpembagian2_nama="Uranus-Sondang" dbg_scanlogpembagian3_nama="Head Office" dbg_scanlogverifymode="1" dbg_scanloginoutmode="2" dbg_scanlogwork_code="0" dbg_scanlogsn="FIO616202019511909" dbg_scanlogdevice_name="Head Office"></ROW>
    <ROW dbg_scanlogscan_date="2022-07-26T08:59:33" dbg_scanlogtgl="2022-07-26" dbg_scanlogjam="08:59:33" dbg_scanlogpin="1740" dbg_scanlogpegawai_nip="243" dbg_scanlogpegawai_nama="Siti Nurul Khasanah" dbg_scanlogpembagian1_nama="" dbg_scanlogpembagian2_nama="Uranus-Sondang" dbg_scanlogpembagian3_nama="Head Office" dbg_scanlogverifymode="1" dbg_scanloginoutmode="1" dbg_scanlogwork_code="0" dbg_scanlogsn="FIO616202019511909" dbg_scanlogdevice_name="Head Office"></ROW>
    <ROW dbg_scanlogscan_date="2022-07-26T18:04:13" dbg_scanlogtgl="2022-07-26" dbg_scanlogjam="18:04:13" dbg_scanlogpin="1740" dbg_scanlogpegawai_nip="243" dbg_scanlogpegawai_nama="Siti Nurul Khasanah" dbg_scanlogpembagian1_nama="" dbg_scanlogpembagian2_nama="Uranus-Sondang" dbg_scanlogpembagian3_nama="Head Office" dbg_scanlogverifymode="1" dbg_scanloginoutmode="2" dbg_scanlogwork_code="0" dbg_scanlogsn="FIO616202019511909" dbg_scanlogdevice_name="Head Office"></ROW>
    <ROW dbg_scanlogscan_date="2022-07-28T09:01:29" dbg_scanlogtgl="2022-07-28" dbg_scanlogjam="09:01:29" dbg_scanlogpin="1740" dbg_scanlogpegawai_nip="243" dbg_scanlogpegawai_nama="Siti Nurul Khasanah" dbg_scanlogpembagian1_nama="" dbg_scanlogpembagian2_nama="Uranus-Sondang" dbg_scanlogpembagian3_nama="Head Office" dbg_scanlogverifymode="1" dbg_scanloginoutmode="1" dbg_scanlogwork_code="0" dbg_scanlogsn="FIO616202019511909" dbg_scanlogdevice_name="Head Office"></ROW>
    <ROW dbg_scanlogscan_date="2022-07-28T18:08:41" dbg_scanlogtgl="2022-07-28" dbg_scanlogjam="18:08:41" dbg_scanlogpin="1740" dbg_scanlogpegawai_nip="243" dbg_scanlogpegawai_nama="Siti Nurul Khasanah" dbg_scanlogpembagian1_nama="" dbg_scanlogpembagian2_nama="Uranus-Sondang" dbg_scanlogpembagian3_nama="Head Office" dbg_scanlogverifymode="1" dbg_scanloginoutmode="2" dbg_scanlogwork_code="0" dbg_scanlogsn="FIO616202019511909" dbg_scanlogdevice_name="Head Office"></ROW>
    <ROW dbg_scanlogscan_date="2022-07-29T08:53:14" dbg_scanlogtgl="2022-07-29" dbg_scanlogjam="08:53:14" dbg_scanlogpin="1740" dbg_scanlogpegawai_nip="243" dbg_scanlogpegawai_nama="Siti Nurul Khasanah" dbg_scanlogpembagian1_nama="" dbg_scanlogpembagian2_nama="Uranus-Sondang" dbg_scanlogpembagian3_nama="Head Office" dbg_scanlogverifymode="1" dbg_scanloginoutmode="1" dbg_scanlogwork_code="0" dbg_scanlogsn="FIO616202019511909" dbg_scanlogdevice_name="Head Office"></ROW>
    <ROW dbg_scanlogscan_date="2022-07-25T09:04:07" dbg_scanlogtgl="2022-07-25" dbg_scanlogjam="09:04:07" dbg_scanlogpin="1750" dbg_scanlogpegawai_nip="244" dbg_scanlogpegawai_nama="Shafarezki Aisyah" dbg_scanlogpembagian1_nama="" dbg_scanlogpembagian2_nama="Uranus-Sondang" dbg_scanlogpembagian3_nama="Head Office" dbg_scanlogverifymode="1" dbg_scanloginoutmode="1" dbg_scanlogwork_code="0" dbg_scanlogsn="FIO616202019511909" dbg_scanlogdevice_name="Head Office"></ROW>
    <ROW dbg_scanlogscan_date="2022-07-25T18:03:14" dbg_scanlogtgl="2022-07-25" dbg_scanlogjam="18:03:14" dbg_scanlogpin="1750" dbg_scanlogpegawai_nip="244" dbg_scanlogpegawai_nama="Shafarezki Aisyah" dbg_scanlogpembagian1_nama="" dbg_scanlogpembagian2_nama="Uranus-Sondang" dbg_scanlogpembagian3_nama="Head Office" dbg_scanlogverifymode="1" dbg_scanloginoutmode="2" dbg_scanlogwork_code="0" dbg_scanlogsn="FIO616202019511909" dbg_scanlogdevice_name="Head Office"></ROW>
    <ROW dbg_scanlogscan_date="2022-07-26T08:45:59" dbg_scanlogtgl="2022-07-26" dbg_scanlogjam="08:45:59" dbg_scanlogpin="1750" dbg_scanlogpegawai_nip="244" dbg_scanlogpegawai_nama="Shafarezki Aisyah" dbg_scanlogpembagian1_nama="" dbg_scanlogpembagian2_nama="Uranus-Sondang" dbg_scanlogpembagian3_nama="Head Office" dbg_scanlogverifymode="1" dbg_scanloginoutmode="1" dbg_scanlogwork_code="0" dbg_scanlogsn="FIO616202019511909" dbg_scanlogdevice_name="Head Office"></ROW>
    <ROW dbg_scanlogscan_date="2022-07-26T18:03:59" dbg_scanlogtgl="2022-07-26" dbg_scanlogjam="18:03:59" dbg_scanlogpin="1750" dbg_scanlogpegawai_nip="244" dbg_scanlogpegawai_nama="Shafarezki Aisyah" dbg_scanlogpembagian1_nama="" dbg_scanlogpembagian2_nama="Uranus-Sondang" dbg_scanlogpembagian3_nama="Head Office" dbg_scanlogverifymode="1" dbg_scanloginoutmode="2" dbg_scanlogwork_code="0" dbg_scanlogsn="FIO616202019511909" dbg_scanlogdevice_name="Head Office"></ROW>
    <ROW dbg_scanlogscan_date="2022-07-27T09:02:17" dbg_scanlogtgl="2022-07-27" dbg_scanlogjam="09:02:17" dbg_scanlogpin="1750" dbg_scanlogpegawai_nip="244" dbg_scanlogpegawai_nama="Shafarezki Aisyah" dbg_scanlogpembagian1_nama="" dbg_scanlogpembagian2_nama="Uranus-Sondang" dbg_scanlogpembagian3_nama="Head Office" dbg_scanlogverifymode="1" dbg_scanloginoutmode="1" dbg_scanlogwork_code="0" dbg_scanlogsn="FIO616202019511909" dbg_scanlogdevice_name="Head Office"></ROW>
    <ROW dbg_scanlogscan_date="2022-07-27T18:10:42" dbg_scanlogtgl="2022-07-27" dbg_scanlogjam="18:10:42" dbg_scanlogpin="1750" dbg_scanlogpegawai_nip="244" dbg_scanlogpegawai_nama="Shafarezki Aisyah" dbg_scanlogpembagian1_nama="" dbg_scanlogpembagian2_nama="Uranus-Sondang" dbg_scanlogpembagian3_nama="Head Office" dbg_scanlogverifymode="1" dbg_scanloginoutmode="2" dbg_scanlogwork_code="0" dbg_scanlogsn="FIO616202019511909" dbg_scanlogdevice_name="Head Office"></ROW>
    <ROW dbg_scanlogscan_date="2022-07-28T08:55:24" dbg_scanlogtgl="2022-07-28" dbg_scanlogjam="08:55:24" dbg_scanlogpin="1750" dbg_scanlogpegawai_nip="244" dbg_scanlogpegawai_nama="Shafarezki Aisyah" dbg_scanlogpembagian1_nama="" dbg_scanlogpembagian2_nama="Uranus-Sondang" dbg_scanlogpembagian3_nama="Head Office" dbg_scanlogverifymode="1" dbg_scanloginoutmode="1" dbg_scanlogwork_code="0" dbg_scanlogsn="FIO616202019511909" dbg_scanlogdevice_name="Head Office"></ROW>
    <ROW dbg_scanlogscan_date="2022-07-28T18:06:59" dbg_scanlogtgl="2022-07-28" dbg_scanlogjam="18:06:59" dbg_scanlogpin="1750" dbg_scanlogpegawai_nip="244" dbg_scanlogpegawai_nama="Shafarezki Aisyah" dbg_scanlogpembagian1_nama="" dbg_scanlogpembagian2_nama="Uranus-Sondang" dbg_scanlogpembagian3_nama="Head Office" dbg_scanlogverifymode="1" dbg_scanloginoutmode="2" dbg_scanlogwork_code="0" dbg_scanlogsn="FIO616202019511909" dbg_scanlogdevice_name="Head Office"></ROW>
    <ROW dbg_scanlogscan_date="2022-07-29T08:51:02" dbg_scanlogtgl="2022-07-29" dbg_scanlogjam="08:51:02" dbg_scanlogpin="1750" dbg_scanlogpegawai_nip="244" dbg_scanlogpegawai_nama="Shafarezki Aisyah" dbg_scanlogpembagian1_nama="" dbg_scanlogpembagian2_nama="Uranus-Sondang" dbg_scanlogpembagian3_nama="Head Office" dbg_scanlogverifymode="1" dbg_scanloginoutmode="1" dbg_scanlogwork_code="0" dbg_scanlogsn="FIO616202019511909" dbg_scanlogdevice_name="Head Office"></ROW>
    <ROW dbg_scanlogscan_date="2022-07-25T09:23:37" dbg_scanlogtgl="2022-07-25" dbg_scanlogjam="09:23:37" dbg_scanlogpin="1780" dbg_scanlogpegawai_nip="249" dbg_scanlogpegawai_nama="Livio Tri Gieraldo" dbg_scanlogpembagian1_nama="" dbg_scanlogpembagian2_nama="Neptune-Teguh" dbg_scanlogpembagian3_nama="Head Office" dbg_scanlogverifymode="1" dbg_scanloginoutmode="1" dbg_scanlogwork_code="0" dbg_scanlogsn="FIO616202019511909" dbg_scanlogdevice_name="Head Office"></ROW>
    <ROW dbg_scanlogscan_date="2022-07-25T09:35:08" dbg_scanlogtgl="2022-07-25" dbg_scanlogjam="09:35:08" dbg_scanlogpin="1810" dbg_scanlogpegawai_nip="254" dbg_scanlogpegawai_nama="Farah Nur Hidayah" dbg_scanlogpembagian1_nama="" dbg_scanlogpembagian2_nama="Jupiter-Deni K" dbg_scanlogpembagian3_nama="Head Office" dbg_scanlogverifymode="1" dbg_scanloginoutmode="1" dbg_scanlogwork_code="0" dbg_scanlogsn="FIO616202019511909" dbg_scanlogdevice_name="Head Office"></ROW>
    <ROW dbg_scanlogscan_date="2022-07-25T18:46:44" dbg_scanlogtgl="2022-07-25" dbg_scanlogjam="18:46:44" dbg_scanlogpin="1810" dbg_scanlogpegawai_nip="254" dbg_scanlogpegawai_nama="Farah Nur Hidayah" dbg_scanlogpembagian1_nama="" dbg_scanlogpembagian2_nama="Jupiter-Deni K" dbg_scanlogpembagian3_nama="Head Office" dbg_scanlogverifymode="1" dbg_scanloginoutmode="2" dbg_scanlogwork_code="0" dbg_scanlogsn="FIO616202019511909" dbg_scanlogdevice_name="Head Office"></ROW>
    <ROW dbg_scanlogscan_date="2022-07-27T09:35:34" dbg_scanlogtgl="2022-07-27" dbg_scanlogjam="09:35:34" dbg_scanlogpin="1810" dbg_scanlogpegawai_nip="254" dbg_scanlogpegawai_nama="Farah Nur Hidayah" dbg_scanlogpembagian1_nama="" dbg_scanlogpembagian2_nama="Jupiter-Deni K" dbg_scanlogpembagian3_nama="Head Office" dbg_scanlogverifymode="1" dbg_scanloginoutmode="1" dbg_scanlogwork_code="0" dbg_scanlogsn="FIO616202019511909" dbg_scanlogdevice_name="Head Office"></ROW>
    <ROW dbg_scanlogscan_date="2022-07-27T19:00:28" dbg_scanlogtgl="2022-07-27" dbg_scanlogjam="19:00:28" dbg_scanlogpin="1810" dbg_scanlogpegawai_nip="254" dbg_scanlogpegawai_nama="Farah Nur Hidayah" dbg_scanlogpembagian1_nama="" dbg_scanlogpembagian2_nama="Jupiter-Deni K" dbg_scanlogpembagian3_nama="Head Office" dbg_scanlogverifymode="1" dbg_scanloginoutmode="2" dbg_scanlogwork_code="0" dbg_scanlogsn="FIO616202019511909" dbg_scanlogdevice_name="Head Office"></ROW>
    <ROW dbg_scanlogscan_date="2022-07-25T21:53:22" dbg_scanlogtgl="2022-07-25" dbg_scanlogjam="21:53:22" dbg_scanlogpin="1950" dbg_scanlogpegawai_nip="274" dbg_scanlogpegawai_nama="Louis Turnip" dbg_scanlogpembagian1_nama="" dbg_scanlogpembagian2_nama="Orcus-Erda" dbg_scanlogpembagian3_nama="Head Office" dbg_scanlogverifymode="1" dbg_scanloginoutmode="1" dbg_scanlogwork_code="0" dbg_scanlogsn="FIO616202019511909" dbg_scanlogdevice_name="Head Office"></ROW>
    <ROW dbg_scanlogscan_date="2022-07-26T07:22:27" dbg_scanlogtgl="2022-07-26" dbg_scanlogjam="07:22:27" dbg_scanlogpin="1950" dbg_scanlogpegawai_nip="274" dbg_scanlogpegawai_nama="Louis Turnip" dbg_scanlogpembagian1_nama="" dbg_scanlogpembagian2_nama="Orcus-Erda" dbg_scanlogpembagian3_nama="Head Office" dbg_scanlogverifymode="1" dbg_scanloginoutmode="2" dbg_scanlogwork_code="0" dbg_scanlogsn="FIO616202019511909" dbg_scanlogdevice_name="Head Office"></ROW>
    <ROW dbg_scanlogscan_date="2022-07-27T05:55:58" dbg_scanlogtgl="2022-07-27" dbg_scanlogjam="05:55:58" dbg_scanlogpin="1950" dbg_scanlogpegawai_nip="274" dbg_scanlogpegawai_nama="Louis Turnip" dbg_scanlogpembagian1_nama="" dbg_scanlogpembagian2_nama="Orcus-Erda" dbg_scanlogpembagian3_nama="Head Office" dbg_scanlogverifymode="1" dbg_scanloginoutmode="1" dbg_scanlogwork_code="0" dbg_scanlogsn="FIO616202019511909" dbg_scanlogdevice_name="Head Office"></ROW>
    <ROW dbg_scanlogscan_date="2022-07-27T15:11:14" dbg_scanlogtgl="2022-07-27" dbg_scanlogjam="15:11:14" dbg_scanlogpin="1950" dbg_scanlogpegawai_nip="274" dbg_scanlogpegawai_nama="Louis Turnip" dbg_scanlogpembagian1_nama="" dbg_scanlogpembagian2_nama="Orcus-Erda" dbg_scanlogpembagian3_nama="Head Office" dbg_scanlogverifymode="1" dbg_scanloginoutmode="2" dbg_scanlogwork_code="0" dbg_scanlogsn="FIO616202019511909" dbg_scanlogdevice_name="Head Office"></ROW>
    <ROW dbg_scanlogscan_date="2022-07-28T05:56:00" dbg_scanlogtgl="2022-07-28" dbg_scanlogjam="05:56:00" dbg_scanlogpin="1950" dbg_scanlogpegawai_nip="274" dbg_scanlogpegawai_nama="Louis Turnip" dbg_scanlogpembagian1_nama="" dbg_scanlogpembagian2_nama="Orcus-Erda" dbg_scanlogpembagian3_nama="Head Office" dbg_scanlogverifymode="1" dbg_scanloginoutmode="1" dbg_scanlogwork_code="0" dbg_scanlogsn="FIO616202019511909" dbg_scanlogdevice_name="Head Office"></ROW>
    <ROW dbg_scanlogscan_date="2022-07-28T15:05:35" dbg_scanlogtgl="2022-07-28" dbg_scanlogjam="15:05:35" dbg_scanlogpin="1950" dbg_scanlogpegawai_nip="274" dbg_scanlogpegawai_nama="Louis Turnip" dbg_scanlogpembagian1_nama="" dbg_scanlogpembagian2_nama="Orcus-Erda" dbg_scanlogpembagian3_nama="Head Office" dbg_scanlogverifymode="1" dbg_scanloginoutmode="2" dbg_scanlogwork_code="0" dbg_scanlogsn="FIO616202019511909" dbg_scanlogdevice_name="Head Office"></ROW>
    <ROW dbg_scanlogscan_date="2022-07-29T05:56:13" dbg_scanlogtgl="2022-07-29" dbg_scanlogjam="05:56:13" dbg_scanlogpin="1950" dbg_scanlogpegawai_nip="274" dbg_scanlogpegawai_nama="Louis Turnip" dbg_scanlogpembagian1_nama="" dbg_scanlogpembagian2_nama="Orcus-Erda" dbg_scanlogpembagian3_nama="Head Office" dbg_scanlogverifymode="1" dbg_scanloginoutmode="1" dbg_scanlogwork_code="0" dbg_scanlogsn="FIO616202019511909" dbg_scanlogdevice_name="Head Office"></ROW>
    <ROW dbg_scanlogscan_date="2022-07-29T15:12:42" dbg_scanlogtgl="2022-07-29" dbg_scanlogjam="15:12:42" dbg_scanlogpin="1950" dbg_scanlogpegawai_nip="274" dbg_scanlogpegawai_nama="Louis Turnip" dbg_scanlogpembagian1_nama="" dbg_scanlogpembagian2_nama="Orcus-Erda" dbg_scanlogpembagian3_nama="Head Office" dbg_scanlogverifymode="1" dbg_scanloginoutmode="2" dbg_scanlogwork_code="0" dbg_scanlogsn="FIO616202019511909" dbg_scanlogdevice_name="Head Office"></ROW>
    <ROW dbg_scanlogscan_date="2022-07-25T00:00:01" dbg_scanlogtgl="2022-07-25" dbg_scanlogjam="00:00:01" dbg_scanlogpin="1960" dbg_scanlogpegawai_nip="275" dbg_scanlogpegawai_nama="Rizki Febrian Aziz" dbg_scanlogpembagian1_nama="" dbg_scanlogpembagian2_nama="Orcus-Erda" dbg_scanlogpembagian3_nama="Head Office" dbg_scanlogverifymode="1" dbg_scanloginoutmode="2" dbg_scanlogwork_code="0" dbg_scanlogsn="FIO616202019511909" dbg_scanlogdevice_name="Head Office"></ROW>
    <ROW dbg_scanlogscan_date="2022-07-25T13:15:59" dbg_scanlogtgl="2022-07-25" dbg_scanlogjam="13:15:59" dbg_scanlogpin="1960" dbg_scanlogpegawai_nip="275" dbg_scanlogpegawai_nama="Rizki Febrian Aziz" dbg_scanlogpembagian1_nama="" dbg_scanlogpembagian2_nama="Orcus-Erda" dbg_scanlogpembagian3_nama="Head Office" dbg_scanlogverifymode="1" dbg_scanloginoutmode="1" dbg_scanlogwork_code="0" dbg_scanlogsn="FIO616202019511909" dbg_scanlogdevice_name="Head Office"></ROW>
    <ROW dbg_scanlogscan_date="2022-07-25T23:17:07" dbg_scanlogtgl="2022-07-25" dbg_scanlogjam="23:17:07" dbg_scanlogpin="1960" dbg_scanlogpegawai_nip="275" dbg_scanlogpegawai_nama="Rizki Febrian Aziz" dbg_scanlogpembagian1_nama="" dbg_scanlogpembagian2_nama="Orcus-Erda" dbg_scanlogpembagian3_nama="Head Office" dbg_scanlogverifymode="1" dbg_scanloginoutmode="2" dbg_scanlogwork_code="0" dbg_scanlogsn="FIO616202019511909" dbg_scanlogdevice_name="Head Office"></ROW>
    <ROW dbg_scanlogscan_date="2022-07-26T13:01:18" dbg_scanlogtgl="2022-07-26" dbg_scanlogjam="13:01:18" dbg_scanlogpin="1960" dbg_scanlogpegawai_nip="275" dbg_scanlogpegawai_nama="Rizki Febrian Aziz" dbg_scanlogpembagian1_nama="" dbg_scanlogpembagian2_nama="Orcus-Erda" dbg_scanlogpembagian3_nama="Head Office" dbg_scanlogverifymode="1" dbg_scanloginoutmode="1" dbg_scanlogwork_code="0" dbg_scanlogsn="FIO616202019511909" dbg_scanlogdevice_name="Head Office"></ROW>
    <ROW dbg_scanlogscan_date="2022-07-26T23:08:38" dbg_scanlogtgl="2022-07-26" dbg_scanlogjam="23:08:38" dbg_scanlogpin="1960" dbg_scanlogpegawai_nip="275" dbg_scanlogpegawai_nama="Rizki Febrian Aziz" dbg_scanlogpembagian1_nama="" dbg_scanlogpembagian2_nama="Orcus-Erda" dbg_scanlogpembagian3_nama="Head Office" dbg_scanlogverifymode="1" dbg_scanloginoutmode="2" dbg_scanlogwork_code="0" dbg_scanlogsn="FIO616202019511909" dbg_scanlogdevice_name="Head Office"></ROW>
    <ROW dbg_scanlogscan_date="2022-07-27T14:27:34" dbg_scanlogtgl="2022-07-27" dbg_scanlogjam="14:27:34" dbg_scanlogpin="1960" dbg_scanlogpegawai_nip="275" dbg_scanlogpegawai_nama="Rizki Febrian Aziz" dbg_scanlogpembagian1_nama="" dbg_scanlogpembagian2_nama="Orcus-Erda" dbg_scanlogpembagian3_nama="Head Office" dbg_scanlogverifymode="1" dbg_scanloginoutmode="1" dbg_scanlogwork_code="0" dbg_scanlogsn="FIO616202019511909" dbg_scanlogdevice_name="Head Office"></ROW>
    <ROW dbg_scanlogscan_date="2022-07-27T23:20:59" dbg_scanlogtgl="2022-07-27" dbg_scanlogjam="23:20:59" dbg_scanlogpin="1960" dbg_scanlogpegawai_nip="275" dbg_scanlogpegawai_nama="Rizki Febrian Aziz" dbg_scanlogpembagian1_nama="" dbg_scanlogpembagian2_nama="Orcus-Erda" dbg_scanlogpembagian3_nama="Head Office" dbg_scanlogverifymode="1" dbg_scanloginoutmode="2" dbg_scanlogwork_code="0" dbg_scanlogsn="FIO616202019511909" dbg_scanlogdevice_name="Head Office"></ROW>
    <ROW dbg_scanlogscan_date="2022-07-28T14:33:00" dbg_scanlogtgl="2022-07-28" dbg_scanlogjam="14:33:00" dbg_scanlogpin="1960" dbg_scanlogpegawai_nip="275" dbg_scanlogpegawai_nama="Rizki Febrian Aziz" dbg_scanlogpembagian1_nama="" dbg_scanlogpembagian2_nama="Orcus-Erda" dbg_scanlogpembagian3_nama="Head Office" dbg_scanlogverifymode="1" dbg_scanloginoutmode="1" dbg_scanlogwork_code="0" dbg_scanlogsn="FIO616202019511909" dbg_scanlogdevice_name="Head Office"></ROW>
    <ROW dbg_scanlogscan_date="2022-07-29T14:07:25" dbg_scanlogtgl="2022-07-29" dbg_scanlogjam="14:07:25" dbg_scanlogpin="1960" dbg_scanlogpegawai_nip="275" dbg_scanlogpegawai_nama="Rizki Febrian Aziz" dbg_scanlogpembagian1_nama="" dbg_scanlogpembagian2_nama="Orcus-Erda" dbg_scanlogpembagian3_nama="Head Office" dbg_scanlogverifymode="1" dbg_scanloginoutmode="1" dbg_scanlogwork_code="0" dbg_scanlogsn="FIO616202019511909" dbg_scanlogdevice_name="Head Office"></ROW>
    <ROW dbg_scanlogscan_date="2022-07-29T09:36:00" dbg_scanlogtgl="2022-07-29" dbg_scanlogjam="09:36:00" dbg_scanlogpin="1980" dbg_scanlogpegawai_nip="277" dbg_scanlogpegawai_nama="Herman Robo" dbg_scanlogpembagian1_nama="" dbg_scanlogpembagian2_nama="CTO" dbg_scanlogpembagian3_nama="Head Office" dbg_scanlogverifymode="1" dbg_scanloginoutmode="1" dbg_scanlogwork_code="0" dbg_scanlogsn="FIO616202019511909" dbg_scanlogdevice_name="Head Office"></ROW>
    <ROW dbg_scanlogscan_date="2022-07-25T09:11:27" dbg_scanlogtgl="2022-07-25" dbg_scanlogjam="09:11:27" dbg_scanlogpin="2020" dbg_scanlogpegawai_nip="281" dbg_scanlogpegawai_nama="Alyani Zhafarina" dbg_scanlogpembagian1_nama="" dbg_scanlogpembagian2_nama="Uranus-Sondang" dbg_scanlogpembagian3_nama="Head Office" dbg_scanlogverifymode="1" dbg_scanloginoutmode="1" dbg_scanlogwork_code="0" dbg_scanlogsn="FIO616202019511909" dbg_scanlogdevice_name="Head Office"></ROW>
    <ROW dbg_scanlogscan_date="2022-07-25T18:19:12" dbg_scanlogtgl="2022-07-25" dbg_scanlogjam="18:19:12" dbg_scanlogpin="2020" dbg_scanlogpegawai_nip="281" dbg_scanlogpegawai_nama="Alyani Zhafarina" dbg_scanlogpembagian1_nama="" dbg_scanlogpembagian2_nama="Uranus-Sondang" dbg_scanlogpembagian3_nama="Head Office" dbg_scanlogverifymode="1" dbg_scanloginoutmode="2" dbg_scanlogwork_code="0" dbg_scanlogsn="FIO616202019511909" dbg_scanlogdevice_name="Head Office"></ROW>
    <ROW dbg_scanlogscan_date="2022-07-26T09:18:09" dbg_scanlogtgl="2022-07-26" dbg_scanlogjam="09:18:09" dbg_scanlogpin="2020" dbg_scanlogpegawai_nip="281" dbg_scanlogpegawai_nama="Alyani Zhafarina" dbg_scanlogpembagian1_nama="" dbg_scanlogpembagian2_nama="Uranus-Sondang" dbg_scanlogpembagian3_nama="Head Office" dbg_scanlogverifymode="1" dbg_scanloginoutmode="1" dbg_scanlogwork_code="0" dbg_scanlogsn="FIO616202019511909" dbg_scanlogdevice_name="Head Office"></ROW>
    <ROW dbg_scanlogscan_date="2022-07-26T18:15:09" dbg_scanlogtgl="2022-07-26" dbg_scanlogjam="18:15:09" dbg_scanlogpin="2020" dbg_scanlogpegawai_nip="281" dbg_scanlogpegawai_nama="Alyani Zhafarina" dbg_scanlogpembagian1_nama="" dbg_scanlogpembagian2_nama="Uranus-Sondang" dbg_scanlogpembagian3_nama="Head Office" dbg_scanlogverifymode="1" dbg_scanloginoutmode="2" dbg_scanlogwork_code="0" dbg_scanlogsn="FIO616202019511909" dbg_scanlogdevice_name="Head Office"></ROW>
    <ROW dbg_scanlogscan_date="2022-07-27T09:14:17" dbg_scanlogtgl="2022-07-27" dbg_scanlogjam="09:14:17" dbg_scanlogpin="2020" dbg_scanlogpegawai_nip="281" dbg_scanlogpegawai_nama="Alyani Zhafarina" dbg_scanlogpembagian1_nama="" dbg_scanlogpembagian2_nama="Uranus-Sondang" dbg_scanlogpembagian3_nama="Head Office" dbg_scanlogverifymode="1" dbg_scanloginoutmode="1" dbg_scanlogwork_code="0" dbg_scanlogsn="FIO616202019511909" dbg_scanlogdevice_name="Head Office"></ROW>
    <ROW dbg_scanlogscan_date="2022-07-27T19:33:02" dbg_scanlogtgl="2022-07-27" dbg_scanlogjam="19:33:02" dbg_scanlogpin="2020" dbg_scanlogpegawai_nip="281" dbg_scanlogpegawai_nama="Alyani Zhafarina" dbg_scanlogpembagian1_nama="" dbg_scanlogpembagian2_nama="Uranus-Sondang" dbg_scanlogpembagian3_nama="Head Office" dbg_scanlogverifymode="1" dbg_scanloginoutmode="2" dbg_scanlogwork_code="0" dbg_scanlogsn="FIO616202019511909" dbg_scanlogdevice_name="Head Office"></ROW>
    <ROW dbg_scanlogscan_date="2022-07-28T09:39:48" dbg_scanlogtgl="2022-07-28" dbg_scanlogjam="09:39:48" dbg_scanlogpin="2020" dbg_scanlogpegawai_nip="281" dbg_scanlogpegawai_nama="Alyani Zhafarina" dbg_scanlogpembagian1_nama="" dbg_scanlogpembagian2_nama="Uranus-Sondang" dbg_scanlogpembagian3_nama="Head Office" dbg_scanlogverifymode="1" dbg_scanloginoutmode="1" dbg_scanlogwork_code="0" dbg_scanlogsn="FIO616202019511909" dbg_scanlogdevice_name="Head Office"></ROW>
    <ROW dbg_scanlogscan_date="2022-07-29T09:19:07" dbg_scanlogtgl="2022-07-29" dbg_scanlogjam="09:19:07" dbg_scanlogpin="2020" dbg_scanlogpegawai_nip="281" dbg_scanlogpegawai_nama="Alyani Zhafarina" dbg_scanlogpembagian1_nama="" dbg_scanlogpembagian2_nama="Uranus-Sondang" dbg_scanlogpembagian3_nama="Head Office" dbg_scanlogverifymode="1" dbg_scanloginoutmode="1" dbg_scanlogwork_code="0" dbg_scanlogsn="FIO616202019511909" dbg_scanlogdevice_name="Head Office"></ROW>
    <ROW dbg_scanlogscan_date="2022-07-25T13:19:55" dbg_scanlogtgl="2022-07-25" dbg_scanlogjam="13:19:55" dbg_scanlogpin="2060" dbg_scanlogpegawai_nip="285" dbg_scanlogpegawai_nama="Maulana Azis" dbg_scanlogpembagian1_nama="" dbg_scanlogpembagian2_nama="Orcus-Erda" dbg_scanlogpembagian3_nama="Head Office" dbg_scanlogverifymode="1" dbg_scanloginoutmode="1" dbg_scanlogwork_code="0" dbg_scanlogsn="FIO616202019511909" dbg_scanlogdevice_name="Head Office"></ROW>
    <ROW dbg_scanlogscan_date="2022-07-25T23:15:23" dbg_scanlogtgl="2022-07-25" dbg_scanlogjam="23:15:23" dbg_scanlogpin="2060" dbg_scanlogpegawai_nip="285" dbg_scanlogpegawai_nama="Maulana Azis" dbg_scanlogpembagian1_nama="" dbg_scanlogpembagian2_nama="Orcus-Erda" dbg_scanlogpembagian3_nama="Head Office" dbg_scanlogverifymode="1" dbg_scanloginoutmode="2" dbg_scanlogwork_code="0" dbg_scanlogsn="FIO616202019511909" dbg_scanlogdevice_name="Head Office"></ROW>
    <ROW dbg_scanlogscan_date="2022-07-27T05:14:06" dbg_scanlogtgl="2022-07-27" dbg_scanlogjam="05:14:06" dbg_scanlogpin="2060" dbg_scanlogpegawai_nip="285" dbg_scanlogpegawai_nama="Maulana Azis" dbg_scanlogpembagian1_nama="" dbg_scanlogpembagian2_nama="Orcus-Erda" dbg_scanlogpembagian3_nama="Head Office" dbg_scanlogverifymode="1" dbg_scanloginoutmode="1" dbg_scanlogwork_code="0" dbg_scanlogsn="FIO616202019511909" dbg_scanlogdevice_name="Head Office"></ROW>
    <ROW dbg_scanlogscan_date="2022-07-27T15:16:21" dbg_scanlogtgl="2022-07-27" dbg_scanlogjam="15:16:21" dbg_scanlogpin="2060" dbg_scanlogpegawai_nip="285" dbg_scanlogpegawai_nama="Maulana Azis" dbg_scanlogpembagian1_nama="" dbg_scanlogpembagian2_nama="Orcus-Erda" dbg_scanlogpembagian3_nama="Head Office" dbg_scanlogverifymode="1" dbg_scanloginoutmode="2" dbg_scanlogwork_code="0" dbg_scanlogsn="FIO616202019511909" dbg_scanlogdevice_name="Head Office"></ROW>
    <ROW dbg_scanlogscan_date="2022-07-28T05:22:52" dbg_scanlogtgl="2022-07-28" dbg_scanlogjam="05:22:52" dbg_scanlogpin="2060" dbg_scanlogpegawai_nip="285" dbg_scanlogpegawai_nama="Maulana Azis" dbg_scanlogpembagian1_nama="" dbg_scanlogpembagian2_nama="Orcus-Erda" dbg_scanlogpembagian3_nama="Head Office" dbg_scanlogverifymode="1" dbg_scanloginoutmode="1" dbg_scanlogwork_code="0" dbg_scanlogsn="FIO616202019511909" dbg_scanlogdevice_name="Head Office"></ROW>
    <ROW dbg_scanlogscan_date="2022-07-28T15:35:50" dbg_scanlogtgl="2022-07-28" dbg_scanlogjam="15:35:50" dbg_scanlogpin="2060" dbg_scanlogpegawai_nip="285" dbg_scanlogpegawai_nama="Maulana Azis" dbg_scanlogpembagian1_nama="" dbg_scanlogpembagian2_nama="Orcus-Erda" dbg_scanlogpembagian3_nama="Head Office" dbg_scanlogverifymode="1" dbg_scanloginoutmode="2" dbg_scanlogwork_code="0" dbg_scanlogsn="FIO616202019511909" dbg_scanlogdevice_name="Head Office"></ROW>
    <ROW dbg_scanlogscan_date="2022-07-25T09:35:02" dbg_scanlogtgl="2022-07-25" dbg_scanlogjam="09:35:02" dbg_scanlogpin="2080" dbg_scanlogpegawai_nip="287" dbg_scanlogpegawai_nama="Azizah Kuswardini" dbg_scanlogpembagian1_nama="" dbg_scanlogpembagian2_nama="Jupiter-Deni K" dbg_scanlogpembagian3_nama="Head Office" dbg_scanlogverifymode="1" dbg_scanloginoutmode="1" dbg_scanlogwork_code="0" dbg_scanlogsn="FIO616202019511909" dbg_scanlogdevice_name="Head Office"></ROW>
    <ROW dbg_scanlogscan_date="2022-07-25T18:46:37" dbg_scanlogtgl="2022-07-25" dbg_scanlogjam="18:46:37" dbg_scanlogpin="2080" dbg_scanlogpegawai_nip="287" dbg_scanlogpegawai_nama="Azizah Kuswardini" dbg_scanlogpembagian1_nama="" dbg_scanlogpembagian2_nama="Jupiter-Deni K" dbg_scanlogpembagian3_nama="Head Office" dbg_scanlogverifymode="1" dbg_scanloginoutmode="2" dbg_scanlogwork_code="0" dbg_scanlogsn="FIO616202019511909" dbg_scanlogdevice_name="Head Office"></ROW>
    <ROW dbg_scanlogscan_date="2022-07-27T09:35:15" dbg_scanlogtgl="2022-07-27" dbg_scanlogjam="09:35:15" dbg_scanlogpin="2080" dbg_scanlogpegawai_nip="287" dbg_scanlogpegawai_nama="Azizah Kuswardini" dbg_scanlogpembagian1_nama="" dbg_scanlogpembagian2_nama="Jupiter-Deni K" dbg_scanlogpembagian3_nama="Head Office" dbg_scanlogverifymode="1" dbg_scanloginoutmode="1" dbg_scanlogwork_code="0" dbg_scanlogsn="FIO616202019511909" dbg_scanlogdevice_name="Head Office"></ROW>
    <ROW dbg_scanlogscan_date="2022-07-27T19:00:17" dbg_scanlogtgl="2022-07-27" dbg_scanlogjam="19:00:17" dbg_scanlogpin="2080" dbg_scanlogpegawai_nip="287" dbg_scanlogpegawai_nama="Azizah Kuswardini" dbg_scanlogpembagian1_nama="" dbg_scanlogpembagian2_nama="Jupiter-Deni K" dbg_scanlogpembagian3_nama="Head Office" dbg_scanlogverifymode="1" dbg_scanloginoutmode="2" dbg_scanlogwork_code="0" dbg_scanlogsn="FIO616202019511909" dbg_scanlogdevice_name="Head Office"></ROW>
    <ROW dbg_scanlogscan_date="2022-07-29T09:41:19" dbg_scanlogtgl="2022-07-29" dbg_scanlogjam="09:41:19" dbg_scanlogpin="2080" dbg_scanlogpegawai_nip="287" dbg_scanlogpegawai_nama="Azizah Kuswardini" dbg_scanlogpembagian1_nama="" dbg_scanlogpembagian2_nama="Jupiter-Deni K" dbg_scanlogpembagian3_nama="Head Office" dbg_scanlogverifymode="1" dbg_scanloginoutmode="1" dbg_scanlogwork_code="0" dbg_scanlogsn="FIO616202019511909" dbg_scanlogdevice_name="Head Office"></ROW>
    <ROW dbg_scanlogscan_date="2022-07-25T09:05:46" dbg_scanlogtgl="2022-07-25" dbg_scanlogjam="09:05:46" dbg_scanlogpin="2090" dbg_scanlogpegawai_nip="288" dbg_scanlogpegawai_nama="Ilham Sultan Tambili" dbg_scanlogpembagian1_nama="" dbg_scanlogpembagian2_nama="Order Management" dbg_scanlogpembagian3_nama="Head Office" dbg_scanlogverifymode="1" dbg_scanloginoutmode="1" dbg_scanlogwork_code="0" dbg_scanlogsn="FIO616202019511909" dbg_scanlogdevice_name="Head Office"></ROW>
    <ROW dbg_scanlogscan_date="2022-07-25T18:26:01" dbg_scanlogtgl="2022-07-25" dbg_scanlogjam="18:26:01" dbg_scanlogpin="2090" dbg_scanlogpegawai_nip="288" dbg_scanlogpegawai_nama="Ilham Sultan Tambili" dbg_scanlogpembagian1_nama="" dbg_scanlogpembagian2_nama="Order Management" dbg_scanlogpembagian3_nama="Head Office" dbg_scanlogverifymode="1" dbg_scanloginoutmode="2" dbg_scanlogwork_code="0" dbg_scanlogsn="FIO616202019511909" dbg_scanlogdevice_name="Head Office"></ROW>
    <ROW dbg_scanlogscan_date="2022-07-26T08:53:46" dbg_scanlogtgl="2022-07-26" dbg_scanlogjam="08:53:46" dbg_scanlogpin="2090" dbg_scanlogpegawai_nip="288" dbg_scanlogpegawai_nama="Ilham Sultan Tambili" dbg_scanlogpembagian1_nama="" dbg_scanlogpembagian2_nama="Order Management" dbg_scanlogpembagian3_nama="Head Office" dbg_scanlogverifymode="1" dbg_scanloginoutmode="1" dbg_scanlogwork_code="0" dbg_scanlogsn="FIO616202019511909" dbg_scanlogdevice_name="Head Office"></ROW>
    <ROW dbg_scanlogscan_date="2022-07-26T18:30:34" dbg_scanlogtgl="2022-07-26" dbg_scanlogjam="18:30:34" dbg_scanlogpin="2090" dbg_scanlogpegawai_nip="288" dbg_scanlogpegawai_nama="Ilham Sultan Tambili" dbg_scanlogpembagian1_nama="" dbg_scanlogpembagian2_nama="Order Management" dbg_scanlogpembagian3_nama="Head Office" dbg_scanlogverifymode="1" dbg_scanloginoutmode="2" dbg_scanlogwork_code="0" dbg_scanlogsn="FIO616202019511909" dbg_scanlogdevice_name="Head Office"></ROW>
    <ROW dbg_scanlogscan_date="2022-07-29T09:06:46" dbg_scanlogtgl="2022-07-29" dbg_scanlogjam="09:06:46" dbg_scanlogpin="2090" dbg_scanlogpegawai_nip="288" dbg_scanlogpegawai_nama="Ilham Sultan Tambili" dbg_scanlogpembagian1_nama="" dbg_scanlogpembagian2_nama="Order Management" dbg_scanlogpembagian3_nama="Head Office" dbg_scanlogverifymode="1" dbg_scanloginoutmode="1" dbg_scanlogwork_code="0" dbg_scanlogsn="FIO616202019511909" dbg_scanlogdevice_name="Head Office"></ROW>
    <ROW dbg_scanlogscan_date="2022-07-25T08:51:32" dbg_scanlogtgl="2022-07-25" dbg_scanlogjam="08:51:32" dbg_scanlogpin="2120" dbg_scanlogpegawai_nip="291" dbg_scanlogpegawai_nama="Chalifah Chairunnisa" dbg_scanlogpembagian1_nama="" dbg_scanlogpembagian2_nama="HR" dbg_scanlogpembagian3_nama="Head Office" dbg_scanlogverifymode="1" dbg_scanloginoutmode="1" dbg_scanlogwork_code="0" dbg_scanlogsn="FIO616202019511909" dbg_scanlogdevice_name="Head Office"></ROW>
    <ROW dbg_scanlogscan_date="2022-07-25T18:17:39" dbg_scanlogtgl="2022-07-25" dbg_scanlogjam="18:17:39" dbg_scanlogpin="2120" dbg_scanlogpegawai_nip="291" dbg_scanlogpegawai_nama="Chalifah Chairunnisa" dbg_scanlogpembagian1_nama="" dbg_scanlogpembagian2_nama="HR" dbg_scanlogpembagian3_nama="Head Office" dbg_scanlogverifymode="1" dbg_scanloginoutmode="2" dbg_scanlogwork_code="0" dbg_scanlogsn="FIO616202019511909" dbg_scanlogdevice_name="Head Office"></ROW>
    <ROW dbg_scanlogscan_date="2022-07-26T09:17:17" dbg_scanlogtgl="2022-07-26" dbg_scanlogjam="09:17:17" dbg_scanlogpin="2120" dbg_scanlogpegawai_nip="291" dbg_scanlogpegawai_nama="Chalifah Chairunnisa" dbg_scanlogpembagian1_nama="" dbg_scanlogpembagian2_nama="HR" dbg_scanlogpembagian3_nama="Head Office" dbg_scanlogverifymode="1" dbg_scanloginoutmode="1" dbg_scanlogwork_code="0" dbg_scanlogsn="FIO616202019511909" dbg_scanlogdevice_name="Head Office"></ROW>
    <ROW dbg_scanlogscan_date="2022-07-26T18:18:30" dbg_scanlogtgl="2022-07-26" dbg_scanlogjam="18:18:30" dbg_scanlogpin="2120" dbg_scanlogpegawai_nip="291" dbg_scanlogpegawai_nama="Chalifah Chairunnisa" dbg_scanlogpembagian1_nama="" dbg_scanlogpembagian2_nama="HR" dbg_scanlogpembagian3_nama="Head Office" dbg_scanlogverifymode="1" dbg_scanloginoutmode="2" dbg_scanlogwork_code="0" dbg_scanlogsn="FIO616202019511909" dbg_scanlogdevice_name="Head Office"></ROW>
    <ROW dbg_scanlogscan_date="2022-07-27T09:13:37" dbg_scanlogtgl="2022-07-27" dbg_scanlogjam="09:13:37" dbg_scanlogpin="2120" dbg_scanlogpegawai_nip="291" dbg_scanlogpegawai_nama="Chalifah Chairunnisa" dbg_scanlogpembagian1_nama="" dbg_scanlogpembagian2_nama="HR" dbg_scanlogpembagian3_nama="Head Office" dbg_scanlogverifymode="1" dbg_scanloginoutmode="1" dbg_scanlogwork_code="0" dbg_scanlogsn="FIO616202019511909" dbg_scanlogdevice_name="Head Office"></ROW>
    <ROW dbg_scanlogscan_date="2022-07-27T19:27:37" dbg_scanlogtgl="2022-07-27" dbg_scanlogjam="19:27:37" dbg_scanlogpin="2120" dbg_scanlogpegawai_nip="291" dbg_scanlogpegawai_nama="Chalifah Chairunnisa" dbg_scanlogpembagian1_nama="" dbg_scanlogpembagian2_nama="HR" dbg_scanlogpembagian3_nama="Head Office" dbg_scanlogverifymode="1" dbg_scanloginoutmode="2" dbg_scanlogwork_code="0" dbg_scanlogsn="FIO616202019511909" dbg_scanlogdevice_name="Head Office"></ROW>
    <ROW dbg_scanlogscan_date="2022-07-28T09:02:21" dbg_scanlogtgl="2022-07-28" dbg_scanlogjam="09:02:21" dbg_scanlogpin="2120" dbg_scanlogpegawai_nip="291" dbg_scanlogpegawai_nama="Chalifah Chairunnisa" dbg_scanlogpembagian1_nama="" dbg_scanlogpembagian2_nama="HR" dbg_scanlogpembagian3_nama="Head Office" dbg_scanlogverifymode="1" dbg_scanloginoutmode="1" dbg_scanlogwork_code="0" dbg_scanlogsn="FIO616202019511909" dbg_scanlogdevice_name="Head Office"></ROW>
    <ROW dbg_scanlogscan_date="2022-07-28T18:20:02" dbg_scanlogtgl="2022-07-28" dbg_scanlogjam="18:20:02" dbg_scanlogpin="2120" dbg_scanlogpegawai_nip="291" dbg_scanlogpegawai_nama="Chalifah Chairunnisa" dbg_scanlogpembagian1_nama="" dbg_scanlogpembagian2_nama="HR" dbg_scanlogpembagian3_nama="Head Office" dbg_scanlogverifymode="1" dbg_scanloginoutmode="2" dbg_scanlogwork_code="0" dbg_scanlogsn="FIO616202019511909" dbg_scanlogdevice_name="Head Office"></ROW>
    <ROW dbg_scanlogscan_date="2022-07-29T09:14:05" dbg_scanlogtgl="2022-07-29" dbg_scanlogjam="09:14:05" dbg_scanlogpin="2120" dbg_scanlogpegawai_nip="291" dbg_scanlogpegawai_nama="Chalifah Chairunnisa" dbg_scanlogpembagian1_nama="" dbg_scanlogpembagian2_nama="HR" dbg_scanlogpembagian3_nama="Head Office" dbg_scanlogverifymode="1" dbg_scanloginoutmode="1" dbg_scanlogwork_code="0" dbg_scanlogsn="FIO616202019511909" dbg_scanlogdevice_name="Head Office"></ROW>
    <ROW dbg_scanlogscan_date="2022-07-29T18:14:32" dbg_scanlogtgl="2022-07-29" dbg_scanlogjam="18:14:32" dbg_scanlogpin="2120" dbg_scanlogpegawai_nip="291" dbg_scanlogpegawai_nama="Chalifah Chairunnisa" dbg_scanlogpembagian1_nama="" dbg_scanlogpembagian2_nama="HR" dbg_scanlogpembagian3_nama="Head Office" dbg_scanlogverifymode="1" dbg_scanloginoutmode="2" dbg_scanlogwork_code="0" dbg_scanlogsn="FIO616202019511909" dbg_scanlogdevice_name="Head Office"></ROW>
    <ROW dbg_scanlogscan_date="2022-07-25T08:49:07" dbg_scanlogtgl="2022-07-25" dbg_scanlogjam="08:49:07" dbg_scanlogpin="2130" dbg_scanlogpegawai_nip="292" dbg_scanlogpegawai_nama="Nurlaela Khasannah" dbg_scanlogpembagian1_nama="" dbg_scanlogpembagian2_nama="Uranus-Sondang" dbg_scanlogpembagian3_nama="Head Office" dbg_scanlogverifymode="1" dbg_scanloginoutmode="1" dbg_scanlogwork_code="0" dbg_scanlogsn="FIO616202019511909" dbg_scanlogdevice_name="Head Office"></ROW>
    <ROW dbg_scanlogscan_date="2022-07-25T18:05:12" dbg_scanlogtgl="2022-07-25" dbg_scanlogjam="18:05:12" dbg_scanlogpin="2130" dbg_scanlogpegawai_nip="292" dbg_scanlogpegawai_nama="Nurlaela Khasannah" dbg_scanlogpembagian1_nama="" dbg_scanlogpembagian2_nama="Uranus-Sondang" dbg_scanlogpembagian3_nama="Head Office" dbg_scanlogverifymode="1" dbg_scanloginoutmode="2" dbg_scanlogwork_code="0" dbg_scanlogsn="FIO616202019511909" dbg_scanlogdevice_name="Head Office"></ROW>
    <ROW dbg_scanlogscan_date="2022-07-26T08:39:21" dbg_scanlogtgl="2022-07-26" dbg_scanlogjam="08:39:21" dbg_scanlogpin="2130" dbg_scanlogpegawai_nip="292" dbg_scanlogpegawai_nama="Nurlaela Khasannah" dbg_scanlogpembagian1_nama="" dbg_scanlogpembagian2_nama="Uranus-Sondang" dbg_scanlogpembagian3_nama="Head Office" dbg_scanlogverifymode="1" dbg_scanloginoutmode="1" dbg_scanlogwork_code="0" dbg_scanlogsn="FIO616202019511909" dbg_scanlogdevice_name="Head Office"></ROW>
    <ROW dbg_scanlogscan_date="2022-07-26T18:05:39" dbg_scanlogtgl="2022-07-26" dbg_scanlogjam="18:05:39" dbg_scanlogpin="2130" dbg_scanlogpegawai_nip="292" dbg_scanlogpegawai_nama="Nurlaela Khasannah" dbg_scanlogpembagian1_nama="" dbg_scanlogpembagian2_nama="Uranus-Sondang" dbg_scanlogpembagian3_nama="Head Office" dbg_scanlogverifymode="1" dbg_scanloginoutmode="2" dbg_scanlogwork_code="0" dbg_scanlogsn="FIO616202019511909" dbg_scanlogdevice_name="Head Office"></ROW>
    <ROW dbg_scanlogscan_date="2022-07-27T08:48:27" dbg_scanlogtgl="2022-07-27" dbg_scanlogjam="08:48:27" dbg_scanlogpin="2130" dbg_scanlogpegawai_nip="292" dbg_scanlogpegawai_nama="Nurlaela Khasannah" dbg_scanlogpembagian1_nama="" dbg_scanlogpembagian2_nama="Uranus-Sondang" dbg_scanlogpembagian3_nama="Head Office" dbg_scanlogverifymode="1" dbg_scanloginoutmode="1" dbg_scanlogwork_code="0" dbg_scanlogsn="FIO616202019511909" dbg_scanlogdevice_name="Head Office"></ROW>
    <ROW dbg_scanlogscan_date="2022-07-27T18:10:07" dbg_scanlogtgl="2022-07-27" dbg_scanlogjam="18:10:07" dbg_scanlogpin="2130" dbg_scanlogpegawai_nip="292" dbg_scanlogpegawai_nama="Nurlaela Khasannah" dbg_scanlogpembagian1_nama="" dbg_scanlogpembagian2_nama="Uranus-Sondang" dbg_scanlogpembagian3_nama="Head Office" dbg_scanlogverifymode="1" dbg_scanloginoutmode="2" dbg_scanlogwork_code="0" dbg_scanlogsn="FIO616202019511909" dbg_scanlogdevice_name="Head Office"></ROW>
    <ROW dbg_scanlogscan_date="2022-07-28T08:50:09" dbg_scanlogtgl="2022-07-28" dbg_scanlogjam="08:50:09" dbg_scanlogpin="2130" dbg_scanlogpegawai_nip="292" dbg_scanlogpegawai_nama="Nurlaela Khasannah" dbg_scanlogpembagian1_nama="" dbg_scanlogpembagian2_nama="Uranus-Sondang" dbg_scanlogpembagian3_nama="Head Office" dbg_scanlogverifymode="1" dbg_scanloginoutmode="1" dbg_scanlogwork_code="0" dbg_scanlogsn="FIO616202019511909" dbg_scanlogdevice_name="Head Office"></ROW>
    <ROW dbg_scanlogscan_date="2022-07-28T18:07:24" dbg_scanlogtgl="2022-07-28" dbg_scanlogjam="18:07:24" dbg_scanlogpin="2130" dbg_scanlogpegawai_nip="292" dbg_scanlogpegawai_nama="Nurlaela Khasannah" dbg_scanlogpembagian1_nama="" dbg_scanlogpembagian2_nama="Uranus-Sondang" dbg_scanlogpembagian3_nama="Head Office" dbg_scanlogverifymode="1" dbg_scanloginoutmode="2" dbg_scanlogwork_code="0" dbg_scanlogsn="FIO616202019511909" dbg_scanlogdevice_name="Head Office"></ROW>
    <ROW dbg_scanlogscan_date="2022-07-29T08:52:04" dbg_scanlogtgl="2022-07-29" dbg_scanlogjam="08:52:04" dbg_scanlogpin="2130" dbg_scanlogpegawai_nip="292" dbg_scanlogpegawai_nama="Nurlaela Khasannah" dbg_scanlogpembagian1_nama="" dbg_scanlogpembagian2_nama="Uranus-Sondang" dbg_scanlogpembagian3_nama="Head Office" dbg_scanlogverifymode="1" dbg_scanloginoutmode="1" dbg_scanlogwork_code="0" dbg_scanlogsn="FIO616202019511909" dbg_scanlogdevice_name="Head Office"></ROW>
    <ROW dbg_scanlogscan_date="2022-07-25T08:57:55" dbg_scanlogtgl="2022-07-25" dbg_scanlogjam="08:57:55" dbg_scanlogpin="2140" dbg_scanlogpegawai_nip="293" dbg_scanlogpegawai_nama="Garcia Fhalma" dbg_scanlogpembagian1_nama="" dbg_scanlogpembagian2_nama="Uranus-Sondang" dbg_scanlogpembagian3_nama="Head Office" dbg_scanlogverifymode="1" dbg_scanloginoutmode="1" dbg_scanlogwork_code="0" dbg_scanlogsn="FIO616202019511909" dbg_scanlogdevice_name="Head Office"></ROW>
    <ROW dbg_scanlogscan_date="2022-07-25T18:18:35" dbg_scanlogtgl="2022-07-25" dbg_scanlogjam="18:18:35" dbg_scanlogpin="2140" dbg_scanlogpegawai_nip="293" dbg_scanlogpegawai_nama="Garcia Fhalma" dbg_scanlogpembagian1_nama="" dbg_scanlogpembagian2_nama="Uranus-Sondang" dbg_scanlogpembagian3_nama="Head Office" dbg_scanlogverifymode="1" dbg_scanloginoutmode="2" dbg_scanlogwork_code="0" dbg_scanlogsn="FIO616202019511909" dbg_scanlogdevice_name="Head Office"></ROW>
    <ROW dbg_scanlogscan_date="2022-07-26T08:53:22" dbg_scanlogtgl="2022-07-26" dbg_scanlogjam="08:53:22" dbg_scanlogpin="2140" dbg_scanlogpegawai_nip="293" dbg_scanlogpegawai_nama="Garcia Fhalma" dbg_scanlogpembagian1_nama="" dbg_scanlogpembagian2_nama="Uranus-Sondang" dbg_scanlogpembagian3_nama="Head Office" dbg_scanlogverifymode="1" dbg_scanloginoutmode="1" dbg_scanlogwork_code="0" dbg_scanlogsn="FIO616202019511909" dbg_scanlogdevice_name="Head Office"></ROW>
    <ROW dbg_scanlogscan_date="2022-07-26T18:05:42" dbg_scanlogtgl="2022-07-26" dbg_scanlogjam="18:05:42" dbg_scanlogpin="2140" dbg_scanlogpegawai_nip="293" dbg_scanlogpegawai_nama="Garcia Fhalma" dbg_scanlogpembagian1_nama="" dbg_scanlogpembagian2_nama="Uranus-Sondang" dbg_scanlogpembagian3_nama="Head Office" dbg_scanlogverifymode="1" dbg_scanloginoutmode="2" dbg_scanlogwork_code="0" dbg_scanlogsn="FIO616202019511909" dbg_scanlogdevice_name="Head Office"></ROW>
    <ROW dbg_scanlogscan_date="2022-07-27T08:45:19" dbg_scanlogtgl="2022-07-27" dbg_scanlogjam="08:45:19" dbg_scanlogpin="2140" dbg_scanlogpegawai_nip="293" dbg_scanlogpegawai_nama="Garcia Fhalma" dbg_scanlogpembagian1_nama="" dbg_scanlogpembagian2_nama="Uranus-Sondang" dbg_scanlogpembagian3_nama="Head Office" dbg_scanlogverifymode="1" dbg_scanloginoutmode="1" dbg_scanlogwork_code="0" dbg_scanlogsn="FIO616202019511909" dbg_scanlogdevice_name="Head Office"></ROW>
    <ROW dbg_scanlogscan_date="2022-07-27T18:10:22" dbg_scanlogtgl="2022-07-27" dbg_scanlogjam="18:10:22" dbg_scanlogpin="2140" dbg_scanlogpegawai_nip="293" dbg_scanlogpegawai_nama="Garcia Fhalma" dbg_scanlogpembagian1_nama="" dbg_scanlogpembagian2_nama="Uranus-Sondang" dbg_scanlogpembagian3_nama="Head Office" dbg_scanlogverifymode="1" dbg_scanloginoutmode="2" dbg_scanlogwork_code="0" dbg_scanlogsn="FIO616202019511909" dbg_scanlogdevice_name="Head Office"></ROW>
    <ROW dbg_scanlogscan_date="2022-07-28T08:47:32" dbg_scanlogtgl="2022-07-28" dbg_scanlogjam="08:47:32" dbg_scanlogpin="2140" dbg_scanlogpegawai_nip="293" dbg_scanlogpegawai_nama="Garcia Fhalma" dbg_scanlogpembagian1_nama="" dbg_scanlogpembagian2_nama="Uranus-Sondang" dbg_scanlogpembagian3_nama="Head Office" dbg_scanlogverifymode="1" dbg_scanloginoutmode="1" dbg_scanlogwork_code="0" dbg_scanlogsn="FIO616202019511909" dbg_scanlogdevice_name="Head Office"></ROW>
    <ROW dbg_scanlogscan_date="2022-07-28T18:07:14" dbg_scanlogtgl="2022-07-28" dbg_scanlogjam="18:07:14" dbg_scanlogpin="2140" dbg_scanlogpegawai_nip="293" dbg_scanlogpegawai_nama="Garcia Fhalma" dbg_scanlogpembagian1_nama="" dbg_scanlogpembagian2_nama="Uranus-Sondang" dbg_scanlogpembagian3_nama="Head Office" dbg_scanlogverifymode="1" dbg_scanloginoutmode="2" dbg_scanlogwork_code="0" dbg_scanlogsn="FIO616202019511909" dbg_scanlogdevice_name="Head Office"></ROW>
    <ROW dbg_scanlogscan_date="2022-07-29T08:57:55" dbg_scanlogtgl="2022-07-29" dbg_scanlogjam="08:57:55" dbg_scanlogpin="2140" dbg_scanlogpegawai_nip="293" dbg_scanlogpegawai_nama="Garcia Fhalma" dbg_scanlogpembagian1_nama="" dbg_scanlogpembagian2_nama="Uranus-Sondang" dbg_scanlogpembagian3_nama="Head Office" dbg_scanlogverifymode="1" dbg_scanloginoutmode="1" dbg_scanlogwork_code="0" dbg_scanlogsn="FIO616202019511909" dbg_scanlogdevice_name="Head Office"></ROW>
    <ROW dbg_scanlogscan_date="2022-07-25T09:06:38" dbg_scanlogtgl="2022-07-25" dbg_scanlogjam="09:06:38" dbg_scanlogpin="2150" dbg_scanlogpegawai_nip="294" dbg_scanlogpegawai_nama="Maudina Gusella" dbg_scanlogpembagian1_nama="" dbg_scanlogpembagian2_nama="HR" dbg_scanlogpembagian3_nama="Head Office" dbg_scanlogverifymode="1" dbg_scanloginoutmode="1" dbg_scanlogwork_code="0" dbg_scanlogsn="FIO616202019511909" dbg_scanlogdevice_name="Head Office"></ROW>
    <ROW dbg_scanlogscan_date="2022-07-25T18:17:20" dbg_scanlogtgl="2022-07-25" dbg_scanlogjam="18:17:20" dbg_scanlogpin="2150" dbg_scanlogpegawai_nip="294" dbg_scanlogpegawai_nama="Maudina Gusella" dbg_scanlogpembagian1_nama="" dbg_scanlogpembagian2_nama="HR" dbg_scanlogpembagian3_nama="Head Office" dbg_scanlogverifymode="1" dbg_scanloginoutmode="2" dbg_scanlogwork_code="0" dbg_scanlogsn="FIO616202019511909" dbg_scanlogdevice_name="Head Office"></ROW>
    <ROW dbg_scanlogscan_date="2022-07-26T09:01:00" dbg_scanlogtgl="2022-07-26" dbg_scanlogjam="09:01:00" dbg_scanlogpin="2150" dbg_scanlogpegawai_nip="294" dbg_scanlogpegawai_nama="Maudina Gusella" dbg_scanlogpembagian1_nama="" dbg_scanlogpembagian2_nama="HR" dbg_scanlogpembagian3_nama="Head Office" dbg_scanlogverifymode="1" dbg_scanloginoutmode="1" dbg_scanlogwork_code="0" dbg_scanlogsn="FIO616202019511909" dbg_scanlogdevice_name="Head Office"></ROW>
    <ROW dbg_scanlogscan_date="2022-07-26T18:18:22" dbg_scanlogtgl="2022-07-26" dbg_scanlogjam="18:18:22" dbg_scanlogpin="2150" dbg_scanlogpegawai_nip="294" dbg_scanlogpegawai_nama="Maudina Gusella" dbg_scanlogpembagian1_nama="" dbg_scanlogpembagian2_nama="HR" dbg_scanlogpembagian3_nama="Head Office" dbg_scanlogverifymode="1" dbg_scanloginoutmode="2" dbg_scanlogwork_code="0" dbg_scanlogsn="FIO616202019511909" dbg_scanlogdevice_name="Head Office"></ROW>
    <ROW dbg_scanlogscan_date="2022-07-27T09:11:38" dbg_scanlogtgl="2022-07-27" dbg_scanlogjam="09:11:38" dbg_scanlogpin="2150" dbg_scanlogpegawai_nip="294" dbg_scanlogpegawai_nama="Maudina Gusella" dbg_scanlogpembagian1_nama="" dbg_scanlogpembagian2_nama="HR" dbg_scanlogpembagian3_nama="Head Office" dbg_scanlogverifymode="1" dbg_scanloginoutmode="1" dbg_scanlogwork_code="0" dbg_scanlogsn="FIO616202019511909" dbg_scanlogdevice_name="Head Office"></ROW>
    <ROW dbg_scanlogscan_date="2022-07-27T18:18:40" dbg_scanlogtgl="2022-07-27" dbg_scanlogjam="18:18:40" dbg_scanlogpin="2150" dbg_scanlogpegawai_nip="294" dbg_scanlogpegawai_nama="Maudina Gusella" dbg_scanlogpembagian1_nama="" dbg_scanlogpembagian2_nama="HR" dbg_scanlogpembagian3_nama="Head Office" dbg_scanlogverifymode="1" dbg_scanloginoutmode="2" dbg_scanlogwork_code="0" dbg_scanlogsn="FIO616202019511909" dbg_scanlogdevice_name="Head Office"></ROW>
    <ROW dbg_scanlogscan_date="2022-07-28T09:09:46" dbg_scanlogtgl="2022-07-28" dbg_scanlogjam="09:09:46" dbg_scanlogpin="2150" dbg_scanlogpegawai_nip="294" dbg_scanlogpegawai_nama="Maudina Gusella" dbg_scanlogpembagian1_nama="" dbg_scanlogpembagian2_nama="HR" dbg_scanlogpembagian3_nama="Head Office" dbg_scanlogverifymode="1" dbg_scanloginoutmode="1" dbg_scanlogwork_code="0" dbg_scanlogsn="FIO616202019511909" dbg_scanlogdevice_name="Head Office"></ROW>
    <ROW dbg_scanlogscan_date="2022-07-28T18:20:06" dbg_scanlogtgl="2022-07-28" dbg_scanlogjam="18:20:06" dbg_scanlogpin="2150" dbg_scanlogpegawai_nip="294" dbg_scanlogpegawai_nama="Maudina Gusella" dbg_scanlogpembagian1_nama="" dbg_scanlogpembagian2_nama="HR" dbg_scanlogpembagian3_nama="Head Office" dbg_scanlogverifymode="1" dbg_scanloginoutmode="2" dbg_scanlogwork_code="0" dbg_scanlogsn="FIO616202019511909" dbg_scanlogdevice_name="Head Office"></ROW>
    <ROW dbg_scanlogscan_date="2022-07-29T08:45:45" dbg_scanlogtgl="2022-07-29" dbg_scanlogjam="08:45:45" dbg_scanlogpin="2150" dbg_scanlogpegawai_nip="294" dbg_scanlogpegawai_nama="Maudina Gusella" dbg_scanlogpembagian1_nama="" dbg_scanlogpembagian2_nama="HR" dbg_scanlogpembagian3_nama="Head Office" dbg_scanlogverifymode="1" dbg_scanloginoutmode="1" dbg_scanlogwork_code="0" dbg_scanlogsn="FIO616202019511909" dbg_scanlogdevice_name="Head Office"></ROW>
    <ROW dbg_scanlogscan_date="2022-07-29T18:14:37" dbg_scanlogtgl="2022-07-29" dbg_scanlogjam="18:14:37" dbg_scanlogpin="2150" dbg_scanlogpegawai_nip="294" dbg_scanlogpegawai_nama="Maudina Gusella" dbg_scanlogpembagian1_nama="" dbg_scanlogpembagian2_nama="HR" dbg_scanlogpembagian3_nama="Head Office" dbg_scanlogverifymode="1" dbg_scanloginoutmode="2" dbg_scanlogwork_code="0" dbg_scanlogsn="FIO616202019511909" dbg_scanlogdevice_name="Head Office"></ROW>
    <ROW dbg_scanlogscan_date="2022-07-25T05:22:03" dbg_scanlogtgl="2022-07-25" dbg_scanlogjam="05:22:03" dbg_scanlogpin="2160" dbg_scanlogpegawai_nip="295" dbg_scanlogpegawai_nama="Sandi Irawan" dbg_scanlogpembagian1_nama="" dbg_scanlogpembagian2_nama="COO" dbg_scanlogpembagian3_nama="Head Office" dbg_scanlogverifymode="1" dbg_scanloginoutmode="1" dbg_scanlogwork_code="0" dbg_scanlogsn="FIO616202019511909" dbg_scanlogdevice_name="Head Office"></ROW>
    <ROW dbg_scanlogscan_date="2022-07-25T18:00:11" dbg_scanlogtgl="2022-07-25" dbg_scanlogjam="18:00:11" dbg_scanlogpin="2160" dbg_scanlogpegawai_nip="295" dbg_scanlogpegawai_nama="Sandi Irawan" dbg_scanlogpembagian1_nama="" dbg_scanlogpembagian2_nama="COO" dbg_scanlogpembagian3_nama="Head Office" dbg_scanlogverifymode="1" dbg_scanloginoutmode="2" dbg_scanlogwork_code="0" dbg_scanlogsn="FIO616202019511909" dbg_scanlogdevice_name="Head Office"></ROW>
    <ROW dbg_scanlogscan_date="2022-07-26T05:27:17" dbg_scanlogtgl="2022-07-26" dbg_scanlogjam="05:27:17" dbg_scanlogpin="2160" dbg_scanlogpegawai_nip="295" dbg_scanlogpegawai_nama="Sandi Irawan" dbg_scanlogpembagian1_nama="" dbg_scanlogpembagian2_nama="COO" dbg_scanlogpembagian3_nama="Head Office" dbg_scanlogverifymode="1" dbg_scanloginoutmode="1" dbg_scanlogwork_code="0" dbg_scanlogsn="FIO616202019511909" dbg_scanlogdevice_name="Head Office"></ROW>
    <ROW dbg_scanlogscan_date="2022-07-28T20:30:28" dbg_scanlogtgl="2022-07-28" dbg_scanlogjam="20:30:28" dbg_scanlogpin="2160" dbg_scanlogpegawai_nip="295" dbg_scanlogpegawai_nama="Sandi Irawan" dbg_scanlogpembagian1_nama="" dbg_scanlogpembagian2_nama="COO" dbg_scanlogpembagian3_nama="Head Office" dbg_scanlogverifymode="1" dbg_scanloginoutmode="2" dbg_scanlogwork_code="0" dbg_scanlogsn="FIO616202019511909" dbg_scanlogdevice_name="Head Office"></ROW>
    <ROW dbg_scanlogscan_date="2022-07-25T10:13:33" dbg_scanlogtgl="2022-07-25" dbg_scanlogjam="10:13:33" dbg_scanlogpin="2240" dbg_scanlogpegawai_nip="304" dbg_scanlogpegawai_nama="Nadiya Ivana Dewi" dbg_scanlogpembagian1_nama="" dbg_scanlogpembagian2_nama="Order Management" dbg_scanlogpembagian3_nama="Head Office" dbg_scanlogverifymode="1" dbg_scanloginoutmode="1" dbg_scanlogwork_code="0" dbg_scanlogsn="FIO616202019511909" dbg_scanlogdevice_name="Head Office"></ROW>
    <ROW dbg_scanlogscan_date="2022-07-25T18:18:59" dbg_scanlogtgl="2022-07-25" dbg_scanlogjam="18:18:59" dbg_scanlogpin="2240" dbg_scanlogpegawai_nip="304" dbg_scanlogpegawai_nama="Nadiya Ivana Dewi" dbg_scanlogpembagian1_nama="" dbg_scanlogpembagian2_nama="Order Management" dbg_scanlogpembagian3_nama="Head Office" dbg_scanlogverifymode="1" dbg_scanloginoutmode="2" dbg_scanlogwork_code="0" dbg_scanlogsn="FIO616202019511909" dbg_scanlogdevice_name="Head Office"></ROW>
    <ROW dbg_scanlogscan_date="2022-07-26T09:25:32" dbg_scanlogtgl="2022-07-26" dbg_scanlogjam="09:25:32" dbg_scanlogpin="2240" dbg_scanlogpegawai_nip="304" dbg_scanlogpegawai_nama="Nadiya Ivana Dewi" dbg_scanlogpembagian1_nama="" dbg_scanlogpembagian2_nama="Order Management" dbg_scanlogpembagian3_nama="Head Office" dbg_scanlogverifymode="1" dbg_scanloginoutmode="1" dbg_scanlogwork_code="0" dbg_scanlogsn="FIO616202019511909" dbg_scanlogdevice_name="Head Office"></ROW>
    <ROW dbg_scanlogscan_date="2022-07-26T18:33:48" dbg_scanlogtgl="2022-07-26" dbg_scanlogjam="18:33:48" dbg_scanlogpin="2240" dbg_scanlogpegawai_nip="304" dbg_scanlogpegawai_nama="Nadiya Ivana Dewi" dbg_scanlogpembagian1_nama="" dbg_scanlogpembagian2_nama="Order Management" dbg_scanlogpembagian3_nama="Head Office" dbg_scanlogverifymode="1" dbg_scanloginoutmode="2" dbg_scanlogwork_code="0" dbg_scanlogsn="FIO616202019511909" dbg_scanlogdevice_name="Head Office"></ROW>
    <ROW dbg_scanlogscan_date="2022-07-27T09:13:06" dbg_scanlogtgl="2022-07-27" dbg_scanlogjam="09:13:06" dbg_scanlogpin="2240" dbg_scanlogpegawai_nip="304" dbg_scanlogpegawai_nama="Nadiya Ivana Dewi" dbg_scanlogpembagian1_nama="" dbg_scanlogpembagian2_nama="Order Management" dbg_scanlogpembagian3_nama="Head Office" dbg_scanlogverifymode="1" dbg_scanloginoutmode="1" dbg_scanlogwork_code="0" dbg_scanlogsn="FIO616202019511909" dbg_scanlogdevice_name="Head Office"></ROW>
    <ROW dbg_scanlogscan_date="2022-07-27T19:27:53" dbg_scanlogtgl="2022-07-27" dbg_scanlogjam="19:27:53" dbg_scanlogpin="2240" dbg_scanlogpegawai_nip="304" dbg_scanlogpegawai_nama="Nadiya Ivana Dewi" dbg_scanlogpembagian1_nama="" dbg_scanlogpembagian2_nama="Order Management" dbg_scanlogpembagian3_nama="Head Office" dbg_scanlogverifymode="1" dbg_scanloginoutmode="2" dbg_scanlogwork_code="0" dbg_scanlogsn="FIO616202019511909" dbg_scanlogdevice_name="Head Office"></ROW>
    <ROW dbg_scanlogscan_date="2022-07-28T09:19:55" dbg_scanlogtgl="2022-07-28" dbg_scanlogjam="09:19:55" dbg_scanlogpin="2240" dbg_scanlogpegawai_nip="304" dbg_scanlogpegawai_nama="Nadiya Ivana Dewi" dbg_scanlogpembagian1_nama="" dbg_scanlogpembagian2_nama="Order Management" dbg_scanlogpembagian3_nama="Head Office" dbg_scanlogverifymode="1" dbg_scanloginoutmode="1" dbg_scanlogwork_code="0" dbg_scanlogsn="FIO616202019511909" dbg_scanlogdevice_name="Head Office"></ROW>
    <ROW dbg_scanlogscan_date="2022-07-28T18:51:48" dbg_scanlogtgl="2022-07-28" dbg_scanlogjam="18:51:48" dbg_scanlogpin="2240" dbg_scanlogpegawai_nip="304" dbg_scanlogpegawai_nama="Nadiya Ivana Dewi" dbg_scanlogpembagian1_nama="" dbg_scanlogpembagian2_nama="Order Management" dbg_scanlogpembagian3_nama="Head Office" dbg_scanlogverifymode="1" dbg_scanloginoutmode="2" dbg_scanlogwork_code="0" dbg_scanlogsn="FIO616202019511909" dbg_scanlogdevice_name="Head Office"></ROW>
    <ROW dbg_scanlogscan_date="2022-07-29T09:29:38" dbg_scanlogtgl="2022-07-29" dbg_scanlogjam="09:29:38" dbg_scanlogpin="2240" dbg_scanlogpegawai_nip="304" dbg_scanlogpegawai_nama="Nadiya Ivana Dewi" dbg_scanlogpembagian1_nama="" dbg_scanlogpembagian2_nama="Order Management" dbg_scanlogpembagian3_nama="Head Office" dbg_scanlogverifymode="1" dbg_scanloginoutmode="1" dbg_scanlogwork_code="0" dbg_scanlogsn="FIO616202019511909" dbg_scanlogdevice_name="Head Office"></ROW>
    <ROW dbg_scanlogscan_date="2022-07-29T18:19:20" dbg_scanlogtgl="2022-07-29" dbg_scanlogjam="18:19:20" dbg_scanlogpin="2240" dbg_scanlogpegawai_nip="304" dbg_scanlogpegawai_nama="Nadiya Ivana Dewi" dbg_scanlogpembagian1_nama="" dbg_scanlogpembagian2_nama="Order Management" dbg_scanlogpembagian3_nama="Head Office" dbg_scanlogverifymode="1" dbg_scanloginoutmode="2" dbg_scanlogwork_code="0" dbg_scanlogsn="FIO616202019511909" dbg_scanlogdevice_name="Head Office"></ROW>
    <ROW dbg_scanlogscan_date="2022-07-25T06:06:47" dbg_scanlogtgl="2022-07-25" dbg_scanlogjam="06:06:47" dbg_scanlogpin="2300" dbg_scanlogpegawai_nip="310" dbg_scanlogpegawai_nama="Shandy Putro Yadi" dbg_scanlogpembagian1_nama="" dbg_scanlogpembagian2_nama="Orcus-Erda" dbg_scanlogpembagian3_nama="Head Office" dbg_scanlogverifymode="1" dbg_scanloginoutmode="1" dbg_scanlogwork_code="0" dbg_scanlogsn="FIO616202019511909" dbg_scanlogdevice_name="Head Office"></ROW>
    <ROW dbg_scanlogscan_date="2022-07-25T15:25:05" dbg_scanlogtgl="2022-07-25" dbg_scanlogjam="15:25:05" dbg_scanlogpin="2300" dbg_scanlogpegawai_nip="310" dbg_scanlogpegawai_nama="Shandy Putro Yadi" dbg_scanlogpembagian1_nama="" dbg_scanlogpembagian2_nama="Orcus-Erda" dbg_scanlogpembagian3_nama="Head Office" dbg_scanlogverifymode="1" dbg_scanloginoutmode="2" dbg_scanlogwork_code="0" dbg_scanlogsn="FIO616202019511909" dbg_scanlogdevice_name="Head Office"></ROW>
    <ROW dbg_scanlogscan_date="2022-07-26T21:38:02" dbg_scanlogtgl="2022-07-26" dbg_scanlogjam="21:38:02" dbg_scanlogpin="2300" dbg_scanlogpegawai_nip="310" dbg_scanlogpegawai_nama="Shandy Putro Yadi" dbg_scanlogpembagian1_nama="" dbg_scanlogpembagian2_nama="Orcus-Erda" dbg_scanlogpembagian3_nama="Head Office" dbg_scanlogverifymode="1" dbg_scanloginoutmode="1" dbg_scanlogwork_code="0" dbg_scanlogsn="FIO616202019511909" dbg_scanlogdevice_name="Head Office"></ROW>
    <ROW dbg_scanlogscan_date="2022-07-27T07:17:15" dbg_scanlogtgl="2022-07-27" dbg_scanlogjam="07:17:15" dbg_scanlogpin="2300" dbg_scanlogpegawai_nip="310" dbg_scanlogpegawai_nama="Shandy Putro Yadi" dbg_scanlogpembagian1_nama="" dbg_scanlogpembagian2_nama="Orcus-Erda" dbg_scanlogpembagian3_nama="Head Office" dbg_scanlogverifymode="1" dbg_scanloginoutmode="2" dbg_scanlogwork_code="0" dbg_scanlogsn="FIO616202019511909" dbg_scanlogdevice_name="Head Office"></ROW>
    <ROW dbg_scanlogscan_date="2022-07-27T20:51:54" dbg_scanlogtgl="2022-07-27" dbg_scanlogjam="20:51:54" dbg_scanlogpin="2300" dbg_scanlogpegawai_nip="310" dbg_scanlogpegawai_nama="Shandy Putro Yadi" dbg_scanlogpembagian1_nama="" dbg_scanlogpembagian2_nama="Orcus-Erda" dbg_scanlogpembagian3_nama="Head Office" dbg_scanlogverifymode="1" dbg_scanloginoutmode="1" dbg_scanlogwork_code="0" dbg_scanlogsn="FIO616202019511909" dbg_scanlogdevice_name="Head Office"></ROW>
    <ROW dbg_scanlogscan_date="2022-07-25T05:51:04" dbg_scanlogtgl="2022-07-25" dbg_scanlogjam="05:51:04" dbg_scanlogpin="2330" dbg_scanlogpegawai_nip="313" dbg_scanlogpegawai_nama="Reynaldi Prayoga" dbg_scanlogpembagian1_nama="" dbg_scanlogpembagian2_nama="Orcus-Erda" dbg_scanlogpembagian3_nama="Head Office" dbg_scanlogverifymode="1" dbg_scanloginoutmode="1" dbg_scanlogwork_code="0" dbg_scanlogsn="FIO616202019511909" dbg_scanlogdevice_name="Head Office"></ROW>
    <ROW dbg_scanlogscan_date="2022-07-25T16:16:48" dbg_scanlogtgl="2022-07-25" dbg_scanlogjam="16:16:48" dbg_scanlogpin="2330" dbg_scanlogpegawai_nip="313" dbg_scanlogpegawai_nama="Reynaldi Prayoga" dbg_scanlogpembagian1_nama="" dbg_scanlogpembagian2_nama="Orcus-Erda" dbg_scanlogpembagian3_nama="Head Office" dbg_scanlogverifymode="1" dbg_scanloginoutmode="2" dbg_scanlogwork_code="0" dbg_scanlogsn="FIO616202019511909" dbg_scanlogdevice_name="Head Office"></ROW>
    <ROW dbg_scanlogscan_date="2022-07-26T05:55:28" dbg_scanlogtgl="2022-07-26" dbg_scanlogjam="05:55:28" dbg_scanlogpin="2330" dbg_scanlogpegawai_nip="313" dbg_scanlogpegawai_nama="Reynaldi Prayoga" dbg_scanlogpembagian1_nama="" dbg_scanlogpembagian2_nama="Orcus-Erda" dbg_scanlogpembagian3_nama="Head Office" dbg_scanlogverifymode="1" dbg_scanloginoutmode="1" dbg_scanlogwork_code="0" dbg_scanlogsn="FIO616202019511909" dbg_scanlogdevice_name="Head Office"></ROW>
    <ROW dbg_scanlogscan_date="2022-07-26T16:33:45" dbg_scanlogtgl="2022-07-26" dbg_scanlogjam="16:33:45" dbg_scanlogpin="2330" dbg_scanlogpegawai_nip="313" dbg_scanlogpegawai_nama="Reynaldi Prayoga" dbg_scanlogpembagian1_nama="" dbg_scanlogpembagian2_nama="Orcus-Erda" dbg_scanlogpembagian3_nama="Head Office" dbg_scanlogverifymode="1" dbg_scanloginoutmode="2" dbg_scanlogwork_code="0" dbg_scanlogsn="FIO616202019511909" dbg_scanlogdevice_name="Head Office"></ROW>
    <ROW dbg_scanlogscan_date="2022-07-27T07:44:55" dbg_scanlogtgl="2022-07-27" dbg_scanlogjam="07:44:55" dbg_scanlogpin="2330" dbg_scanlogpegawai_nip="313" dbg_scanlogpegawai_nama="Reynaldi Prayoga" dbg_scanlogpembagian1_nama="" dbg_scanlogpembagian2_nama="Orcus-Erda" dbg_scanlogpembagian3_nama="Head Office" dbg_scanlogverifymode="1" dbg_scanloginoutmode="1" dbg_scanlogwork_code="0" dbg_scanlogsn="FIO616202019511909" dbg_scanlogdevice_name="Head Office"></ROW>
    <ROW dbg_scanlogscan_date="2022-07-27T15:12:39" dbg_scanlogtgl="2022-07-27" dbg_scanlogjam="15:12:39" dbg_scanlogpin="2330" dbg_scanlogpegawai_nip="313" dbg_scanlogpegawai_nama="Reynaldi Prayoga" dbg_scanlogpembagian1_nama="" dbg_scanlogpembagian2_nama="Orcus-Erda" dbg_scanlogpembagian3_nama="Head Office" dbg_scanlogverifymode="1" dbg_scanloginoutmode="2" dbg_scanlogwork_code="0" dbg_scanlogsn="FIO616202019511909" dbg_scanlogdevice_name="Head Office"></ROW>
    <ROW dbg_scanlogscan_date="2022-07-25T21:38:59" dbg_scanlogtgl="2022-07-25" dbg_scanlogjam="21:38:59" dbg_scanlogpin="2410" dbg_scanlogpegawai_nip="321" dbg_scanlogpegawai_nama="Aulia Fathoni" dbg_scanlogpembagian1_nama="" dbg_scanlogpembagian2_nama="Vesta-David" dbg_scanlogpembagian3_nama="Head Office" dbg_scanlogverifymode="1" dbg_scanloginoutmode="2" dbg_scanlogwork_code="0" dbg_scanlogsn="FIO616202019511909" dbg_scanlogdevice_name="Head Office"></ROW>
    <ROW dbg_scanlogscan_date="2022-07-26T22:00:43" dbg_scanlogtgl="2022-07-26" dbg_scanlogjam="22:00:43" dbg_scanlogpin="2410" dbg_scanlogpegawai_nip="321" dbg_scanlogpegawai_nama="Aulia Fathoni" dbg_scanlogpembagian1_nama="" dbg_scanlogpembagian2_nama="Vesta-David" dbg_scanlogpembagian3_nama="Head Office" dbg_scanlogverifymode="1" dbg_scanloginoutmode="1" dbg_scanlogwork_code="0" dbg_scanlogsn="FIO616202019511909" dbg_scanlogdevice_name="Head Office"></ROW>
    <ROW dbg_scanlogscan_date="2022-07-29T06:02:33" dbg_scanlogtgl="2022-07-29" dbg_scanlogjam="06:02:33" dbg_scanlogpin="2410" dbg_scanlogpegawai_nip="321" dbg_scanlogpegawai_nama="Aulia Fathoni" dbg_scanlogpembagian1_nama="" dbg_scanlogpembagian2_nama="Vesta-David" dbg_scanlogpembagian3_nama="Head Office" dbg_scanlogverifymode="1" dbg_scanloginoutmode="1" dbg_scanlogwork_code="0" dbg_scanlogsn="FIO616202019511909" dbg_scanlogdevice_name="Head Office"></ROW>
    <ROW dbg_scanlogscan_date="2022-07-26T13:05:44" dbg_scanlogtgl="2022-07-26" dbg_scanlogjam="13:05:44" dbg_scanlogpin="2420" dbg_scanlogpegawai_nip="322" dbg_scanlogpegawai_nama="Dwiky Radhifan" dbg_scanlogpembagian1_nama="" dbg_scanlogpembagian2_nama="Vesta-David" dbg_scanlogpembagian3_nama="Head Office" dbg_scanlogverifymode="1" dbg_scanloginoutmode="1" dbg_scanlogwork_code="0" dbg_scanlogsn="FIO616202019511909" dbg_scanlogdevice_name="Head Office"></ROW>
    <ROW dbg_scanlogscan_date="2022-07-27T00:13:45" dbg_scanlogtgl="2022-07-27" dbg_scanlogjam="00:13:45" dbg_scanlogpin="2420" dbg_scanlogpegawai_nip="322" dbg_scanlogpegawai_nama="Dwiky Radhifan" dbg_scanlogpembagian1_nama="" dbg_scanlogpembagian2_nama="Vesta-David" dbg_scanlogpembagian3_nama="Head Office" dbg_scanlogverifymode="1" dbg_scanloginoutmode="2" dbg_scanlogwork_code="0" dbg_scanlogsn="FIO616202019511909" dbg_scanlogdevice_name="Head Office"></ROW>
    <ROW dbg_scanlogscan_date="2022-07-27T13:12:21" dbg_scanlogtgl="2022-07-27" dbg_scanlogjam="13:12:21" dbg_scanlogpin="2420" dbg_scanlogpegawai_nip="322" dbg_scanlogpegawai_nama="Dwiky Radhifan" dbg_scanlogpembagian1_nama="" dbg_scanlogpembagian2_nama="Vesta-David" dbg_scanlogpembagian3_nama="Head Office" dbg_scanlogverifymode="1" dbg_scanloginoutmode="1" dbg_scanlogwork_code="0" dbg_scanlogsn="FIO616202019511909" dbg_scanlogdevice_name="Head Office"></ROW>
    <ROW dbg_scanlogscan_date="2022-07-27T23:10:51" dbg_scanlogtgl="2022-07-27" dbg_scanlogjam="23:10:51" dbg_scanlogpin="2420" dbg_scanlogpegawai_nip="322" dbg_scanlogpegawai_nama="Dwiky Radhifan" dbg_scanlogpembagian1_nama="" dbg_scanlogpembagian2_nama="Vesta-David" dbg_scanlogpembagian3_nama="Head Office" dbg_scanlogverifymode="1" dbg_scanloginoutmode="2" dbg_scanlogwork_code="0" dbg_scanlogsn="FIO616202019511909" dbg_scanlogdevice_name="Head Office"></ROW>
    <ROW dbg_scanlogscan_date="2022-07-28T13:20:48" dbg_scanlogtgl="2022-07-28" dbg_scanlogjam="13:20:48" dbg_scanlogpin="2420" dbg_scanlogpegawai_nip="322" dbg_scanlogpegawai_nama="Dwiky Radhifan" dbg_scanlogpembagian1_nama="" dbg_scanlogpembagian2_nama="Vesta-David" dbg_scanlogpembagian3_nama="Head Office" dbg_scanlogverifymode="1" dbg_scanloginoutmode="1" dbg_scanlogwork_code="0" dbg_scanlogsn="FIO616202019511909" dbg_scanlogdevice_name="Head Office"></ROW>
    <ROW dbg_scanlogscan_date="2022-07-28T23:49:42" dbg_scanlogtgl="2022-07-28" dbg_scanlogjam="23:49:42" dbg_scanlogpin="2420" dbg_scanlogpegawai_nip="322" dbg_scanlogpegawai_nama="Dwiky Radhifan" dbg_scanlogpembagian1_nama="" dbg_scanlogpembagian2_nama="Vesta-David" dbg_scanlogpembagian3_nama="Head Office" dbg_scanlogverifymode="1" dbg_scanloginoutmode="2" dbg_scanlogwork_code="0" dbg_scanlogsn="FIO616202019511909" dbg_scanlogdevice_name="Head Office"></ROW>
    <ROW dbg_scanlogscan_date="2022-07-25T09:04:58" dbg_scanlogtgl="2022-07-25" dbg_scanlogjam="09:04:58" dbg_scanlogpin="2495" dbg_scanlogpegawai_nip="334" dbg_scanlogpegawai_nama="Naninsa Anjasmara" dbg_scanlogpembagian1_nama="" dbg_scanlogpembagian2_nama="Uranus-Sondang" dbg_scanlogpembagian3_nama="Head Office" dbg_scanlogverifymode="1" dbg_scanloginoutmode="1" dbg_scanlogwork_code="0" dbg_scanlogsn="FIO616202019511909" dbg_scanlogdevice_name="Head Office"></ROW>
    <ROW dbg_scanlogscan_date="2022-07-25T18:05:00" dbg_scanlogtgl="2022-07-25" dbg_scanlogjam="18:05:00" dbg_scanlogpin="2495" dbg_scanlogpegawai_nip="334" dbg_scanlogpegawai_nama="Naninsa Anjasmara" dbg_scanlogpembagian1_nama="" dbg_scanlogpembagian2_nama="Uranus-Sondang" dbg_scanlogpembagian3_nama="Head Office" dbg_scanlogverifymode="1" dbg_scanloginoutmode="2" dbg_scanlogwork_code="0" dbg_scanlogsn="FIO616202019511909" dbg_scanlogdevice_name="Head Office"></ROW>
    <ROW dbg_scanlogscan_date="2022-07-26T08:35:58" dbg_scanlogtgl="2022-07-26" dbg_scanlogjam="08:35:58" dbg_scanlogpin="2495" dbg_scanlogpegawai_nip="334" dbg_scanlogpegawai_nama="Naninsa Anjasmara" dbg_scanlogpembagian1_nama="" dbg_scanlogpembagian2_nama="Uranus-Sondang" dbg_scanlogpembagian3_nama="Head Office" dbg_scanlogverifymode="1" dbg_scanloginoutmode="1" dbg_scanlogwork_code="0" dbg_scanlogsn="FIO616202019511909" dbg_scanlogdevice_name="Head Office"></ROW>
    <ROW dbg_scanlogscan_date="2022-07-26T18:05:24" dbg_scanlogtgl="2022-07-26" dbg_scanlogjam="18:05:24" dbg_scanlogpin="2495" dbg_scanlogpegawai_nip="334" dbg_scanlogpegawai_nama="Naninsa Anjasmara" dbg_scanlogpembagian1_nama="" dbg_scanlogpembagian2_nama="Uranus-Sondang" dbg_scanlogpembagian3_nama="Head Office" dbg_scanlogverifymode="1" dbg_scanloginoutmode="2" dbg_scanlogwork_code="0" dbg_scanlogsn="FIO616202019511909" dbg_scanlogdevice_name="Head Office"></ROW>
    <ROW dbg_scanlogscan_date="2022-07-27T08:45:33" dbg_scanlogtgl="2022-07-27" dbg_scanlogjam="08:45:33" dbg_scanlogpin="2495" dbg_scanlogpegawai_nip="334" dbg_scanlogpegawai_nama="Naninsa Anjasmara" dbg_scanlogpembagian1_nama="" dbg_scanlogpembagian2_nama="Uranus-Sondang" dbg_scanlogpembagian3_nama="Head Office" dbg_scanlogverifymode="1" dbg_scanloginoutmode="1" dbg_scanlogwork_code="0" dbg_scanlogsn="FIO616202019511909" dbg_scanlogdevice_name="Head Office"></ROW>
    <ROW dbg_scanlogscan_date="2022-07-27T18:10:28" dbg_scanlogtgl="2022-07-27" dbg_scanlogjam="18:10:28" dbg_scanlogpin="2495" dbg_scanlogpegawai_nip="334" dbg_scanlogpegawai_nama="Naninsa Anjasmara" dbg_scanlogpembagian1_nama="" dbg_scanlogpembagian2_nama="Uranus-Sondang" dbg_scanlogpembagian3_nama="Head Office" dbg_scanlogverifymode="1" dbg_scanloginoutmode="2" dbg_scanlogwork_code="0" dbg_scanlogsn="FIO616202019511909" dbg_scanlogdevice_name="Head Office"></ROW>
    <ROW dbg_scanlogscan_date="2022-07-28T09:05:58" dbg_scanlogtgl="2022-07-28" dbg_scanlogjam="09:05:58" dbg_scanlogpin="2495" dbg_scanlogpegawai_nip="334" dbg_scanlogpegawai_nama="Naninsa Anjasmara" dbg_scanlogpembagian1_nama="" dbg_scanlogpembagian2_nama="Uranus-Sondang" dbg_scanlogpembagian3_nama="Head Office" dbg_scanlogverifymode="1" dbg_scanloginoutmode="1" dbg_scanlogwork_code="0" dbg_scanlogsn="FIO616202019511909" dbg_scanlogdevice_name="Head Office"></ROW>
    <ROW dbg_scanlogscan_date="2022-07-28T18:07:28" dbg_scanlogtgl="2022-07-28" dbg_scanlogjam="18:07:28" dbg_scanlogpin="2495" dbg_scanlogpegawai_nip="334" dbg_scanlogpegawai_nama="Naninsa Anjasmara" dbg_scanlogpembagian1_nama="" dbg_scanlogpembagian2_nama="Uranus-Sondang" dbg_scanlogpembagian3_nama="Head Office" dbg_scanlogverifymode="1" dbg_scanloginoutmode="2" dbg_scanlogwork_code="0" dbg_scanlogsn="FIO616202019511909" dbg_scanlogdevice_name="Head Office"></ROW>
    <ROW dbg_scanlogscan_date="2022-07-29T08:52:58" dbg_scanlogtgl="2022-07-29" dbg_scanlogjam="08:52:58" dbg_scanlogpin="2495" dbg_scanlogpegawai_nip="334" dbg_scanlogpegawai_nama="Naninsa Anjasmara" dbg_scanlogpembagian1_nama="" dbg_scanlogpembagian2_nama="Uranus-Sondang" dbg_scanlogpembagian3_nama="Head Office" dbg_scanlogverifymode="1" dbg_scanloginoutmode="1" dbg_scanlogwork_code="0" dbg_scanlogsn="FIO616202019511909" dbg_scanlogdevice_name="Head Office"></ROW>
    <ROW dbg_scanlogscan_date="2022-07-25T09:01:37" dbg_scanlogtgl="2022-07-25" dbg_scanlogjam="09:01:37" dbg_scanlogpin="2499" dbg_scanlogpegawai_nip="338" dbg_scanlogpegawai_nama="Nadyasyifa Annisa Syakur" dbg_scanlogpembagian1_nama="" dbg_scanlogpembagian2_nama="HR" dbg_scanlogpembagian3_nama="Head Office" dbg_scanlogverifymode="1" dbg_scanloginoutmode="1" dbg_scanlogwork_code="0" dbg_scanlogsn="FIO616202019511909" dbg_scanlogdevice_name="Head Office"></ROW>
    <ROW dbg_scanlogscan_date="2022-07-25T18:16:32" dbg_scanlogtgl="2022-07-25" dbg_scanlogjam="18:16:32" dbg_scanlogpin="2499" dbg_scanlogpegawai_nip="338" dbg_scanlogpegawai_nama="Nadyasyifa Annisa Syakur" dbg_scanlogpembagian1_nama="" dbg_scanlogpembagian2_nama="HR" dbg_scanlogpembagian3_nama="Head Office" dbg_scanlogverifymode="1" dbg_scanloginoutmode="2" dbg_scanlogwork_code="0" dbg_scanlogsn="FIO616202019511909" dbg_scanlogdevice_name="Head Office"></ROW>
    <ROW dbg_scanlogscan_date="2022-07-26T09:02:12" dbg_scanlogtgl="2022-07-26" dbg_scanlogjam="09:02:12" dbg_scanlogpin="2499" dbg_scanlogpegawai_nip="338" dbg_scanlogpegawai_nama="Nadyasyifa Annisa Syakur" dbg_scanlogpembagian1_nama="" dbg_scanlogpembagian2_nama="HR" dbg_scanlogpembagian3_nama="Head Office" dbg_scanlogverifymode="1" dbg_scanloginoutmode="1" dbg_scanlogwork_code="0" dbg_scanlogsn="FIO616202019511909" dbg_scanlogdevice_name="Head Office"></ROW>
    <ROW dbg_scanlogscan_date="2022-07-26T18:18:18" dbg_scanlogtgl="2022-07-26" dbg_scanlogjam="18:18:18" dbg_scanlogpin="2499" dbg_scanlogpegawai_nip="338" dbg_scanlogpegawai_nama="Nadyasyifa Annisa Syakur" dbg_scanlogpembagian1_nama="" dbg_scanlogpembagian2_nama="HR" dbg_scanlogpembagian3_nama="Head Office" dbg_scanlogverifymode="1" dbg_scanloginoutmode="2" dbg_scanlogwork_code="0" dbg_scanlogsn="FIO616202019511909" dbg_scanlogdevice_name="Head Office"></ROW>
    <ROW dbg_scanlogscan_date="2022-07-27T08:55:52" dbg_scanlogtgl="2022-07-27" dbg_scanlogjam="08:55:52" dbg_scanlogpin="2499" dbg_scanlogpegawai_nip="338" dbg_scanlogpegawai_nama="Nadyasyifa Annisa Syakur" dbg_scanlogpembagian1_nama="" dbg_scanlogpembagian2_nama="HR" dbg_scanlogpembagian3_nama="Head Office" dbg_scanlogverifymode="1" dbg_scanloginoutmode="1" dbg_scanlogwork_code="0" dbg_scanlogsn="FIO616202019511909" dbg_scanlogdevice_name="Head Office"></ROW>
    <ROW dbg_scanlogscan_date="2022-07-27T18:18:44" dbg_scanlogtgl="2022-07-27" dbg_scanlogjam="18:18:44" dbg_scanlogpin="2499" dbg_scanlogpegawai_nip="338" dbg_scanlogpegawai_nama="Nadyasyifa Annisa Syakur" dbg_scanlogpembagian1_nama="" dbg_scanlogpembagian2_nama="HR" dbg_scanlogpembagian3_nama="Head Office" dbg_scanlogverifymode="1" dbg_scanloginoutmode="2" dbg_scanlogwork_code="0" dbg_scanlogsn="FIO616202019511909" dbg_scanlogdevice_name="Head Office"></ROW>
    <ROW dbg_scanlogscan_date="2022-07-28T09:10:34" dbg_scanlogtgl="2022-07-28" dbg_scanlogjam="09:10:34" dbg_scanlogpin="2499" dbg_scanlogpegawai_nip="338" dbg_scanlogpegawai_nama="Nadyasyifa Annisa Syakur" dbg_scanlogpembagian1_nama="" dbg_scanlogpembagian2_nama="HR" dbg_scanlogpembagian3_nama="Head Office" dbg_scanlogverifymode="1" dbg_scanloginoutmode="1" dbg_scanlogwork_code="0" dbg_scanlogsn="FIO616202019511909" dbg_scanlogdevice_name="Head Office"></ROW>
    <ROW dbg_scanlogscan_date="2022-07-28T18:20:10" dbg_scanlogtgl="2022-07-28" dbg_scanlogjam="18:20:10" dbg_scanlogpin="2499" dbg_scanlogpegawai_nip="338" dbg_scanlogpegawai_nama="Nadyasyifa Annisa Syakur" dbg_scanlogpembagian1_nama="" dbg_scanlogpembagian2_nama="HR" dbg_scanlogpembagian3_nama="Head Office" dbg_scanlogverifymode="1" dbg_scanloginoutmode="2" dbg_scanlogwork_code="0" dbg_scanlogsn="FIO616202019511909" dbg_scanlogdevice_name="Head Office"></ROW>
    <ROW dbg_scanlogscan_date="2022-07-29T09:04:30" dbg_scanlogtgl="2022-07-29" dbg_scanlogjam="09:04:30" dbg_scanlogpin="2499" dbg_scanlogpegawai_nip="338" dbg_scanlogpegawai_nama="Nadyasyifa Annisa Syakur" dbg_scanlogpembagian1_nama="" dbg_scanlogpembagian2_nama="HR" dbg_scanlogpembagian3_nama="Head Office" dbg_scanlogverifymode="1" dbg_scanloginoutmode="1" dbg_scanlogwork_code="0" dbg_scanlogsn="FIO616202019511909" dbg_scanlogdevice_name="Head Office"></ROW>
    <ROW dbg_scanlogscan_date="2022-07-29T18:14:41" dbg_scanlogtgl="2022-07-29" dbg_scanlogjam="18:14:41" dbg_scanlogpin="2499" dbg_scanlogpegawai_nip="338" dbg_scanlogpegawai_nama="Nadyasyifa Annisa Syakur" dbg_scanlogpembagian1_nama="" dbg_scanlogpembagian2_nama="HR" dbg_scanlogpembagian3_nama="Head Office" dbg_scanlogverifymode="1" dbg_scanloginoutmode="2" dbg_scanlogwork_code="0" dbg_scanlogsn="FIO616202019511909" dbg_scanlogdevice_name="Head Office"></ROW>
    <ROW dbg_scanlogscan_date="2022-07-26T21:32:31" dbg_scanlogtgl="2022-07-26" dbg_scanlogjam="21:32:31" dbg_scanlogpin="2505" dbg_scanlogpegawai_nip="344" dbg_scanlogpegawai_nama="Muhammad Aldi Aditia Putra" dbg_scanlogpembagian1_nama="" dbg_scanlogpembagian2_nama="Vesta-David" dbg_scanlogpembagian3_nama="Head Office" dbg_scanlogverifymode="1" dbg_scanloginoutmode="1" dbg_scanlogwork_code="0" dbg_scanlogsn="FIO616202019511909" dbg_scanlogdevice_name="Head Office"></ROW>
    <ROW dbg_scanlogscan_date="2022-07-27T07:11:02" dbg_scanlogtgl="2022-07-27" dbg_scanlogjam="07:11:02" dbg_scanlogpin="2505" dbg_scanlogpegawai_nip="344" dbg_scanlogpegawai_nama="Muhammad Aldi Aditia Putra" dbg_scanlogpembagian1_nama="" dbg_scanlogpembagian2_nama="Vesta-David" dbg_scanlogpembagian3_nama="Head Office" dbg_scanlogverifymode="1" dbg_scanloginoutmode="1" dbg_scanlogwork_code="0" dbg_scanlogsn="FIO616202019511909" dbg_scanlogdevice_name="Head Office"></ROW>
    <ROW dbg_scanlogscan_date="2022-07-27T21:26:52" dbg_scanlogtgl="2022-07-27" dbg_scanlogjam="21:26:52" dbg_scanlogpin="2505" dbg_scanlogpegawai_nip="344" dbg_scanlogpegawai_nama="Muhammad Aldi Aditia Putra" dbg_scanlogpembagian1_nama="" dbg_scanlogpembagian2_nama="Vesta-David" dbg_scanlogpembagian3_nama="Head Office" dbg_scanlogverifymode="1" dbg_scanloginoutmode="1" dbg_scanlogwork_code="0" dbg_scanlogsn="FIO616202019511909" dbg_scanlogdevice_name="Head Office"></ROW>
    <ROW dbg_scanlogscan_date="2022-07-28T07:01:21" dbg_scanlogtgl="2022-07-28" dbg_scanlogjam="07:01:21" dbg_scanlogpin="2505" dbg_scanlogpegawai_nip="344" dbg_scanlogpegawai_nama="Muhammad Aldi Aditia Putra" dbg_scanlogpembagian1_nama="" dbg_scanlogpembagian2_nama="Vesta-David" dbg_scanlogpembagian3_nama="Head Office" dbg_scanlogverifymode="1" dbg_scanloginoutmode="2" dbg_scanlogwork_code="0" dbg_scanlogsn="FIO616202019511909" dbg_scanlogdevice_name="Head Office"></ROW>
    <ROW dbg_scanlogscan_date="2022-07-28T21:32:15" dbg_scanlogtgl="2022-07-28" dbg_scanlogjam="21:32:15" dbg_scanlogpin="2505" dbg_scanlogpegawai_nip="344" dbg_scanlogpegawai_nama="Muhammad Aldi Aditia Putra" dbg_scanlogpembagian1_nama="" dbg_scanlogpembagian2_nama="Vesta-David" dbg_scanlogpembagian3_nama="Head Office" dbg_scanlogverifymode="1" dbg_scanloginoutmode="1" dbg_scanlogwork_code="0" dbg_scanlogsn="FIO616202019511909" dbg_scanlogdevice_name="Head Office"></ROW>
    <ROW dbg_scanlogscan_date="2022-07-29T07:03:55" dbg_scanlogtgl="2022-07-29" dbg_scanlogjam="07:03:55" dbg_scanlogpin="2505" dbg_scanlogpegawai_nip="344" dbg_scanlogpegawai_nama="Muhammad Aldi Aditia Putra" dbg_scanlogpembagian1_nama="" dbg_scanlogpembagian2_nama="Vesta-David" dbg_scanlogpembagian3_nama="Head Office" dbg_scanlogverifymode="1" dbg_scanloginoutmode="2" dbg_scanlogwork_code="0" dbg_scanlogsn="FIO616202019511909" dbg_scanlogdevice_name="Head Office"></ROW>
    <ROW dbg_scanlogscan_date="2022-07-25T06:06:07" dbg_scanlogtgl="2022-07-25" dbg_scanlogjam="06:06:07" dbg_scanlogpin="2508" dbg_scanlogpegawai_nip="347" dbg_scanlogpegawai_nama="Muhamad Aditya Putratama" dbg_scanlogpembagian1_nama="" dbg_scanlogpembagian2_nama="Vesta-David" dbg_scanlogpembagian3_nama="Head Office" dbg_scanlogverifymode="1" dbg_scanloginoutmode="1" dbg_scanlogwork_code="0" dbg_scanlogsn="FIO616202019511909" dbg_scanlogdevice_name="Head Office"></ROW>
    <ROW dbg_scanlogscan_date="2022-07-25T16:42:06" dbg_scanlogtgl="2022-07-25" dbg_scanlogjam="16:42:06" dbg_scanlogpin="2508" dbg_scanlogpegawai_nip="347" dbg_scanlogpegawai_nama="Muhamad Aditya Putratama" dbg_scanlogpembagian1_nama="" dbg_scanlogpembagian2_nama="Vesta-David" dbg_scanlogpembagian3_nama="Head Office" dbg_scanlogverifymode="1" dbg_scanloginoutmode="2" dbg_scanlogwork_code="0" dbg_scanlogsn="FIO616202019511909" dbg_scanlogdevice_name="Head Office"></ROW>
    <ROW dbg_scanlogscan_date="2022-07-26T06:02:30" dbg_scanlogtgl="2022-07-26" dbg_scanlogjam="06:02:30" dbg_scanlogpin="2508" dbg_scanlogpegawai_nip="347" dbg_scanlogpegawai_nama="Muhamad Aditya Putratama" dbg_scanlogpembagian1_nama="" dbg_scanlogpembagian2_nama="Vesta-David" dbg_scanlogpembagian3_nama="Head Office" dbg_scanlogverifymode="1" dbg_scanloginoutmode="1" dbg_scanlogwork_code="0" dbg_scanlogsn="FIO616202019511909" dbg_scanlogdevice_name="Head Office"></ROW>
    <ROW dbg_scanlogscan_date="2022-07-26T15:37:19" dbg_scanlogtgl="2022-07-26" dbg_scanlogjam="15:37:19" dbg_scanlogpin="2508" dbg_scanlogpegawai_nip="347" dbg_scanlogpegawai_nama="Muhamad Aditya Putratama" dbg_scanlogpembagian1_nama="" dbg_scanlogpembagian2_nama="Vesta-David" dbg_scanlogpembagian3_nama="Head Office" dbg_scanlogverifymode="1" dbg_scanloginoutmode="2" dbg_scanlogwork_code="0" dbg_scanlogsn="FIO616202019511909" dbg_scanlogdevice_name="Head Office"></ROW>
    <ROW dbg_scanlogscan_date="2022-07-27T05:52:54" dbg_scanlogtgl="2022-07-27" dbg_scanlogjam="05:52:54" dbg_scanlogpin="2508" dbg_scanlogpegawai_nip="347" dbg_scanlogpegawai_nama="Muhamad Aditya Putratama" dbg_scanlogpembagian1_nama="" dbg_scanlogpembagian2_nama="Vesta-David" dbg_scanlogpembagian3_nama="Head Office" dbg_scanlogverifymode="1" dbg_scanloginoutmode="1" dbg_scanlogwork_code="0" dbg_scanlogsn="FIO616202019511909" dbg_scanlogdevice_name="Head Office"></ROW>
    <ROW dbg_scanlogscan_date="2022-07-27T17:05:25" dbg_scanlogtgl="2022-07-27" dbg_scanlogjam="17:05:25" dbg_scanlogpin="2508" dbg_scanlogpegawai_nip="347" dbg_scanlogpegawai_nama="Muhamad Aditya Putratama" dbg_scanlogpembagian1_nama="" dbg_scanlogpembagian2_nama="Vesta-David" dbg_scanlogpembagian3_nama="Head Office" dbg_scanlogverifymode="1" dbg_scanloginoutmode="2" dbg_scanlogwork_code="0" dbg_scanlogsn="FIO616202019511909" dbg_scanlogdevice_name="Head Office"></ROW>
    <ROW dbg_scanlogscan_date="2022-07-25T23:03:13" dbg_scanlogtgl="2022-07-25" dbg_scanlogjam="23:03:13" dbg_scanlogpin="2511" dbg_scanlogpegawai_nip="350" dbg_scanlogpegawai_nama="M Syakh Daoe Honggonegoro" dbg_scanlogpembagian1_nama="" dbg_scanlogpembagian2_nama="Vesta-David" dbg_scanlogpembagian3_nama="Head Office" dbg_scanlogverifymode="1" dbg_scanloginoutmode="2" dbg_scanlogwork_code="0" dbg_scanlogsn="FIO616202019511909" dbg_scanlogdevice_name="Head Office"></ROW>
    <ROW dbg_scanlogscan_date="2022-07-26T13:57:58" dbg_scanlogtgl="2022-07-26" dbg_scanlogjam="13:57:58" dbg_scanlogpin="2511" dbg_scanlogpegawai_nip="350" dbg_scanlogpegawai_nama="M Syakh Daoe Honggonegoro" dbg_scanlogpembagian1_nama="" dbg_scanlogpembagian2_nama="Vesta-David" dbg_scanlogpembagian3_nama="Head Office" dbg_scanlogverifymode="1" dbg_scanloginoutmode="1" dbg_scanlogwork_code="0" dbg_scanlogsn="FIO616202019511909" dbg_scanlogdevice_name="Head Office"></ROW>
    <ROW dbg_scanlogscan_date="2022-07-26T23:28:01" dbg_scanlogtgl="2022-07-26" dbg_scanlogjam="23:28:01" dbg_scanlogpin="2511" dbg_scanlogpegawai_nip="350" dbg_scanlogpegawai_nama="M Syakh Daoe Honggonegoro" dbg_scanlogpembagian1_nama="" dbg_scanlogpembagian2_nama="Vesta-David" dbg_scanlogpembagian3_nama="Head Office" dbg_scanlogverifymode="1" dbg_scanloginoutmode="2" dbg_scanlogwork_code="0" dbg_scanlogsn="FIO616202019511909" dbg_scanlogdevice_name="Head Office"></ROW>
    <ROW dbg_scanlogscan_date="2022-07-27T13:48:28" dbg_scanlogtgl="2022-07-27" dbg_scanlogjam="13:48:28" dbg_scanlogpin="2511" dbg_scanlogpegawai_nip="350" dbg_scanlogpegawai_nama="M Syakh Daoe Honggonegoro" dbg_scanlogpembagian1_nama="" dbg_scanlogpembagian2_nama="Vesta-David" dbg_scanlogpembagian3_nama="Head Office" dbg_scanlogverifymode="1" dbg_scanloginoutmode="1" dbg_scanlogwork_code="0" dbg_scanlogsn="FIO616202019511909" dbg_scanlogdevice_name="Head Office"></ROW>
    <ROW dbg_scanlogscan_date="2022-07-27T23:20:31" dbg_scanlogtgl="2022-07-27" dbg_scanlogjam="23:20:31" dbg_scanlogpin="2511" dbg_scanlogpegawai_nip="350" dbg_scanlogpegawai_nama="M Syakh Daoe Honggonegoro" dbg_scanlogpembagian1_nama="" dbg_scanlogpembagian2_nama="Vesta-David" dbg_scanlogpembagian3_nama="Head Office" dbg_scanlogverifymode="1" dbg_scanloginoutmode="2" dbg_scanlogwork_code="0" dbg_scanlogsn="FIO616202019511909" dbg_scanlogdevice_name="Head Office"></ROW>
    <ROW dbg_scanlogscan_date="2022-07-28T13:54:28" dbg_scanlogtgl="2022-07-28" dbg_scanlogjam="13:54:28" dbg_scanlogpin="2511" dbg_scanlogpegawai_nip="350" dbg_scanlogpegawai_nama="M Syakh Daoe Honggonegoro" dbg_scanlogpembagian1_nama="" dbg_scanlogpembagian2_nama="Vesta-David" dbg_scanlogpembagian3_nama="Head Office" dbg_scanlogverifymode="1" dbg_scanloginoutmode="1" dbg_scanlogwork_code="0" dbg_scanlogsn="FIO616202019511909" dbg_scanlogdevice_name="Head Office"></ROW>
    <ROW dbg_scanlogscan_date="2022-07-29T00:42:12" dbg_scanlogtgl="2022-07-29" dbg_scanlogjam="00:42:12" dbg_scanlogpin="2511" dbg_scanlogpegawai_nip="350" dbg_scanlogpegawai_nama="M Syakh Daoe Honggonegoro" dbg_scanlogpembagian1_nama="" dbg_scanlogpembagian2_nama="Vesta-David" dbg_scanlogpembagian3_nama="Head Office" dbg_scanlogverifymode="1" dbg_scanloginoutmode="2" dbg_scanlogwork_code="0" dbg_scanlogsn="FIO616202019511909" dbg_scanlogdevice_name="Head Office"></ROW>
    <ROW dbg_scanlogscan_date="2022-07-29T14:03:40" dbg_scanlogtgl="2022-07-29" dbg_scanlogjam="14:03:40" dbg_scanlogpin="2511" dbg_scanlogpegawai_nip="350" dbg_scanlogpegawai_nama="M Syakh Daoe Honggonegoro" dbg_scanlogpembagian1_nama="" dbg_scanlogpembagian2_nama="Vesta-David" dbg_scanlogpembagian3_nama="Head Office" dbg_scanlogverifymode="1" dbg_scanloginoutmode="1" dbg_scanlogwork_code="0" dbg_scanlogsn="FIO616202019511909" dbg_scanlogdevice_name="Head Office"></ROW>
    <ROW dbg_scanlogscan_date="2022-07-27T10:11:57" dbg_scanlogtgl="2022-07-27" dbg_scanlogjam="10:11:57" dbg_scanlogpin="2517" dbg_scanlogpegawai_nip="356" dbg_scanlogpegawai_nama="Elazar Ibrahim Syahranie" dbg_scanlogpembagian1_nama="" dbg_scanlogpembagian2_nama="" dbg_scanlogpembagian3_nama="" dbg_scanlogverifymode="1" dbg_scanloginoutmode="1" dbg_scanlogwork_code="0" dbg_scanlogsn="FIO616202019511909" dbg_scanlogdevice_name="Head Office"></ROW>
    <ROW dbg_scanlogscan_date="2022-07-27T19:02:04" dbg_scanlogtgl="2022-07-27" dbg_scanlogjam="19:02:04" dbg_scanlogpin="2517" dbg_scanlogpegawai_nip="356" dbg_scanlogpegawai_nama="Elazar Ibrahim Syahranie" dbg_scanlogpembagian1_nama="" dbg_scanlogpembagian2_nama="" dbg_scanlogpembagian3_nama="" dbg_scanlogverifymode="1" dbg_scanloginoutmode="2" dbg_scanlogwork_code="0" dbg_scanlogsn="FIO616202019511909" dbg_scanlogdevice_name="Head Office"></ROW>
    <ROW dbg_scanlogscan_date="2022-07-28T19:59:57" dbg_scanlogtgl="2022-07-28" dbg_scanlogjam="19:59:57" dbg_scanlogpin="2517" dbg_scanlogpegawai_nip="356" dbg_scanlogpegawai_nama="Elazar Ibrahim Syahranie" dbg_scanlogpembagian1_nama="" dbg_scanlogpembagian2_nama="" dbg_scanlogpembagian3_nama="" dbg_scanlogverifymode="1" dbg_scanloginoutmode="2" dbg_scanlogwork_code="0" dbg_scanlogsn="FIO616202019511909" dbg_scanlogdevice_name="Head Office"></ROW>
    <ROW dbg_scanlogscan_date="2022-07-29T09:07:39" dbg_scanlogtgl="2022-07-29" dbg_scanlogjam="09:07:39" dbg_scanlogpin="2517" dbg_scanlogpegawai_nip="356" dbg_scanlogpegawai_nama="Elazar Ibrahim Syahranie" dbg_scanlogpembagian1_nama="" dbg_scanlogpembagian2_nama="" dbg_scanlogpembagian3_nama="" dbg_scanlogverifymode="1" dbg_scanloginoutmode="1" dbg_scanlogwork_code="0" dbg_scanlogsn="FIO616202019511909" dbg_scanlogdevice_name="Head Office"></ROW>
    <ROW dbg_scanlogscan_date="2022-07-25T09:30:58" dbg_scanlogtgl="2022-07-25" dbg_scanlogjam="09:30:58" dbg_scanlogpin="2519" dbg_scanlogpegawai_nip="358" dbg_scanlogpegawai_nama="ezriel" dbg_scanlogpembagian1_nama="" dbg_scanlogpembagian2_nama="HR" dbg_scanlogpembagian3_nama="Head Office" dbg_scanlogverifymode="1" dbg_scanloginoutmode="1" dbg_scanlogwork_code="0" dbg_scanlogsn="FIO616202019511909" dbg_scanlogdevice_name="Head Office"></ROW>
    <ROW dbg_scanlogscan_date="2022-07-25T18:42:54" dbg_scanlogtgl="2022-07-25" dbg_scanlogjam="18:42:54" dbg_scanlogpin="2519" dbg_scanlogpegawai_nip="358" dbg_scanlogpegawai_nama="ezriel" dbg_scanlogpembagian1_nama="" dbg_scanlogpembagian2_nama="HR" dbg_scanlogpembagian3_nama="Head Office" dbg_scanlogverifymode="1" dbg_scanloginoutmode="2" dbg_scanlogwork_code="0" dbg_scanlogsn="FIO616202019511909" dbg_scanlogdevice_name="Head Office"></ROW>
    <ROW dbg_scanlogscan_date="2022-07-28T08:56:54" dbg_scanlogtgl="2022-07-28" dbg_scanlogjam="08:56:54" dbg_scanlogpin="2519" dbg_scanlogpegawai_nip="358" dbg_scanlogpegawai_nama="ezriel" dbg_scanlogpembagian1_nama="" dbg_scanlogpembagian2_nama="HR" dbg_scanlogpembagian3_nama="Head Office" dbg_scanlogverifymode="1" dbg_scanloginoutmode="1" dbg_scanlogwork_code="0" dbg_scanlogsn="FIO616202019511909" dbg_scanlogdevice_name="Head Office"></ROW>
    <ROW dbg_scanlogscan_date="2022-07-28T18:22:03" dbg_scanlogtgl="2022-07-28" dbg_scanlogjam="18:22:03" dbg_scanlogpin="2519" dbg_scanlogpegawai_nip="358" dbg_scanlogpegawai_nama="ezriel" dbg_scanlogpembagian1_nama="" dbg_scanlogpembagian2_nama="HR" dbg_scanlogpembagian3_nama="Head Office" dbg_scanlogverifymode="1" dbg_scanloginoutmode="2" dbg_scanlogwork_code="0" dbg_scanlogsn="FIO616202019511909" dbg_scanlogdevice_name="Head Office"></ROW>
    <ROW dbg_scanlogscan_date="2022-07-29T09:08:13" dbg_scanlogtgl="2022-07-29" dbg_scanlogjam="09:08:13" dbg_scanlogpin="2519" dbg_scanlogpegawai_nip="358" dbg_scanlogpegawai_nama="ezriel" dbg_scanlogpembagian1_nama="" dbg_scanlogpembagian2_nama="HR" dbg_scanlogpembagian3_nama="Head Office" dbg_scanlogverifymode="1" dbg_scanloginoutmode="1" dbg_scanlogwork_code="0" dbg_scanlogsn="FIO616202019511909" dbg_scanlogdevice_name="Head Office"></ROW>
    <ROW dbg_scanlogscan_date="2022-07-29T18:19:36" dbg_scanlogtgl="2022-07-29" dbg_scanlogjam="18:19:36" dbg_scanlogpin="2519" dbg_scanlogpegawai_nip="358" dbg_scanlogpegawai_nama="ezriel" dbg_scanlogpembagian1_nama="" dbg_scanlogpembagian2_nama="HR" dbg_scanlogpembagian3_nama="Head Office" dbg_scanlogverifymode="1" dbg_scanloginoutmode="2" dbg_scanlogwork_code="0" dbg_scanlogsn="FIO616202019511909" dbg_scanlogdevice_name="Head Office"></ROW>
    <ROW dbg_scanlogscan_date="2022-07-27T21:50:40" dbg_scanlogtgl="2022-07-27" dbg_scanlogjam="21:50:40" dbg_scanlogpin="2521" dbg_scanlogpegawai_nip="360" dbg_scanlogpegawai_nama="afif" dbg_scanlogpembagian1_nama="" dbg_scanlogpembagian2_nama="Vesta-David" dbg_scanlogpembagian3_nama="Head Office" dbg_scanlogverifymode="1" dbg_scanloginoutmode="1" dbg_scanlogwork_code="0" dbg_scanlogsn="FIO616202019511909" dbg_scanlogdevice_name="Head Office"></ROW>
    <ROW dbg_scanlogscan_date="2022-07-28T07:01:16" dbg_scanlogtgl="2022-07-28" dbg_scanlogjam="07:01:16" dbg_scanlogpin="2521" dbg_scanlogpegawai_nip="360" dbg_scanlogpegawai_nama="afif" dbg_scanlogpembagian1_nama="" dbg_scanlogpembagian2_nama="Vesta-David" dbg_scanlogpembagian3_nama="Head Office" dbg_scanlogverifymode="1" dbg_scanloginoutmode="2" dbg_scanlogwork_code="0" dbg_scanlogsn="FIO616202019511909" dbg_scanlogdevice_name="Head Office"></ROW>
    <ROW dbg_scanlogscan_date="2022-07-28T21:50:51" dbg_scanlogtgl="2022-07-28" dbg_scanlogjam="21:50:51" dbg_scanlogpin="2521" dbg_scanlogpegawai_nip="360" dbg_scanlogpegawai_nama="afif" dbg_scanlogpembagian1_nama="" dbg_scanlogpembagian2_nama="Vesta-David" dbg_scanlogpembagian3_nama="Head Office" dbg_scanlogverifymode="1" dbg_scanloginoutmode="1" dbg_scanlogwork_code="0" dbg_scanlogsn="FIO616202019511909" dbg_scanlogdevice_name="Head Office"></ROW>
    <ROW dbg_scanlogscan_date="2022-07-29T07:04:06" dbg_scanlogtgl="2022-07-29" dbg_scanlogjam="07:04:06" dbg_scanlogpin="2521" dbg_scanlogpegawai_nip="360" dbg_scanlogpegawai_nama="afif" dbg_scanlogpembagian1_nama="" dbg_scanlogpembagian2_nama="Vesta-David" dbg_scanlogpembagian3_nama="Head Office" dbg_scanlogverifymode="1" dbg_scanloginoutmode="2" dbg_scanlogwork_code="0" dbg_scanlogsn="FIO616202019511909" dbg_scanlogdevice_name="Head Office"></ROW>
    <ROW dbg_scanlogscan_date="2022-07-25T08:39:14" dbg_scanlogtgl="2022-07-25" dbg_scanlogjam="08:39:14" dbg_scanlogpin="18552" dbg_scanlogpegawai_nip="4433" dbg_scanlogpegawai_nama="silvia" dbg_scanlogpembagian1_nama="" dbg_scanlogpembagian2_nama="Uranus-Sondang" dbg_scanlogpembagian3_nama="Head Office" dbg_scanlogverifymode="1" dbg_scanloginoutmode="2" dbg_scanlogwork_code="0" dbg_scanlogsn="FIO616202019511909" dbg_scanlogdevice_name="Head Office"></ROW>
    <ROW dbg_scanlogscan_date="2022-07-25T18:05:17" dbg_scanlogtgl="2022-07-25" dbg_scanlogjam="18:05:17" dbg_scanlogpin="18552" dbg_scanlogpegawai_nip="4433" dbg_scanlogpegawai_nama="silvia" dbg_scanlogpembagian1_nama="" dbg_scanlogpembagian2_nama="Uranus-Sondang" dbg_scanlogpembagian3_nama="Head Office" dbg_scanlogverifymode="1" dbg_scanloginoutmode="2" dbg_scanlogwork_code="0" dbg_scanlogsn="FIO616202019511909" dbg_scanlogdevice_name="Head Office"></ROW>
    <ROW dbg_scanlogscan_date="2022-07-26T08:37:21" dbg_scanlogtgl="2022-07-26" dbg_scanlogjam="08:37:21" dbg_scanlogpin="18552" dbg_scanlogpegawai_nip="4433" dbg_scanlogpegawai_nama="silvia" dbg_scanlogpembagian1_nama="" dbg_scanlogpembagian2_nama="Uranus-Sondang" dbg_scanlogpembagian3_nama="Head Office" dbg_scanlogverifymode="1" dbg_scanloginoutmode="1" dbg_scanlogwork_code="0" dbg_scanlogsn="FIO616202019511909" dbg_scanlogdevice_name="Head Office"></ROW>
    <ROW dbg_scanlogscan_date="2022-07-26T18:04:21" dbg_scanlogtgl="2022-07-26" dbg_scanlogjam="18:04:21" dbg_scanlogpin="18552" dbg_scanlogpegawai_nip="4433" dbg_scanlogpegawai_nama="silvia" dbg_scanlogpembagian1_nama="" dbg_scanlogpembagian2_nama="Uranus-Sondang" dbg_scanlogpembagian3_nama="Head Office" dbg_scanlogverifymode="1" dbg_scanloginoutmode="2" dbg_scanlogwork_code="0" dbg_scanlogsn="FIO616202019511909" dbg_scanlogdevice_name="Head Office"></ROW>
    <ROW dbg_scanlogscan_date="2022-07-27T08:41:56" dbg_scanlogtgl="2022-07-27" dbg_scanlogjam="08:41:56" dbg_scanlogpin="18552" dbg_scanlogpegawai_nip="4433" dbg_scanlogpegawai_nama="silvia" dbg_scanlogpembagian1_nama="" dbg_scanlogpembagian2_nama="Uranus-Sondang" dbg_scanlogpembagian3_nama="Head Office" dbg_scanlogverifymode="1" dbg_scanloginoutmode="1" dbg_scanlogwork_code="0" dbg_scanlogsn="FIO616202019511909" dbg_scanlogdevice_name="Head Office"></ROW>
    <ROW dbg_scanlogscan_date="2022-07-27T18:03:28" dbg_scanlogtgl="2022-07-27" dbg_scanlogjam="18:03:28" dbg_scanlogpin="18552" dbg_scanlogpegawai_nip="4433" dbg_scanlogpegawai_nama="silvia" dbg_scanlogpembagian1_nama="" dbg_scanlogpembagian2_nama="Uranus-Sondang" dbg_scanlogpembagian3_nama="Head Office" dbg_scanlogverifymode="1" dbg_scanloginoutmode="2" dbg_scanlogwork_code="0" dbg_scanlogsn="FIO616202019511909" dbg_scanlogdevice_name="Head Office"></ROW>
    <ROW dbg_scanlogscan_date="2022-07-28T08:27:43" dbg_scanlogtgl="2022-07-28" dbg_scanlogjam="08:27:43" dbg_scanlogpin="18552" dbg_scanlogpegawai_nip="4433" dbg_scanlogpegawai_nama="silvia" dbg_scanlogpembagian1_nama="" dbg_scanlogpembagian2_nama="Uranus-Sondang" dbg_scanlogpembagian3_nama="Head Office" dbg_scanlogverifymode="1" dbg_scanloginoutmode="1" dbg_scanlogwork_code="0" dbg_scanlogsn="FIO616202019511909" dbg_scanlogdevice_name="Head Office"></ROW>
    <ROW dbg_scanlogscan_date="2022-07-28T18:07:44" dbg_scanlogtgl="2022-07-28" dbg_scanlogjam="18:07:44" dbg_scanlogpin="18552" dbg_scanlogpegawai_nip="4433" dbg_scanlogpegawai_nama="silvia" dbg_scanlogpembagian1_nama="" dbg_scanlogpembagian2_nama="Uranus-Sondang" dbg_scanlogpembagian3_nama="Head Office" dbg_scanlogverifymode="1" dbg_scanloginoutmode="2" dbg_scanlogwork_code="0" dbg_scanlogsn="FIO616202019511909" dbg_scanlogdevice_name="Head Office"></ROW>
    <ROW dbg_scanlogscan_date="2022-07-29T08:35:40" dbg_scanlogtgl="2022-07-29" dbg_scanlogjam="08:35:40" dbg_scanlogpin="18552" dbg_scanlogpegawai_nip="4433" dbg_scanlogpegawai_nama="silvia" dbg_scanlogpembagian1_nama="" dbg_scanlogpembagian2_nama="Uranus-Sondang" dbg_scanlogpembagian3_nama="Head Office" dbg_scanlogverifymode="1" dbg_scanloginoutmode="2" dbg_scanlogwork_code="0" dbg_scanlogsn="FIO616202019511909" dbg_scanlogdevice_name="Head Office"></ROW>
    <ROW dbg_scanlogscan_date="2022-07-25T14:32:55" dbg_scanlogtgl="2022-07-25" dbg_scanlogjam="14:32:55" dbg_scanlogpin="18823" dbg_scanlogpegawai_nip="12421" dbg_scanlogpegawai_nama="angga" dbg_scanlogpembagian1_nama="" dbg_scanlogpembagian2_nama="Orcus-Erda" dbg_scanlogpembagian3_nama="" dbg_scanlogverifymode="1" dbg_scanloginoutmode="1" dbg_scanlogwork_code="0" dbg_scanlogsn="FIO616202019511909" dbg_scanlogdevice_name="Head Office"></ROW>
    <ROW dbg_scanlogscan_date="2022-07-25T18:21:47" dbg_scanlogtgl="2022-07-25" dbg_scanlogjam="18:21:47" dbg_scanlogpin="18823" dbg_scanlogpegawai_nip="12421" dbg_scanlogpegawai_nama="angga" dbg_scanlogpembagian1_nama="" dbg_scanlogpembagian2_nama="Orcus-Erda" dbg_scanlogpembagian3_nama="" dbg_scanlogverifymode="1" dbg_scanloginoutmode="2" dbg_scanlogwork_code="0" dbg_scanlogsn="FIO616202019511909" dbg_scanlogdevice_name="Head Office"></ROW>
    <ROW dbg_scanlogscan_date="2022-07-26T13:28:18" dbg_scanlogtgl="2022-07-26" dbg_scanlogjam="13:28:18" dbg_scanlogpin="18823" dbg_scanlogpegawai_nip="12421" dbg_scanlogpegawai_nama="angga" dbg_scanlogpembagian1_nama="" dbg_scanlogpembagian2_nama="Orcus-Erda" dbg_scanlogpembagian3_nama="" dbg_scanlogverifymode="1" dbg_scanloginoutmode="1" dbg_scanlogwork_code="0" dbg_scanlogsn="FIO616202019511909" dbg_scanlogdevice_name="Head Office"></ROW>
    <ROW dbg_scanlogscan_date="2022-07-26T23:11:19" dbg_scanlogtgl="2022-07-26" dbg_scanlogjam="23:11:19" dbg_scanlogpin="18823" dbg_scanlogpegawai_nip="12421" dbg_scanlogpegawai_nama="angga" dbg_scanlogpembagian1_nama="" dbg_scanlogpembagian2_nama="Orcus-Erda" dbg_scanlogpembagian3_nama="" dbg_scanlogverifymode="1" dbg_scanloginoutmode="2" dbg_scanlogwork_code="0" dbg_scanlogsn="FIO616202019511909" dbg_scanlogdevice_name="Head Office"></ROW>
    <ROW dbg_scanlogscan_date="2022-07-27T13:27:14" dbg_scanlogtgl="2022-07-27" dbg_scanlogjam="13:27:14" dbg_scanlogpin="18823" dbg_scanlogpegawai_nip="12421" dbg_scanlogpegawai_nama="angga" dbg_scanlogpembagian1_nama="" dbg_scanlogpembagian2_nama="Orcus-Erda" dbg_scanlogpembagian3_nama="" dbg_scanlogverifymode="1" dbg_scanloginoutmode="1" dbg_scanlogwork_code="0" dbg_scanlogsn="FIO616202019511909" dbg_scanlogdevice_name="Head Office"></ROW>
    <ROW dbg_scanlogscan_date="2022-07-27T23:20:53" dbg_scanlogtgl="2022-07-27" dbg_scanlogjam="23:20:53" dbg_scanlogpin="18823" dbg_scanlogpegawai_nip="12421" dbg_scanlogpegawai_nama="angga" dbg_scanlogpembagian1_nama="" dbg_scanlogpembagian2_nama="Orcus-Erda" dbg_scanlogpembagian3_nama="" dbg_scanlogverifymode="1" dbg_scanloginoutmode="2" dbg_scanlogwork_code="0" dbg_scanlogsn="FIO616202019511909" dbg_scanlogdevice_name="Head Office"></ROW>
    <ROW dbg_scanlogscan_date="2022-07-28T13:40:04" dbg_scanlogtgl="2022-07-28" dbg_scanlogjam="13:40:04" dbg_scanlogpin="18823" dbg_scanlogpegawai_nip="12421" dbg_scanlogpegawai_nama="angga" dbg_scanlogpembagian1_nama="" dbg_scanlogpembagian2_nama="Orcus-Erda" dbg_scanlogpembagian3_nama="" dbg_scanlogverifymode="1" dbg_scanloginoutmode="1" dbg_scanlogwork_code="0" dbg_scanlogsn="FIO616202019511909" dbg_scanlogdevice_name="Head Office"></ROW>
    <ROW dbg_scanlogscan_date="2022-07-29T00:41:57" dbg_scanlogtgl="2022-07-29" dbg_scanlogjam="00:41:57" dbg_scanlogpin="18823" dbg_scanlogpegawai_nip="12421" dbg_scanlogpegawai_nama="angga" dbg_scanlogpembagian1_nama="" dbg_scanlogpembagian2_nama="Orcus-Erda" dbg_scanlogpembagian3_nama="" dbg_scanlogverifymode="1" dbg_scanloginoutmode="2" dbg_scanlogwork_code="0" dbg_scanlogsn="FIO616202019511909" dbg_scanlogdevice_name="Head Office"></ROW>
    <ROW dbg_scanlogscan_date="2022-07-29T13:33:09" dbg_scanlogtgl="2022-07-29" dbg_scanlogjam="13:33:09" dbg_scanlogpin="18823" dbg_scanlogpegawai_nip="12421" dbg_scanlogpegawai_nama="angga" dbg_scanlogpembagian1_nama="" dbg_scanlogpembagian2_nama="Orcus-Erda" dbg_scanlogpembagian3_nama="" dbg_scanlogverifymode="1" dbg_scanloginoutmode="1" dbg_scanlogwork_code="0" dbg_scanlogsn="FIO616202019511909" dbg_scanlogdevice_name="Head Office"></ROW>
    <ROW dbg_scanlogscan_date="2022-07-25T05:57:56" dbg_scanlogtgl="2022-07-25" dbg_scanlogjam="05:57:56" dbg_scanlogpin="25211" dbg_scanlogpegawai_nip="362" dbg_scanlogpegawai_nama="farhan" dbg_scanlogpembagian1_nama="" dbg_scanlogpembagian2_nama="Vesta-David" dbg_scanlogpembagian3_nama="Head Office" dbg_scanlogverifymode="1" dbg_scanloginoutmode="1" dbg_scanlogwork_code="0" dbg_scanlogsn="FIO616202019511909" dbg_scanlogdevice_name="Head Office"></ROW>
    <ROW dbg_scanlogscan_date="2022-07-25T16:02:13" dbg_scanlogtgl="2022-07-25" dbg_scanlogjam="16:02:13" dbg_scanlogpin="25211" dbg_scanlogpegawai_nip="362" dbg_scanlogpegawai_nama="farhan" dbg_scanlogpembagian1_nama="" dbg_scanlogpembagian2_nama="Vesta-David" dbg_scanlogpembagian3_nama="Head Office" dbg_scanlogverifymode="1" dbg_scanloginoutmode="2" dbg_scanlogwork_code="0" dbg_scanlogsn="FIO616202019511909" dbg_scanlogdevice_name="Head Office"></ROW>
    <ROW dbg_scanlogscan_date="2022-07-26T05:47:16" dbg_scanlogtgl="2022-07-26" dbg_scanlogjam="05:47:16" dbg_scanlogpin="25211" dbg_scanlogpegawai_nip="362" dbg_scanlogpegawai_nama="farhan" dbg_scanlogpembagian1_nama="" dbg_scanlogpembagian2_nama="Vesta-David" dbg_scanlogpembagian3_nama="Head Office" dbg_scanlogverifymode="1" dbg_scanloginoutmode="1" dbg_scanlogwork_code="0" dbg_scanlogsn="FIO616202019511909" dbg_scanlogdevice_name="Head Office"></ROW>
    <ROW dbg_scanlogscan_date="2022-07-26T16:01:22" dbg_scanlogtgl="2022-07-26" dbg_scanlogjam="16:01:22" dbg_scanlogpin="25211" dbg_scanlogpegawai_nip="362" dbg_scanlogpegawai_nama="farhan" dbg_scanlogpembagian1_nama="" dbg_scanlogpembagian2_nama="Vesta-David" dbg_scanlogpembagian3_nama="Head Office" dbg_scanlogverifymode="1" dbg_scanloginoutmode="2" dbg_scanlogwork_code="0" dbg_scanlogsn="FIO616202019511909" dbg_scanlogdevice_name="Head Office"></ROW>
    <ROW dbg_scanlogscan_date="2022-07-27T05:54:10" dbg_scanlogtgl="2022-07-27" dbg_scanlogjam="05:54:10" dbg_scanlogpin="25211" dbg_scanlogpegawai_nip="362" dbg_scanlogpegawai_nama="farhan" dbg_scanlogpembagian1_nama="" dbg_scanlogpembagian2_nama="Vesta-David" dbg_scanlogpembagian3_nama="Head Office" dbg_scanlogverifymode="1" dbg_scanloginoutmode="1" dbg_scanlogwork_code="0" dbg_scanlogsn="FIO616202019511909" dbg_scanlogdevice_name="Head Office"></ROW>
    <ROW dbg_scanlogscan_date="2022-07-27T15:12:33" dbg_scanlogtgl="2022-07-27" dbg_scanlogjam="15:12:33" dbg_scanlogpin="25211" dbg_scanlogpegawai_nip="362" dbg_scanlogpegawai_nama="farhan" dbg_scanlogpembagian1_nama="" dbg_scanlogpembagian2_nama="Vesta-David" dbg_scanlogpembagian3_nama="Head Office" dbg_scanlogverifymode="1" dbg_scanloginoutmode="2" dbg_scanlogwork_code="0" dbg_scanlogsn="FIO616202019511909" dbg_scanlogdevice_name="Head Office"></ROW>
    <ROW dbg_scanlogscan_date="2022-07-28T05:50:17" dbg_scanlogtgl="2022-07-28" dbg_scanlogjam="05:50:17" dbg_scanlogpin="25211" dbg_scanlogpegawai_nip="362" dbg_scanlogpegawai_nama="farhan" dbg_scanlogpembagian1_nama="" dbg_scanlogpembagian2_nama="Vesta-David" dbg_scanlogpembagian3_nama="Head Office" dbg_scanlogverifymode="1" dbg_scanloginoutmode="1" dbg_scanlogwork_code="0" dbg_scanlogsn="FIO616202019511909" dbg_scanlogdevice_name="Head Office"></ROW>
    <ROW dbg_scanlogscan_date="2022-07-28T15:52:45" dbg_scanlogtgl="2022-07-28" dbg_scanlogjam="15:52:45" dbg_scanlogpin="25211" dbg_scanlogpegawai_nip="362" dbg_scanlogpegawai_nama="farhan" dbg_scanlogpembagian1_nama="" dbg_scanlogpembagian2_nama="Vesta-David" dbg_scanlogpembagian3_nama="Head Office" dbg_scanlogverifymode="1" dbg_scanloginoutmode="2" dbg_scanlogwork_code="0" dbg_scanlogsn="FIO616202019511909" dbg_scanlogdevice_name="Head Office"></ROW>
    <ROW dbg_scanlogscan_date="2022-07-25T09:07:22" dbg_scanlogtgl="2022-07-25" dbg_scanlogjam="09:07:22" dbg_scanlogpin="25250" dbg_scanlogpegawai_nip="361" dbg_scanlogpegawai_nama="firdha" dbg_scanlogpembagian1_nama="" dbg_scanlogpembagian2_nama="Corporate Finance" dbg_scanlogpembagian3_nama="Head Office" dbg_scanlogverifymode="1" dbg_scanloginoutmode="1" dbg_scanlogwork_code="0" dbg_scanlogsn="FIO616202019511909" dbg_scanlogdevice_name="Head Office"></ROW>
    <ROW dbg_scanlogscan_date="2022-07-25T18:15:58" dbg_scanlogtgl="2022-07-25" dbg_scanlogjam="18:15:58" dbg_scanlogpin="25250" dbg_scanlogpegawai_nip="361" dbg_scanlogpegawai_nama="firdha" dbg_scanlogpembagian1_nama="" dbg_scanlogpembagian2_nama="Corporate Finance" dbg_scanlogpembagian3_nama="Head Office" dbg_scanlogverifymode="1" dbg_scanloginoutmode="2" dbg_scanlogwork_code="0" dbg_scanlogsn="FIO616202019511909" dbg_scanlogdevice_name="Head Office"></ROW>
    <ROW dbg_scanlogscan_date="2022-07-26T09:09:32" dbg_scanlogtgl="2022-07-26" dbg_scanlogjam="09:09:32" dbg_scanlogpin="25250" dbg_scanlogpegawai_nip="361" dbg_scanlogpegawai_nama="firdha" dbg_scanlogpembagian1_nama="" dbg_scanlogpembagian2_nama="Corporate Finance" dbg_scanlogpembagian3_nama="Head Office" dbg_scanlogverifymode="1" dbg_scanloginoutmode="1" dbg_scanlogwork_code="0" dbg_scanlogsn="FIO616202019511909" dbg_scanlogdevice_name="Head Office"></ROW>
    <ROW dbg_scanlogscan_date="2022-07-27T09:02:30" dbg_scanlogtgl="2022-07-27" dbg_scanlogjam="09:02:30" dbg_scanlogpin="25250" dbg_scanlogpegawai_nip="361" dbg_scanlogpegawai_nama="firdha" dbg_scanlogpembagian1_nama="" dbg_scanlogpembagian2_nama="Corporate Finance" dbg_scanlogpembagian3_nama="Head Office" dbg_scanlogverifymode="1" dbg_scanloginoutmode="1" dbg_scanlogwork_code="0" dbg_scanlogsn="FIO616202019511909" dbg_scanlogdevice_name="Head Office"></ROW>
    <ROW dbg_scanlogscan_date="2022-07-27T18:16:03" dbg_scanlogtgl="2022-07-27" dbg_scanlogjam="18:16:03" dbg_scanlogpin="25250" dbg_scanlogpegawai_nip="361" dbg_scanlogpegawai_nama="firdha" dbg_scanlogpembagian1_nama="" dbg_scanlogpembagian2_nama="Corporate Finance" dbg_scanlogpembagian3_nama="Head Office" dbg_scanlogverifymode="1" dbg_scanloginoutmode="2" dbg_scanlogwork_code="0" dbg_scanlogsn="FIO616202019511909" dbg_scanlogdevice_name="Head Office"></ROW>
    <ROW dbg_scanlogscan_date="2022-07-28T09:04:57" dbg_scanlogtgl="2022-07-28" dbg_scanlogjam="09:04:57" dbg_scanlogpin="25250" dbg_scanlogpegawai_nip="361" dbg_scanlogpegawai_nama="firdha" dbg_scanlogpembagian1_nama="" dbg_scanlogpembagian2_nama="Corporate Finance" dbg_scanlogpembagian3_nama="Head Office" dbg_scanlogverifymode="1" dbg_scanloginoutmode="1" dbg_scanlogwork_code="0" dbg_scanlogsn="FIO616202019511909" dbg_scanlogdevice_name="Head Office"></ROW>
    <ROW dbg_scanlogscan_date="2022-07-28T18:23:29" dbg_scanlogtgl="2022-07-28" dbg_scanlogjam="18:23:29" dbg_scanlogpin="25250" dbg_scanlogpegawai_nip="361" dbg_scanlogpegawai_nama="firdha" dbg_scanlogpembagian1_nama="" dbg_scanlogpembagian2_nama="Corporate Finance" dbg_scanlogpembagian3_nama="Head Office" dbg_scanlogverifymode="1" dbg_scanloginoutmode="2" dbg_scanlogwork_code="0" dbg_scanlogsn="FIO616202019511909" dbg_scanlogdevice_name="Head Office"></ROW>
    <ROW dbg_scanlogscan_date="2022-07-29T09:07:13" dbg_scanlogtgl="2022-07-29" dbg_scanlogjam="09:07:13" dbg_scanlogpin="25250" dbg_scanlogpegawai_nip="361" dbg_scanlogpegawai_nama="firdha" dbg_scanlogpembagian1_nama="" dbg_scanlogpembagian2_nama="Corporate Finance" dbg_scanlogpembagian3_nama="Head Office" dbg_scanlogverifymode="1" dbg_scanloginoutmode="1" dbg_scanlogwork_code="0" dbg_scanlogsn="FIO616202019511909" dbg_scanlogdevice_name="Head Office"></ROW>
    <ROW dbg_scanlogscan_date="2022-07-29T18:12:15" dbg_scanlogtgl="2022-07-29" dbg_scanlogjam="18:12:15" dbg_scanlogpin="25250" dbg_scanlogpegawai_nip="361" dbg_scanlogpegawai_nama="firdha" dbg_scanlogpembagian1_nama="" dbg_scanlogpembagian2_nama="Corporate Finance" dbg_scanlogpembagian3_nama="Head Office" dbg_scanlogverifymode="1" dbg_scanloginoutmode="2" dbg_scanlogwork_code="0" dbg_scanlogsn="FIO616202019511909" dbg_scanlogdevice_name="Head Office"></ROW>
    <ROW dbg_scanlogscan_date="2022-07-25T14:33:54" dbg_scanlogtgl="2022-07-25" dbg_scanlogjam="14:33:54" dbg_scanlogpin="189325" dbg_scanlogpegawai_nip="1231234" dbg_scanlogpegawai_nama="khairul" dbg_scanlogpembagian1_nama="" dbg_scanlogpembagian2_nama="Orcus-Erda" dbg_scanlogpembagian3_nama="" dbg_scanlogverifymode="1" dbg_scanloginoutmode="1" dbg_scanlogwork_code="0" dbg_scanlogsn="FIO616202019511909" dbg_scanlogdevice_name="Head Office"></ROW>
    <ROW dbg_scanlogscan_date="2022-07-25T18:21:51" dbg_scanlogtgl="2022-07-25" dbg_scanlogjam="18:21:51" dbg_scanlogpin="189325" dbg_scanlogpegawai_nip="1231234" dbg_scanlogpegawai_nama="khairul" dbg_scanlogpembagian1_nama="" dbg_scanlogpembagian2_nama="Orcus-Erda" dbg_scanlogpembagian3_nama="" dbg_scanlogverifymode="1" dbg_scanloginoutmode="2" dbg_scanlogwork_code="0" dbg_scanlogsn="FIO616202019511909" dbg_scanlogdevice_name="Head Office"></ROW>
    <ROW dbg_scanlogscan_date="2022-07-26T05:42:52" dbg_scanlogtgl="2022-07-26" dbg_scanlogjam="05:42:52" dbg_scanlogpin="189325" dbg_scanlogpegawai_nip="1231234" dbg_scanlogpegawai_nama="khairul" dbg_scanlogpembagian1_nama="" dbg_scanlogpembagian2_nama="Orcus-Erda" dbg_scanlogpembagian3_nama="" dbg_scanlogverifymode="1" dbg_scanloginoutmode="1" dbg_scanlogwork_code="0" dbg_scanlogsn="FIO616202019511909" dbg_scanlogdevice_name="Head Office"></ROW>
    <ROW dbg_scanlogscan_date="2022-07-26T15:14:20" dbg_scanlogtgl="2022-07-26" dbg_scanlogjam="15:14:20" dbg_scanlogpin="189325" dbg_scanlogpegawai_nip="1231234" dbg_scanlogpegawai_nama="khairul" dbg_scanlogpembagian1_nama="" dbg_scanlogpembagian2_nama="Orcus-Erda" dbg_scanlogpembagian3_nama="" dbg_scanlogverifymode="1" dbg_scanloginoutmode="2" dbg_scanlogwork_code="0" dbg_scanlogsn="FIO616202019511909" dbg_scanlogdevice_name="Head Office"></ROW>
    <ROW dbg_scanlogscan_date="2022-07-27T05:43:48" dbg_scanlogtgl="2022-07-27" dbg_scanlogjam="05:43:48" dbg_scanlogpin="189325" dbg_scanlogpegawai_nip="1231234" dbg_scanlogpegawai_nama="khairul" dbg_scanlogpembagian1_nama="" dbg_scanlogpembagian2_nama="Orcus-Erda" dbg_scanlogpembagian3_nama="" dbg_scanlogverifymode="1" dbg_scanloginoutmode="1" dbg_scanlogwork_code="0" dbg_scanlogsn="FIO616202019511909" dbg_scanlogdevice_name="Head Office"></ROW>
    <ROW dbg_scanlogscan_date="2022-07-27T15:13:33" dbg_scanlogtgl="2022-07-27" dbg_scanlogjam="15:13:33" dbg_scanlogpin="189325" dbg_scanlogpegawai_nip="1231234" dbg_scanlogpegawai_nama="khairul" dbg_scanlogpembagian1_nama="" dbg_scanlogpembagian2_nama="Orcus-Erda" dbg_scanlogpembagian3_nama="" dbg_scanlogverifymode="1" dbg_scanloginoutmode="2" dbg_scanlogwork_code="0" dbg_scanlogsn="FIO616202019511909" dbg_scanlogdevice_name="Head Office"></ROW>
    <ROW dbg_scanlogscan_date="2022-07-28T05:35:17" dbg_scanlogtgl="2022-07-28" dbg_scanlogjam="05:35:17" dbg_scanlogpin="189325" dbg_scanlogpegawai_nip="1231234" dbg_scanlogpegawai_nama="khairul" dbg_scanlogpembagian1_nama="" dbg_scanlogpembagian2_nama="Orcus-Erda" dbg_scanlogpembagian3_nama="" dbg_scanlogverifymode="1" dbg_scanloginoutmode="1" dbg_scanlogwork_code="0" dbg_scanlogsn="FIO616202019511909" dbg_scanlogdevice_name="Head Office"></ROW>
    <ROW dbg_scanlogscan_date="2022-07-28T15:08:37" dbg_scanlogtgl="2022-07-28" dbg_scanlogjam="15:08:37" dbg_scanlogpin="189325" dbg_scanlogpegawai_nip="1231234" dbg_scanlogpegawai_nama="khairul" dbg_scanlogpembagian1_nama="" dbg_scanlogpembagian2_nama="Orcus-Erda" dbg_scanlogpembagian3_nama="" dbg_scanlogverifymode="1" dbg_scanloginoutmode="2" dbg_scanlogwork_code="0" dbg_scanlogsn="FIO616202019511909" dbg_scanlogdevice_name="Head Office"></ROW>
    <ROW dbg_scanlogscan_date="2022-07-29T05:43:25" dbg_scanlogtgl="2022-07-29" dbg_scanlogjam="05:43:25" dbg_scanlogpin="189325" dbg_scanlogpegawai_nip="1231234" dbg_scanlogpegawai_nama="khairul" dbg_scanlogpembagian1_nama="" dbg_scanlogpembagian2_nama="Orcus-Erda" dbg_scanlogpembagian3_nama="" dbg_scanlogverifymode="1" dbg_scanloginoutmode="2" dbg_scanlogwork_code="0" dbg_scanlogsn="FIO616202019511909" dbg_scanlogdevice_name="Head Office"></ROW>
    <ROW dbg_scanlogscan_date="2022-07-29T15:10:31" dbg_scanlogtgl="2022-07-29" dbg_scanlogjam="15:10:31" dbg_scanlogpin="189325" dbg_scanlogpegawai_nip="1231234" dbg_scanlogpegawai_nama="khairul" dbg_scanlogpembagian1_nama="" dbg_scanlogpembagian2_nama="Orcus-Erda" dbg_scanlogpembagian3_nama="" dbg_scanlogverifymode="1" dbg_scanloginoutmode="1" dbg_scanlogwork_code="0" dbg_scanlogsn="FIO616202019511909" dbg_scanlogdevice_name="Head Office"></ROW>
  </ROWS>
</GRID>
